Reading and solving MPS file: ../test_set/relaxedInstances/relaxed_36.mps
Setting parameter method to 1
Setting parameter absolute_primal_tolerance to 1.000000e-06
cuOpt version: 25.12.0, git hash: d97ff6b, host arch: x86_64, device archs: 75-real,80-real,86-real,90a-real,100f-real,120a-real,120
CPU: AMD EPYC 7B12 64-Core Processor, threads (physical/logical): 24/24, RAM: 34.47 GiB
CUDA 13.0, device: NVIDIA L40S (ID 0), VRAM: 47.37 GiB
CUDA device UUID: 74ffffffd2ffffffe65f-2bfffffffe-ffff

Solving a problem with 5975 constraints, 8375 variables (0 integers), and 22675 nonzeros
Problem scaling:
Objective coefficents range:          [1e+00, 1e+00]
Constraint matrix coefficients range: [1e+00, 1e+00]
Constraint rhs / bounds range:        [1e+00, 1e+00]
Variable bounds range:                [0e+00, 1e+00]

Third-party presolve is disabled, skipping
Objective offset 1185.000000 scaling_factor 1.000000
   Iter    Primal Obj.      Dual Obj.    Gap        Primal Res.  Dual Res.   Time
      0 +1.18500000e+03 +1.18500000e+03  0.00e+00   3.43e+01     6.93e+01   0.213s
    620 +3.16000264e-05 +2.47320345e-05  6.87e-06   6.90e-05     2.33e-05   0.258s
LP Solver status:                Optimal
Primal objective:                +3.16000264e-05
Dual objective:                  +2.47320345e-05
Duality gap (abs/rel):           +6.87e-06 / +6.87e-06
Primal infeasibility (abs/rel):  +6.90e-05 / +1.38e-06
Dual infeasibility (abs/rel):    +2.33e-05 / +3.31e-07
PDLP finished
Status: Optimal   Objective: 3.16000264e-05  Iterations: 620  Time: 0.208s, Total time 0.261s

Results:
--------
Number of variables: 8375
Termination status: Optimal (1)
Solve time: 0.260530 seconds
Objective value: 0.000032

Solver completed successfully!
