Reading and solving MPS file: ../test_set/relaxedInstances/relaxed_04.mps
Setting parameter method to 1
Setting parameter absolute_primal_tolerance to 1.000000e-06
cuOpt version: 25.12.0, git hash: d97ff6b, host arch: x86_64, device archs: 75-real,80-real,86-real,90a-real,100f-real,120a-real,120
CPU: AMD EPYC 7B12 64-Core Processor, threads (physical/logical): 24/24, RAM: 34.57 GiB
CUDA 13.0, device: NVIDIA L40S (ID 0), VRAM: 47.37 GiB
CUDA device UUID: 74ffffffd2ffffffe65f-2bfffffffe-ffff

Solving a problem with 11818 constraints, 19061 variables (0 integers), and 325135 nonzeros
Problem scaling:
Objective coefficents range:          [1e+00, 1e+00]
Constraint matrix coefficients range: [1e-01, 9e+02]
Constraint rhs / bounds range:        [1e+00, 3e+01]
Variable bounds range:                [1e+00, 4e+04]

Third-party presolve is disabled, skipping
Objective offset 0.000000 scaling_factor 1.000000
   Iter    Primal Obj.      Dual Obj.    Gap        Primal Res.  Dual Res.   Time
      0 +0.00000000e+00 +0.00000000e+00  0.00e+00   4.15e+01     1.00e+00   0.117s
   1000 +4.49224903e+02 +6.72257809e+02  2.23e+02   3.78e+01     5.88e-01   0.192s
   2000 +1.14723097e+03 +6.45020807e+02  5.02e+02   8.76e+01     4.50e-01   0.227s
   3000 +2.79394660e+03 +6.03364144e+02  2.19e+03   1.49e+02     3.39e-01   0.263s
   4000 +4.47868804e+03 +5.64135303e+02  3.91e+03   1.86e+02     2.42e-01   0.298s
   5000 +6.11110217e+03 +5.28359029e+02  5.58e+03   3.06e+02     1.71e-01   0.333s
   6000 +7.07672460e+03 +4.90657961e+02  6.59e+03   3.93e+02     1.11e-01   0.369s
   7000 +7.79315224e+03 +4.57388041e+02  7.34e+03   6.07e+02     6.07e-02   0.405s
   8000 +7.89933116e+03 +4.20487570e+02  7.48e+03   6.42e+02     2.55e-02   0.440s
   9000 +7.60342212e+03 +3.82385339e+02  7.22e+03   6.60e+02     1.99e-02   0.475s
  10000 +7.31678111e+03 +3.04639808e+02  7.01e+03   8.14e+02     9.72e-02   0.510s
  11000 +6.76242360e+03 +2.50686756e+02  6.51e+03   7.40e+02     1.26e-01   0.544s
  12000 +6.09836138e+03 +2.07656691e+02  5.89e+03   6.02e+02     1.48e-01   0.578s
  13000 +5.33506634e+03 +1.74760170e+02  5.16e+03   6.50e+02     1.64e-01   0.612s
  14000 +4.52470384e+03 +1.51566329e+02  4.37e+03   4.87e+02     1.72e-01   0.646s
  15000 +3.90370666e+03 +1.25035612e+02  3.78e+03   8.83e+02     1.74e-01   0.681s
  16000 +3.36645816e+03 +1.03177774e+02  3.26e+03   4.35e+02     1.86e-01   0.715s
  17000 +2.80926053e+03 +9.06060164e+01  2.72e+03   3.31e+02     1.89e-01   0.749s
  18000 +2.26280544e+03 +8.22990453e+01  2.18e+03   2.70e+02     1.85e-01   0.783s
  19000 +1.74218370e+03 +7.87829559e+01  1.66e+03   2.10e+02     1.80e-01   0.816s
  20000 +1.24561337e+03 +7.98051584e+01  1.17e+03   1.45e+02     1.75e-01   0.850s
  21000 +7.70315291e+02 +8.55479249e+01  6.85e+02   8.74e+01     1.70e-01   0.884s
  22000 +3.14127395e+02 +9.53553310e+01  2.19e+02   5.25e+01     1.65e-01   0.918s
  23000 +3.12000000e+02 +3.16329207e+02  4.33e+00   1.22e+02     2.23e-03   0.952s
  24000 +3.12000000e+02 +3.19648920e+02  7.65e+00   4.27e+01     1.08e-03   0.986s
  25000 +3.12000000e+02 +3.20442473e+02  8.44e+00   4.06e+01     1.02e-03   1.020s
  26000 +3.12000000e+02 +3.21167265e+02  9.17e+00   4.09e+01     9.59e-04   1.054s
  27000 +3.12000000e+02 +3.21761159e+02  9.76e+00   4.00e+01     8.79e-04   1.088s
  28000 +3.12000000e+02 +3.22220176e+02  1.02e+01   4.07e+01     8.05e-04   1.122s
  29000 +3.12000000e+02 +3.22626292e+02  1.06e+01   3.78e+01     7.50e-04   1.157s
  30000 +3.12000000e+02 +3.23026215e+02  1.10e+01   3.68e+01     7.10e-04   1.193s
  31000 +3.12000000e+02 +3.23357339e+02  1.14e+01   3.61e+01     6.79e-04   1.227s
  32000 +3.12000000e+02 +3.23699680e+02  1.17e+01   3.69e+01     6.56e-04   1.261s
  33000 +3.12000000e+02 +3.25617361e+02  1.36e+01   3.62e+01     1.34e-02   1.296s
  34000 +3.12000000e+02 +3.28907339e+02  1.69e+01   2.83e+01     8.24e-03   1.329s
  35000 +3.12000000e+02 +3.31694515e+02  1.97e+01   2.67e+01     6.01e-03   1.363s
  36000 +3.12000000e+02 +3.34089442e+02  2.21e+01   2.48e+01     4.91e-03   1.397s
  37000 +3.12000000e+02 +3.36315724e+02  2.43e+01   2.34e+01     4.09e-03   1.432s
  38000 +3.12000000e+02 +3.38386065e+02  2.64e+01   2.32e+01     3.78e-03   1.466s
  39000 +3.12000000e+02 +3.40519309e+02  2.85e+01   2.28e+01     3.20e-03   1.500s
  40000 +3.12000000e+02 +3.42584611e+02  3.06e+01   2.23e+01     2.89e-03   1.534s
  41000 +3.12000000e+02 +3.44569979e+02  3.26e+01   2.21e+01     2.70e-03   1.568s
  42000 +3.12000000e+02 +3.46558030e+02  3.46e+01   2.18e+01     2.54e-03   1.602s
  43000 +3.12000000e+02 +3.48528671e+02  3.65e+01   2.22e+01     2.37e-03   1.637s
  44000 +3.12000000e+02 +3.50402297e+02  3.84e+01   2.08e+01     2.54e-03   1.671s
  45000 +3.12000000e+02 +3.52305920e+02  4.03e+01   2.05e+01     2.09e-03   1.705s
  46000 +3.12000000e+02 +3.54146271e+02  4.21e+01   2.01e+01     1.98e-03   1.740s
  47000 +3.12000000e+02 +3.55993002e+02  4.40e+01   2.02e+01     1.88e-03   1.774s
  48000 +3.12000000e+02 +3.57801021e+02  4.58e+01   2.03e+01     1.76e-03   1.808s
  49000 +3.12017107e+02 +3.90645810e+02  7.86e+01   1.95e+01     9.56e-02   1.842s
  50000 +3.15874739e+02 +5.51809064e+02  2.36e+02   1.84e+01     2.65e-01   1.876s
  51000 +3.25385519e+02 +6.67685531e+02  3.42e+02   1.73e+01     4.40e-01   1.910s
  52000 +3.39577511e+02 +7.98490013e+02  4.59e+02   1.53e+01     6.67e-01   1.944s
  53000 +3.59106648e+02 +8.89689662e+02  5.31e+02   1.30e+01     8.28e-01   1.978s
  54000 +3.80106859e+02 +9.40540230e+02  5.60e+02   1.01e+01     8.55e-01   2.012s
  55000 +3.98040964e+02 +9.47525426e+02  5.49e+02   8.37e+00     7.53e-01   2.046s
  56000 +4.11067786e+02 +9.10103093e+02  4.99e+02   6.96e+00     6.34e-01   2.080s
  57000 +4.19961238e+02 +8.57700930e+02  4.38e+02   5.91e+00     5.25e-01   2.114s
  58000 +4.26060053e+02 +7.98781269e+02  3.73e+02   5.51e+00     4.66e-01   2.148s
  59000 +4.30777112e+02 +7.37853258e+02  3.07e+02   4.81e+00     4.04e-01   2.183s
  60000 +4.33631182e+02 +6.80344390e+02  2.47e+02   4.64e+00     3.30e-01   2.217s
  61000 +4.34583778e+02 +6.31773658e+02  1.97e+02   4.68e+00     2.72e-01   2.251s
  62000 +4.34491531e+02 +5.93908041e+02  1.59e+02   4.84e+00     2.30e-01   2.285s
  63000 +4.39043029e+02 +5.85251500e+02  1.46e+02   4.18e+00     2.22e-01   2.319s
  64000 +4.44775913e+02 +5.78268644e+02  1.33e+02   3.78e+00     2.13e-01   2.353s
  65000 +4.49794725e+02 +5.66151693e+02  1.16e+02   3.33e+00     1.90e-01   2.387s
  66000 +4.53720586e+02 +5.48677507e+02  9.50e+01   3.02e+00     1.58e-01   2.421s
  67000 +4.56276634e+02 +5.28695323e+02  7.24e+01   3.02e+00     1.21e-01   2.455s
  68000 +4.57383616e+02 +5.07772802e+02  5.04e+01   2.77e+00     8.29e-02   2.489s
  69000 +4.57107989e+02 +4.87100921e+02  3.00e+01   2.78e+00     4.62e-02   2.523s
  70000 +4.55620223e+02 +4.68223878e+02  1.26e+01   2.92e+00     1.54e-02   2.557s
  71000 +4.53303900e+02 +4.52709406e+02  5.94e-01   3.05e+00     1.06e-02   2.591s
  72000 +4.50442647e+02 +4.43757373e+02  6.69e+00   3.19e+00     2.75e-02   2.625s
  73000 +4.47301039e+02 +4.39703574e+02  7.60e+00   3.41e+00     3.69e-02   2.659s
  74000 +4.44311157e+02 +4.40204153e+02  4.11e+00   3.59e+00     3.72e-02   2.693s
  75000 +4.41840803e+02 +4.44693664e+02  2.85e+00   3.86e+00     2.99e-02   2.727s
  76000 +4.40189973e+02 +4.52079604e+02  1.19e+01   4.07e+00     1.54e-02   2.761s
  77000 +4.39965872e+02 +4.64832574e+02  2.49e+01   3.81e+00     8.95e-03   2.795s
  78000 +4.40059210e+02 +4.79998208e+02  3.99e+01   3.81e+00     3.09e-02   2.829s
  79000 +4.40250965e+02 +4.93769932e+02  5.35e+01   3.80e+00     5.19e-02   2.863s
  80000 +4.40521171e+02 +5.05360823e+02  6.48e+01   3.77e+00     6.86e-02   2.897s
  81000 +4.40842703e+02 +5.14228074e+02  7.34e+01   3.75e+00     7.95e-02   2.930s
  82000 +4.41185001e+02 +5.20313655e+02  7.91e+01   3.72e+00     8.50e-02   2.964s
  83000 +4.41521493e+02 +5.23800373e+02  8.23e+01   3.70e+00     8.43e-02   2.998s
  84000 +4.41826232e+02 +5.25236188e+02  8.34e+01   3.67e+00     7.86e-02   3.033s
  85000 +4.42103627e+02 +5.26636194e+02  8.45e+01   3.66e+00     8.91e-02   3.067s
  86000 +4.42392499e+02 +5.33555235e+02  9.12e+01   3.63e+00     9.21e-02   3.101s
  87000 +4.42870352e+02 +5.62279610e+02  1.19e+02   3.61e+00     1.47e-01   3.135s
  88000 +4.43712110e+02 +5.93064497e+02  1.49e+02   3.54e+00     2.05e-01   3.170s
  89000 +4.44887453e+02 +6.22692282e+02  1.78e+02   3.44e+00     2.62e-01   3.204s
  90000 +4.46363842e+02 +6.50800208e+02  2.04e+02   3.33e+00     3.17e-01   3.238s
  91000 +4.48109885e+02 +6.77088405e+02  2.29e+02   3.20e+00     3.70e-01   3.272s
  92000 +4.50094479e+02 +7.01292921e+02  2.51e+02   3.05e+00     4.18e-01   3.306s
  93000 +4.52286349e+02 +7.23188094e+02  2.71e+02   2.88e+00     4.60e-01   3.340s
  94000 +4.54653916e+02 +7.42600389e+02  2.88e+02   2.71e+00     4.99e-01   3.374s
  95000 +4.57165216e+02 +7.59398300e+02  3.02e+02   2.51e+00     5.33e-01   3.409s
  96000 +4.59788239e+02 +7.73486566e+02  3.14e+02   2.32e+00     5.60e-01   3.443s
  97000 +4.62491097e+02 +7.84779253e+02  3.22e+02   2.11e+00     5.82e-01   3.478s
  98000 +4.65242254e+02 +7.93209331e+02  3.28e+02   1.90e+00     5.99e-01   3.512s
  99000 +4.68010473e+02 +7.98824889e+02  3.31e+02   1.69e+00     6.10e-01   3.546s
 100000 +4.70765873e+02 +8.01707726e+02  3.31e+02   1.48e+00     6.16e-01   3.581s
 101000 +4.73479564e+02 +8.01860904e+02  3.28e+02   1.28e+00     6.16e-01   3.615s
 102000 +4.76124104e+02 +7.99405367e+02  3.23e+02   1.08e+00     6.11e-01   3.649s
 103000 +4.78673723e+02 +7.94458390e+02  3.16e+02   8.84e-01     6.01e-01   3.683s
 104000 +4.81104069e+02 +7.87205934e+02  3.06e+02   7.00e-01     5.87e-01   3.717s
 105000 +4.83394313e+02 +7.77835381e+02  2.94e+02   5.26e-01     5.68e-01   3.751s
 106000 +4.85525118e+02 +7.66404890e+02  2.81e+02   3.65e-01     5.45e-01   3.785s
 107000 +4.87479808e+02 +7.53296317e+02  2.66e+02   2.16e-01     5.20e-01   3.819s
 108000 +4.89244823e+02 +7.38782029e+02  2.50e+02   8.27e-02     4.91e-01   3.855s
 109000 +4.90809084e+02 +7.22918175e+02  2.32e+02   1.41e-02     4.60e-01   3.889s
 110000 +4.92164195e+02 +7.06060795e+02  2.14e+02   4.80e-02     4.26e-01   3.923s
 111000 +4.93305161e+02 +6.88560535e+02  1.95e+02   7.55e-02     3.92e-01   3.958s
 112000 +4.94229739e+02 +6.70490552e+02  1.76e+02   1.01e-01     3.56e-01   3.993s
 113000 +4.94938188e+02 +6.52144213e+02  1.57e+02   1.18e-01     3.20e-01   4.027s
 114000 +4.95434007e+02 +6.33950430e+02  1.39e+02   1.30e-01     2.84e-01   4.061s
 115000 +4.95723244e+02 +6.15853751e+02  1.20e+02   1.38e-01     2.48e-01   4.095s
 116000 +4.95814032e+02 +5.98268949e+02  1.02e+02   1.41e-01     2.13e-01   4.129s
 117000 +4.96140605e+02 +5.86969445e+02  9.08e+01   1.48e-01     1.91e-01   4.163s
 118000 +4.97021950e+02 +5.83985987e+02  8.70e+01   1.70e-01     1.85e-01   4.197s
 119000 +4.97860461e+02 +5.80491234e+02  8.26e+01   1.92e-01     1.78e-01   4.231s
 120000 +4.98648966e+02 +5.76375416e+02  7.77e+01   2.12e-01     1.70e-01   4.265s
 121000 +4.99381166e+02 +5.71918772e+02  7.25e+01   2.31e-01     1.61e-01   4.299s
 122000 +5.00051094e+02 +5.66906765e+02  6.69e+01   2.49e-01     1.51e-01   4.334s
 123000 +5.00653220e+02 +5.61630272e+02  6.10e+01   2.64e-01     1.41e-01   4.368s
 124000 +5.01183132e+02 +5.55932745e+02  5.47e+01   2.77e-01     1.29e-01   4.402s
 125000 +5.01637011e+02 +5.50043687e+02  4.84e+01   2.89e-01     1.18e-01   4.437s
 126000 +5.02011936e+02 +5.43868995e+02  4.19e+01   2.99e-01     1.06e-01   4.470s
 127000 +5.02305784e+02 +5.37597318e+02  3.53e+01   3.06e-01     9.31e-02   4.504s
 128000 +5.02517338e+02 +5.31177331e+02  2.87e+01   3.11e-01     8.06e-02   4.539s
 129000 +5.02646275e+02 +5.24773407e+02  2.21e+01   3.15e-01     6.79e-02   4.573s
 130000 +5.02693129e+02 +5.18344861e+02  1.57e+01   3.16e-01     5.53e-02   4.607s
 131000 +5.02659351e+02 +5.12035708e+02  9.38e+00   3.15e-01     4.28e-02   4.641s
 132000 +5.02547151e+02 +5.05826262e+02  3.28e+00   3.12e-01     3.06e-02   4.675s
 133000 +5.02359621e+02 +4.99844663e+02  2.51e+00   3.08e-01     1.88e-02   4.710s
 134000 +5.02100561e+02 +4.94082724e+02  8.02e+00   3.01e-01     7.45e-03   4.745s
 135000 +5.01774446e+02 +4.88624452e+02  1.31e+01   2.93e-01     3.52e-03   4.779s
 136000 +5.01386424e+02 +4.83496288e+02  1.79e+01   2.83e-01     1.36e-02   4.813s
 137000 +5.00942248e+02 +4.78735754e+02  2.22e+01   2.71e-01     2.30e-02   4.847s
 138000 +5.00448174e+02 +4.74376643e+02  2.61e+01   2.65e-01     3.16e-02   4.881s
 139000 +4.99910879e+02 +4.70447419e+02  2.95e+01   2.46e-01     3.94e-02   4.915s
 140000 +4.99337349e+02 +4.66970023e+02  3.24e+01   2.33e-01     4.63e-02   4.949s
 141000 +4.98734802e+02 +4.63961017e+02  3.48e+01   2.13e-01     5.22e-02   4.983s
 142000 +4.98110595e+02 +4.61432292e+02  3.67e+01   1.96e-01     5.72e-02   5.016s
 143000 +4.97472134e+02 +4.59389214e+02  3.81e+01   1.82e-01     6.12e-02   5.050s
 144000 +4.96826778e+02 +4.57831164e+02  3.90e+01   1.64e-01     6.43e-02   5.086s
 145000 +4.96181754e+02 +4.56752523e+02  3.94e+01   1.49e-01     6.65e-02   5.121s
 146000 +4.95544068e+02 +4.56142004e+02  3.94e+01   1.31e-01     6.77e-02   5.155s
 147000 +4.94920421e+02 +4.55982685e+02  3.89e+01   1.14e-01     6.80e-02   5.190s
 148000 +4.94317133e+02 +4.56253252e+02  3.81e+01   1.02e-01     6.75e-02   5.223s
 149000 +4.93740073e+02 +4.56928440e+02  3.68e+01   8.47e-02     6.61e-02   5.257s
 150000 +4.93194593e+02 +4.57977758e+02  3.52e+01   7.41e-02     6.40e-02   5.291s
 151000 +4.92685476e+02 +4.59367836e+02  3.33e+01   6.08e-02     6.13e-02   5.326s
 152000 +4.92216883e+02 +4.61062411e+02  3.12e+01   4.80e-02     5.79e-02   5.360s
 153000 +4.91792321e+02 +4.63022444e+02  2.88e+01   3.96e-02     5.41e-02   5.395s
 154000 +4.91414608e+02 +4.65206540e+02  2.62e+01   2.63e-02     4.97e-02   5.429s
 155000 +4.91085858e+02 +4.67572964e+02  2.35e+01   1.91e-02     4.51e-02   5.463s
 156000 +4.90847611e+02 +4.69406857e+02  2.14e+01   1.28e-02     4.14e-02   5.497s
 157000 +4.90788627e+02 +4.68673122e+02  2.21e+01   1.14e-02     4.29e-02   5.531s
 158000 +4.90727262e+02 +4.68068309e+02  2.27e+01   9.79e-03     4.41e-02   5.565s
 159000 +4.90664060e+02 +4.67597316e+02  2.31e+01   8.17e-03     4.50e-02   5.601s
 160000 +4.90599582e+02 +4.67263594e+02  2.33e+01   6.53e-03     4.57e-02   5.636s
 161000 +4.90534401e+02 +4.67069136e+02  2.35e+01   4.86e-03     4.61e-02   5.671s
 162000 +4.90469094e+02 +4.67014520e+02  2.35e+01   3.18e-03     4.62e-02   5.705s
 163000 +4.90404235e+02 +4.67098827e+02  2.33e+01   1.52e-03     4.60e-02   5.740s
 164000 +4.90340393e+02 +4.67319692e+02  2.30e+01   3.23e-04     4.56e-02   5.774s
 165000 +4.90278116e+02 +4.67673349e+02  2.26e+01   5.05e-03     4.49e-02   5.808s
 166000 +4.90217934e+02 +4.68154639e+02  2.21e+01   9.61e-03     4.39e-02   5.842s
 167000 +4.90160349e+02 +4.68757081e+02  2.14e+01   1.40e-02     4.27e-02   5.877s
 168000 +4.90105828e+02 +4.69473034e+02  2.06e+01   1.81e-02     4.13e-02   5.911s
 169000 +4.90054799e+02 +4.70293749e+02  1.98e+01   2.20e-02     3.97e-02   5.945s
 170000 +4.90007650e+02 +4.71209437e+02  1.88e+01   2.56e-02     3.79e-02   5.979s
 171000 +4.89964718e+02 +4.72209454e+02  1.78e+01   2.88e-02     3.59e-02   6.014s
 172000 +4.89926289e+02 +4.73282444e+02  1.66e+01   3.17e-02     3.38e-02   6.047s
 173000 +4.89892599e+02 +4.74416448e+02  1.55e+01   3.43e-02     3.15e-02   6.081s
 174000 +4.89863825e+02 +4.75599054e+02  1.43e+01   3.65e-02     2.92e-02   6.115s
 175000 +4.89840087e+02 +4.76817574e+02  1.30e+01   3.83e-02     2.68e-02   6.149s
 176000 +4.89821448e+02 +4.78059182e+02  1.18e+01   3.97e-02     2.43e-02   6.183s
 177000 +4.89807914e+02 +4.79311080e+02  1.05e+01   4.07e-02     2.18e-02   6.217s
 178000 +4.89799433e+02 +4.80560657e+02  9.24e+00   4.14e-02     1.94e-02   6.251s
 179000 +4.89795898e+02 +4.81795618e+02  8.00e+00   4.16e-02     1.69e-02   6.286s
 180000 +4.89797149e+02 +4.83004131e+02  6.79e+00   4.15e-02     1.45e-02   6.320s
 181000 +4.89802976e+02 +4.84174984e+02  5.63e+00   4.11e-02     1.22e-02   6.354s
 182000 +4.89813123e+02 +4.85297701e+02  4.52e+00   4.03e-02     9.99e-03   6.388s
 183000 +4.89827290e+02 +4.86362642e+02  3.46e+00   3.92e-02     7.88e-03   6.422s
 184000 +4.89845141e+02 +4.87361120e+02  2.48e+00   3.79e-02     5.90e-03   6.457s
 185000 +4.89866305e+02 +4.88285484e+02  1.58e+00   3.63e-02     4.08e-03   6.491s
 186000 +4.89890384e+02 +4.89129193e+02  7.61e-01   3.45e-02     2.41e-03   6.524s
 187000 +4.89916960e+02 +4.89886875e+02  3.01e-02   3.24e-02     9.13e-04   6.558s
 188000 +4.89945595e+02 +4.90554371e+02  6.09e-01   3.03e-02     4.28e-04   6.592s
 189000 +4.89975844e+02 +4.91128743e+02  1.15e+00   2.80e-02     1.55e-03   6.627s
 190000 +4.90007254e+02 +4.91608302e+02  1.60e+00   2.56e-02     2.50e-03   6.661s
 191000 +4.90039378e+02 +4.91992595e+02  1.95e+00   2.32e-02     3.26e-03   6.696s
 192000 +4.90071772e+02 +4.92282369e+02  2.21e+00   2.07e-02     3.83e-03   6.730s
 193000 +4.90104006e+02 +4.92479537e+02  2.38e+00   1.83e-02     4.22e-03   6.764s
 194000 +4.90135670e+02 +4.92587131e+02  2.45e+00   1.59e-02     4.44e-03   6.798s
 195000 +4.90166375e+02 +4.92609220e+02  2.44e+00   1.35e-02     4.48e-03   6.832s
 196000 +4.90176237e+02 +4.92906432e+02  2.73e+00   1.28e-02     5.07e-03   6.866s
 197000 +4.90181943e+02 +4.93270290e+02  3.09e+00   1.23e-02     5.79e-03   6.900s
 198000 +4.90188569e+02 +4.93615186e+02  3.43e+00   1.18e-02     6.47e-03   6.934s
 199000 +4.90196050e+02 +4.93938181e+02  3.74e+00   1.13e-02     7.11e-03   6.969s
 200000 +4.90204319e+02 +4.94236576e+02  4.03e+00   1.06e-02     7.70e-03   7.003s
 201000 +4.90213295e+02 +4.94507940e+02  4.29e+00   9.96e-03     8.24e-03   7.036s
 202000 +4.90222894e+02 +4.94750141e+02  4.53e+00   9.23e-03     8.72e-03   7.070s
 203000 +4.90233024e+02 +4.94961369e+02  4.73e+00   8.47e-03     9.13e-03   7.104s
 204000 +4.90243590e+02 +4.95140153e+02  4.90e+00   7.66e-03     9.49e-03   7.139s
 205000 +4.90254491e+02 +4.95285378e+02  5.03e+00   6.84e-03     9.78e-03   7.173s
 206000 +4.90265624e+02 +4.95396297e+02  5.13e+00   5.99e-03     1.00e-02   7.207s
 207000 +4.90276887e+02 +4.95472533e+02  5.20e+00   5.14e-03     1.01e-02   7.241s
 208000 +4.90288174e+02 +4.95514083e+02  5.23e+00   4.28e-03     1.02e-02   7.275s
 209000 +4.90299384e+02 +4.95521317e+02  5.22e+00   3.43e-03     1.02e-02   7.309s
 210000 +4.90310417e+02 +4.95494963e+02  5.18e+00   2.60e-03     1.02e-02   7.344s
 211000 +4.90321174e+02 +4.95436100e+02  5.11e+00   1.78e-03     1.01e-02   7.378s
 212000 +4.90331565e+02 +4.95346141e+02  5.01e+00   9.92e-04     9.90e-03   7.412s
 213000 +4.90341502e+02 +4.95226809e+02  4.89e+00   2.39e-04     9.66e-03   7.447s
 214000 +4.90350905e+02 +4.95080114e+02  4.73e+00   1.60e-04     9.37e-03   7.482s
 215000 +4.90359702e+02 +4.94908326e+02  4.55e+00   3.85e-04     9.03e-03   7.516s
 216000 +4.90367829e+02 +4.94713942e+02  4.35e+00   5.93e-04     8.64e-03   7.550s
 217000 +4.90375230e+02 +4.94499655e+02  4.12e+00   7.83e-04     8.22e-03   7.584s
 218000 +4.90381860e+02 +4.94268315e+02  3.89e+00   9.53e-04     7.76e-03   7.617s
 219000 +4.90387681e+02 +4.94022894e+02  3.64e+00   1.10e-03     7.28e-03   7.651s
 220000 +4.90392668e+02 +4.93766448e+02  3.37e+00   1.23e-03     6.77e-03   7.686s
 221000 +4.90396804e+02 +4.93502077e+02  3.11e+00   1.34e-03     6.25e-03   7.721s
 222000 +4.90400085e+02 +4.93232885e+02  2.83e+00   1.42e-03     5.71e-03   7.756s
 223000 +4.90402514e+02 +4.92961945e+02  2.56e+00   1.48e-03     5.18e-03   7.790s
 224000 +4.90404105e+02 +4.92692258e+02  2.29e+00   1.52e-03     4.64e-03   7.825s
 225000 +4.90404882e+02 +4.92426722e+02  2.02e+00   1.54e-03     4.12e-03   7.860s
 226000 +4.90404876e+02 +4.92168092e+02  1.76e+00   1.54e-03     3.61e-03   7.894s
 227000 +4.90404130e+02 +4.91918952e+02  1.51e+00   1.52e-03     3.11e-03   7.927s
 228000 +4.90402691e+02 +4.91681686e+02  1.28e+00   1.49e-03     2.65e-03   7.961s
 229000 +4.90400615e+02 +4.91458452e+02  1.06e+00   1.43e-03     2.20e-03   7.996s
 230000 +4.90397961e+02 +4.91251161e+02  8.53e-01   1.36e-03     1.79e-03   8.031s
 231000 +4.90394798e+02 +4.91061457e+02  6.67e-01   1.28e-03     1.42e-03   8.066s
 232000 +4.90391193e+02 +4.90890702e+02  5.00e-01   1.19e-03     1.08e-03   8.101s
 233000 +4.90387222e+02 +4.90739968e+02  3.53e-01   1.09e-03     7.82e-04   8.136s
 234000 +4.90382958e+02 +4.90610030e+02  2.27e-01   9.81e-04     5.25e-04   8.170s
 235000 +4.90380801e+02 +4.90532793e+02  1.52e-01   9.25e-04     3.72e-04   8.204s
 236000 +4.90381925e+02 +4.90508413e+02  1.26e-01   9.54e-04     3.24e-04   8.238s
 237000 +4.90382827e+02 +4.90483178e+02  1.00e-01   9.77e-04     2.74e-04   8.272s
 238000 +4.90383501e+02 +4.90457311e+02  7.38e-02   9.95e-04     2.23e-04   8.306s
 238600 +4.90383793e+02 +4.90441583e+02  5.78e-02   1.00e-03     1.92e-04   8.327s
LP Solver status:                Optimal
Primal objective:                +4.90383793e+02
Dual objective:                  +4.90441583e+02
Duality gap (abs/rel):           +5.78e-02 / +5.89e-05
Primal infeasibility (abs/rel):  +1.00e-03 / +2.36e-05
Dual infeasibility (abs/rel):    +1.92e-04 / +9.59e-05
PDLP finished
Status: Optimal   Objective: 4.90383793e+02  Iterations: 238600  Time: 8.272s, Total time 8.332s

Results:
--------
Number of variables: 19061
Termination status: Optimal (1)
Solve time: 8.331937 seconds
Objective value: 490.383793

Solver completed successfully!
