Reading and solving MPS file: ../test_set/relaxedInstances/relaxed_33.mps
Setting parameter method to 1
Setting parameter absolute_primal_tolerance to 1.000000e-06
cuOpt version: 25.12.0, git hash: d97ff6b, host arch: x86_64, device archs: 75-real,80-real,86-real,90a-real,100f-real,120a-real,120
CPU: AMD EPYC 7B12 64-Core Processor, threads (physical/logical): 24/24, RAM: 34.06 GiB
CUDA 13.0, device: NVIDIA L40S (ID 0), VRAM: 47.37 GiB
CUDA device UUID: 74ffffffd2ffffffe65f-2bfffffffe-ffff

Solving a problem with 1441107 constraints, 162005 variables (0 integers), and 3224336 nonzeros
Problem scaling:
Objective coefficents range:          [9e-06, 1e+00]
Constraint matrix coefficients range: [1e+00, 1e+02]
Constraint rhs / bounds range:        [0e+00, 2e+04]
Variable bounds range:                [0e+00, 5e+05]

Third-party presolve is disabled, skipping
Objective offset 0.000000 scaling_factor 1.000000
   Iter    Primal Obj.      Dual Obj.    Gap        Primal Res.  Dual Res.   Time
      0 +0.00000000e+00 +0.00000000e+00  0.00e+00   0.00e+00     1.04e+02   0.376s
   1000 -1.11197259e+03 -5.54799405e+02  5.57e+02   4.09e+03     5.35e-02   0.668s
   2000 -1.37361517e+03 -5.97646190e+02  7.76e+02   4.95e+03     3.71e-02   0.884s
   3000 -1.99284770e+03 -8.30240674e+02  1.16e+03   4.14e+04     5.31e-02   1.100s
   4000 -2.86479164e+03 -1.17076246e+03  1.69e+03   2.44e+04     2.02e-02   1.317s
   5000 -3.60230754e+03 -1.46711512e+03  2.14e+03   1.41e+04     1.61e-02   1.534s
   6000 -4.41526413e+03 -1.77724751e+03  2.64e+03   7.11e+03     7.70e-03   1.751s
   7000 -5.92655241e+03 -2.28128574e+03  3.65e+03   2.22e+04     7.84e-03   1.975s
   8000 -7.09418286e+03 -2.63383795e+03  4.46e+03   3.62e+04     7.59e-03   2.198s
   9000 -9.13530264e+03 -3.91935392e+03  5.22e+03   6.07e+04     5.24e-03   2.423s
  10000 -1.07904009e+04 -8.33191545e+03  2.46e+03   4.83e+04     5.38e-03   2.644s
  11000 -1.08082550e+04 -1.09594806e+04  1.51e+02   3.49e+04     2.18e-03   2.862s
  12000 -1.08083269e+04 -1.09581749e+04  1.50e+02   3.03e+04     1.82e-03   3.081s
  13000 -1.08017228e+04 -1.09080761e+04  1.06e+02   2.64e+04     1.70e-03   3.300s
  14000 -1.08008596e+04 -1.08872636e+04  8.64e+01   2.54e+04     1.61e-03   3.518s
  15000 -1.08006244e+04 -1.08528627e+04  5.22e+01   2.44e+04     1.56e-03   3.737s
  16000 -1.08016216e+04 -1.08414618e+04  3.98e+01   2.33e+04     1.41e-03   3.957s
  17000 -1.08000237e+04 -1.08119481e+04  1.19e+01   2.27e+04     1.34e-03   4.175s
  18000 -1.07399025e+04 -1.26473431e+04  1.91e+03   1.75e+04     1.09e-02   4.395s
  19000 -1.07191456e+04 -1.37437483e+04  3.02e+03   1.17e+04     7.04e-03   4.612s
  20000 -1.07003443e+04 -1.39586035e+04  3.26e+03   4.87e+03     5.75e-03   4.829s
  21000 -1.06813517e+04 -1.35246952e+04  2.84e+03   1.15e+03     3.54e-03   5.047s
  22000 -1.06656912e+04 -1.26341728e+04  1.97e+03   5.99e+03     8.32e-03   5.267s
  23000 -1.06552539e+04 -1.13892677e+04  7.34e+02   3.56e+03     6.17e-03   5.487s
  24000 -1.06583383e+04 -1.07131875e+04  5.48e+01   1.80e+03     3.54e-03   5.707s
  25000 -1.06665288e+04 -1.05398093e+04  1.27e+02   8.64e+02     3.39e-03   5.926s
  26000 -1.06727663e+04 -1.05687186e+04  1.04e+02   6.62e+02     2.02e-03   6.146s
  27000 -1.06744418e+04 -1.01029898e+04  5.71e+02   5.06e+02     4.73e-03   6.366s
  28000 -1.06751777e+04 -9.63797251e+03  1.04e+03   3.03e+02     7.61e-03   6.587s
  29000 -1.06766931e+04 -9.69476171e+03  9.82e+02   2.61e+02     5.00e-03   6.805s
  30000 -1.06777000e+04 -9.84599230e+03  8.32e+02   2.06e+02     2.99e-03   7.022s
  31000 -1.06785222e+04 -9.94003185e+03  7.38e+02   1.70e+02     2.84e-03   7.239s
  32000 -1.06788078e+04 -1.00849986e+04  5.94e+02   1.20e+02     1.85e-03   7.455s
  33000 -1.06792530e+04 -1.00760872e+04  6.03e+02   1.18e+02     1.09e-03   7.674s
  34000 -1.06801173e+04 -1.01398159e+04  5.40e+02   3.04e+02     1.07e-03   7.895s
  35000 -1.06806972e+04 -1.02764980e+04  4.04e+02   4.89e+02     1.30e-03   8.115s
  36000 -1.06808959e+04 -1.04613075e+04  2.20e+02   5.74e+02     7.25e-04   8.333s
  37000 -1.06806892e+04 -1.06284504e+04  5.22e+01   4.99e+02     5.68e-04   8.551s
  38000 -1.06802397e+04 -1.07211389e+04  4.09e+01   3.20e+02     3.57e-04   8.769s
  39000 -1.06797903e+04 -1.07428574e+04  6.31e+01   1.61e+02     5.52e-04   8.987s
  40000 -1.06796228e+04 -1.07858816e+04  1.06e+02   1.14e+02     3.39e-04   9.207s
  41000 -1.06794244e+04 -1.08003738e+04  1.21e+02   6.09e+01     4.63e-04   9.425s
  42000 -1.06792862e+04 -1.07849680e+04  1.06e+02   3.23e+01     2.96e-04   9.642s
  43000 -1.06792172e+04 -1.07497759e+04  7.06e+01   2.88e+01     2.42e-04   9.858s
  44000 -1.06791996e+04 -1.07114989e+04  3.23e+01   2.74e+01     2.37e-04   10.075s
  45000 -1.06792303e+04 -1.06851478e+04  5.92e+00   2.50e+01     2.59e-04   10.291s
  46000 -1.06792813e+04 -1.06775981e+04  1.68e+00   2.47e+01     2.14e-04   10.508s
  47000 -1.06793103e+04 -1.06818539e+04  2.54e+00   3.04e+01     1.78e-04   10.726s
  48000 -1.06792906e+04 -1.06828743e+04  3.58e+00   2.77e+01     1.64e-04   10.945s
  49000 -1.06792801e+04 -1.06829487e+04  3.67e+00   1.78e+01     1.91e-04   11.163s
  50000 -1.06792622e+04 -1.06822091e+04  2.95e+00   1.44e+01     2.74e-04   11.380s
  50800 -1.06792601e+04 -1.06812090e+04  1.95e+00   1.01e+01     2.64e-04   11.554s
LP Solver status:                Optimal
Primal objective:                -1.06792601e+04
Dual objective:                  -1.06812090e+04
Duality gap (abs/rel):           +1.95e+00 / +9.12e-05
Primal infeasibility (abs/rel):  +1.01e+01 / +7.27e-05
Dual infeasibility (abs/rel):    +2.64e-04 / +2.52e-06
PDLP finished
Status: Optimal   Objective: -1.06792601e+04  Iterations: 50800  Time: 11.594s, Total time 11.691s

Results:
--------
Number of variables: 162005
Termination status: Optimal (1)
Solve time: 11.690945 seconds
Objective value: -10679.260145

Solver completed successfully!
