Reading and solving MPS file: ../test_set/relaxedInstances/relaxed_16.mps
Setting parameter method to 1
Setting parameter absolute_primal_tolerance to 1.000000e-06
cuOpt version: 25.12.0, git hash: d97ff6b, host arch: x86_64, device archs: 75-real,80-real,86-real,90a-real,100f-real,120a-real,120
CPU: AMD EPYC 7B12 64-Core Processor, threads (physical/logical): 24/24, RAM: 34.46 GiB
CUDA 13.0, device: NVIDIA L40S (ID 0), VRAM: 47.37 GiB
CUDA device UUID: 74ffffffd2ffffffe65f-2bfffffffe-ffff

Solving a problem with 139107 constraints, 57520 variables (0 integers), and 717680 nonzeros
Problem scaling:
Objective coefficents range:          [1e+00, 1e+00]
Constraint matrix coefficients range: [1e+00, 2e+01]
Constraint rhs / bounds range:        [0e+00, 2e+01]
Variable bounds range:                [1e+00, 9e+00]

Third-party presolve is disabled, skipping
Objective offset 0.000000 scaling_factor 1.000000
   Iter    Primal Obj.      Dual Obj.    Gap        Primal Res.  Dual Res.   Time
      0 +0.00000000e+00 +0.00000000e+00  0.00e+00   2.66e+01     8.94e+00   0.126s
    350 +9.99935544e-01 +9.99923694e-01  1.19e-05   2.62e-04     6.24e-04   0.162s
LP Solver status:                Optimal
Primal objective:                +9.99935544e-01
Dual objective:                  +9.99923694e-01
Duality gap (abs/rel):           +1.19e-05 / +3.95e-06
Primal infeasibility (abs/rel):  +2.62e-04 / +7.90e-08
Dual infeasibility (abs/rel):    +6.24e-04 / +6.27e-05
PDLP finished
Status: Optimal   Objective: 9.99935544e-01  Iterations: 350  Time: 0.122s, Total time 0.174s

Results:
--------
Number of variables: 57520
Termination status: Optimal (1)
Solve time: 0.174162 seconds
Objective value: 0.999936

Solver completed successfully!
