Reading and solving MPS file: ../test_set/relaxedInstances/relaxed_42.mps
Setting parameter method to 1
Setting parameter absolute_primal_tolerance to 1.000000e-06
cuOpt version: 25.12.0, git hash: d97ff6b, host arch: x86_64, device archs: 75-real,80-real,86-real,90a-real,100f-real,120a-real,120
CPU: AMD EPYC 7B12 64-Core Processor, threads (physical/logical): 24/24, RAM: 34.38 GiB
CUDA 13.0, device: NVIDIA L40S (ID 0), VRAM: 47.37 GiB
CUDA device UUID: 74ffffffd2ffffffe65f-2bfffffffe-ffff

Solving a problem with 194687 constraints, 142635 variables (0 integers), and 751844 nonzeros
Problem scaling:
Objective coefficents range:          [2e+00, 1e+05]
Constraint matrix coefficients range: [5e-03, 1e+03]
Constraint rhs / bounds range:        [8e-01, 7e+03]
Variable bounds range:                [2e-02, 4e+04]
Warning: input problem contains a large range of coefficients: consider reformulating to avoid numerical difficulties.

Third-party presolve is disabled, skipping
Objective offset 1138630000.000000 scaling_factor 1.000000
   Iter    Primal Obj.      Dual Obj.    Gap        Primal Res.  Dual Res.   Time
      0 +1.13863000e+09 +1.13863000e+09  0.00e+00   9.66e+03     4.98e+06   0.390s
   1000 +2.70767506e+07 +3.32559695e+07  6.18e+06   8.54e+01     9.38e+03   0.489s
   2000 +2.43138104e+07 +2.80493057e+07  3.74e+06   8.92e+01     2.61e+03   0.546s
   3000 +2.38120282e+07 +2.61982881e+07  2.39e+06   6.23e+01     7.07e+02   0.604s
   4000 +2.34350483e+07 +2.55317806e+07  2.10e+06   9.24e+01     4.74e+02   0.661s
   5000 +2.33302216e+07 +2.50533785e+07  1.72e+06   6.32e+01     2.67e+02   0.718s
   6000 +2.33893587e+07 +2.47132660e+07  1.32e+06   5.01e+01     1.70e+02   0.774s
   7000 +2.34892239e+07 +2.46324477e+07  1.14e+06   3.43e+01     1.24e+02   0.831s
   8000 +2.35753845e+07 +2.46190800e+07  1.04e+06   2.65e+01     8.96e+01   0.888s
   9000 +2.36660594e+07 +2.46237666e+07  9.58e+05   1.70e+01     7.36e+01   0.944s
  10000 +2.37604717e+07 +2.46226832e+07  8.62e+05   8.49e+00     9.42e+01   1.001s
  11000 +2.38873688e+07 +2.46500124e+07  7.63e+05   9.40e+00     8.96e+01   1.057s
  12000 +2.40075399e+07 +2.46711398e+07  6.64e+05   9.92e+00     8.87e+01   1.114s
  13000 +2.41127966e+07 +2.46855045e+07  5.73e+05   7.37e+00     8.62e+01   1.170s
  14000 +2.41946055e+07 +2.46912710e+07  4.97e+05   7.67e+00     7.95e+01   1.225s
  15000 +2.42854271e+07 +2.46901039e+07  4.05e+05   5.76e+00     1.18e+02   1.282s
  16000 +2.43774997e+07 +2.47036764e+07  3.26e+05   6.47e+00     1.09e+02   1.337s
  17000 +2.44480414e+07 +2.47113875e+07  2.63e+05   5.48e+00     9.19e+01   1.393s
  18000 +2.44923952e+07 +2.47161216e+07  2.24e+05   4.65e+00     8.18e+01   1.448s
  19000 +2.45193727e+07 +2.47223870e+07  2.03e+05   4.14e+00     7.35e+01   1.504s
  20000 +2.45335347e+07 +2.47255850e+07  1.92e+05   4.54e+00     6.88e+01   1.559s
  21000 +2.45474803e+07 +2.47292602e+07  1.82e+05   5.63e+00     6.32e+01   1.614s
  22000 +2.45581511e+07 +2.47336275e+07  1.75e+05   3.37e+00     5.99e+01   1.669s
  23000 +2.45656653e+07 +2.47318942e+07  1.66e+05   4.21e+00     6.29e+01   1.724s
  24000 +2.45713354e+07 +2.47405353e+07  1.69e+05   2.68e+00     7.00e+01   1.780s
  25000 +2.45801994e+07 +2.47522015e+07  1.72e+05   1.79e+00     7.37e+01   1.835s
  26000 +2.45908595e+07 +2.47625446e+07  1.72e+05   1.52e+00     7.61e+01   1.890s
  27000 +2.46004723e+07 +2.47697863e+07  1.69e+05   1.95e+00     7.79e+01   1.946s
  28000 +2.46117686e+07 +2.47754916e+07  1.64e+05   6.72e+00     7.93e+01   2.004s
  29000 +2.46204544e+07 +2.47794691e+07  1.59e+05   2.14e+00     8.14e+01   2.060s
  30000 +2.46282646e+07 +2.47837331e+07  1.55e+05   2.38e+00     7.51e+01   2.117s
  31000 +2.46357047e+07 +2.47883166e+07  1.53e+05   3.42e+00     7.40e+01   2.172s
  32000 +2.46430534e+07 +2.47918598e+07  1.49e+05   2.02e+00     7.31e+01   2.229s
  33000 +2.46489096e+07 +2.47974814e+07  1.49e+05   2.11e+00     6.99e+01   2.285s
  34000 +2.46533826e+07 +2.48015884e+07  1.48e+05   2.13e+00     6.53e+01   2.341s
  35000 +2.46606360e+07 +2.48001703e+07  1.40e+05   1.95e+00     5.89e+01   2.397s
  36000 +2.46593651e+07 +2.47854707e+07  1.26e+05   3.38e+00     5.21e+01   2.452s
  37000 +2.46625167e+07 +2.47852999e+07  1.23e+05   1.36e+00     5.48e+01   2.508s
  38000 +2.46653495e+07 +2.47903144e+07  1.25e+05   1.15e+00     5.80e+01   2.565s
  39000 +2.46665121e+07 +2.47972997e+07  1.31e+05   1.07e+00     5.96e+01   2.622s
  40000 +2.46681428e+07 +2.48023921e+07  1.34e+05   1.06e+00     6.12e+01   2.679s
  41000 +2.46720286e+07 +2.48076886e+07  1.36e+05   1.19e+00     6.28e+01   2.734s
  42000 +2.46753948e+07 +2.48132460e+07  1.38e+05   1.08e+00     6.44e+01   2.790s
  43000 +2.46795696e+07 +2.48158387e+07  1.36e+05   1.07e+00     6.63e+01   2.846s
  44000 +2.46831253e+07 +2.48196688e+07  1.37e+05   1.00e+00     6.75e+01   2.901s
  45000 +2.46868800e+07 +2.48242081e+07  1.37e+05   9.78e-01     6.87e+01   2.958s
  46000 +2.46917062e+07 +2.48285909e+07  1.37e+05   8.82e-01     6.79e+01   3.014s
  47000 +2.46968645e+07 +2.48324235e+07  1.36e+05   8.88e-01     6.90e+01   3.071s
  48000 +2.47055971e+07 +2.48347219e+07  1.29e+05   1.70e+00     7.15e+01   3.127s
  49000 +2.47099709e+07 +2.48363918e+07  1.26e+05   1.19e+00     6.79e+01   3.183s
  50000 +2.47135484e+07 +2.48380229e+07  1.24e+05   1.09e+00     6.67e+01   3.238s
  51000 +2.47172850e+07 +2.48402869e+07  1.23e+05   1.17e+00     6.38e+01   3.294s
  52000 +2.47191556e+07 +2.48433514e+07  1.24e+05   1.04e+00     6.59e+01   3.349s
  53000 +2.47228321e+07 +2.48470581e+07  1.24e+05   9.62e-01     6.43e+01   3.405s
  54000 +2.47254632e+07 +2.48517763e+07  1.26e+05   1.03e+00     6.18e+01   3.461s
  55000 +2.47274913e+07 +2.48520639e+07  1.25e+05   9.26e-01     6.17e+01   3.517s
  56000 +2.47303292e+07 +2.48479919e+07  1.18e+05   6.18e-01     6.18e+01   3.573s
  57000 +2.47318007e+07 +2.48517534e+07  1.20e+05   4.78e-01     6.36e+01   3.629s
  58000 +2.47336405e+07 +2.48563421e+07  1.23e+05   4.07e-01     6.58e+01   3.685s
  59000 +2.47350506e+07 +2.48615557e+07  1.27e+05   5.88e-01     6.79e+01   3.741s
  60000 +2.47351580e+07 +2.48662354e+07  1.31e+05   5.24e-01     6.89e+01   3.797s
  61000 +2.47360346e+07 +2.48649615e+07  1.29e+05   8.71e-01     6.58e+01   3.852s
  62000 +2.47363936e+07 +2.48666537e+07  1.30e+05   7.45e-01     6.52e+01   3.908s
  63000 +2.47366764e+07 +2.48687825e+07  1.32e+05   6.07e-01     6.56e+01   3.964s
  64000 +2.47372580e+07 +2.48715910e+07  1.34e+05   7.75e-01     6.67e+01   4.020s
  65000 +2.47377946e+07 +2.48749920e+07  1.37e+05   3.72e-01     6.67e+01   4.076s
  66000 +2.47383346e+07 +2.48777799e+07  1.39e+05   3.87e-01     6.61e+01   4.131s
  67000 +2.47391717e+07 +2.48804505e+07  1.41e+05   3.98e-01     6.84e+01   4.186s
  68000 +2.47406408e+07 +2.48830407e+07  1.42e+05   4.39e-01     6.92e+01   4.242s
  69000 +2.47419382e+07 +2.48825460e+07  1.41e+05   3.59e-01     6.73e+01   4.298s
  70000 +2.47433424e+07 +2.48816889e+07  1.38e+05   7.68e-01     6.74e+01   4.355s
  71000 +2.47447203e+07 +2.48817173e+07  1.37e+05   4.45e-01     6.89e+01   4.411s
  72000 +2.47460068e+07 +2.48830600e+07  1.37e+05   3.83e-01     6.88e+01   4.467s
  73000 +2.47475898e+07 +2.48837604e+07  1.36e+05   4.43e-01     6.96e+01   4.522s
  74000 +2.47493693e+07 +2.48842757e+07  1.35e+05   4.24e-01     6.93e+01   4.578s
  75000 +2.47507650e+07 +2.48846190e+07  1.34e+05   4.30e-01     6.76e+01   4.634s
  76000 +2.47524544e+07 +2.48848292e+07  1.32e+05   4.49e-01     6.73e+01   4.691s
  77000 +2.47542369e+07 +2.48853348e+07  1.31e+05   4.20e-01     6.71e+01   4.748s
  78000 +2.47556711e+07 +2.48856308e+07  1.30e+05   4.08e-01     6.67e+01   4.804s
  79000 +2.47576647e+07 +2.48860485e+07  1.28e+05   4.18e-01     6.62e+01   4.860s
  80000 +2.47594078e+07 +2.48862260e+07  1.27e+05   3.90e-01     6.38e+01   4.915s
  81000 +2.47606960e+07 +2.48858503e+07  1.25e+05   4.93e-01     6.22e+01   4.971s
  82000 +2.47622922e+07 +2.48854853e+07  1.23e+05   6.94e-01     6.17e+01   5.027s
  83000 +2.47634382e+07 +2.48830586e+07  1.20e+05   6.75e-01     6.03e+01   5.083s
  84000 +2.47646240e+07 +2.48801712e+07  1.16e+05   6.54e-01     5.59e+01   5.138s
  85000 +2.47656856e+07 +2.48786266e+07  1.13e+05   4.35e-01     5.18e+01   5.194s
  86000 +2.47664909e+07 +2.48775651e+07  1.11e+05   6.26e-01     4.84e+01   5.250s
  87000 +2.47675728e+07 +2.48649308e+07  9.74e+04   3.66e-01     4.10e+01   5.306s
  88000 +2.47681680e+07 +2.48627565e+07  9.46e+04   4.89e-01     3.48e+01   5.362s
  89000 +2.47687868e+07 +2.48613776e+07  9.26e+04   4.27e-01     3.21e+01   5.417s
  90000 +2.47695134e+07 +2.48612658e+07  9.18e+04   5.20e-01     3.09e+01   5.473s
  91000 +2.47701616e+07 +2.48617382e+07  9.16e+04   4.52e-01     2.97e+01   5.528s
  92000 +2.47710008e+07 +2.48613582e+07  9.04e+04   5.22e-01     2.91e+01   5.583s
  93000 +2.47718901e+07 +2.48593376e+07  8.74e+04   4.87e-01     2.61e+01   5.638s
  94000 +2.47743184e+07 +2.48588631e+07  8.45e+04   4.66e-01     2.49e+01   5.695s
  95000 +2.47790270e+07 +2.48594845e+07  8.05e+04   3.70e-01     3.47e+01   5.750s
  96000 +2.47828282e+07 +2.48636681e+07  8.08e+04   3.46e-01     4.22e+01   5.808s
  97000 +2.47876344e+07 +2.48674323e+07  7.98e+04   3.88e-01     4.72e+01   5.865s
  98000 +2.47916958e+07 +2.48686496e+07  7.70e+04   4.10e-01     5.17e+01   5.921s
  99000 +2.47968739e+07 +2.48684685e+07  7.16e+04   3.54e-01     5.49e+01   5.979s
 100000 +2.48013442e+07 +2.48679782e+07  6.66e+04   3.97e-01     5.61e+01   6.035s
 101000 +2.48061957e+07 +2.48673723e+07  6.12e+04   3.42e-01     5.41e+01   6.091s
 102000 +2.48105444e+07 +2.48655713e+07  5.50e+04   3.26e-01     5.16e+01   6.147s
 103000 +2.48139263e+07 +2.48634798e+07  4.96e+04   3.19e-01     4.82e+01   6.202s
 104000 +2.48164628e+07 +2.48626587e+07  4.62e+04   3.10e-01     4.50e+01   6.260s
 105000 +2.48185038e+07 +2.48620001e+07  4.35e+04   3.06e-01     4.28e+01   6.316s
 106000 +2.48199949e+07 +2.48617963e+07  4.18e+04   3.29e-01     4.00e+01   6.371s
 107000 +2.48211757e+07 +2.48608209e+07  3.96e+04   2.93e-01     3.84e+01   6.427s
 108000 +2.48220766e+07 +2.48598563e+07  3.78e+04   3.36e-01     3.61e+01   6.482s
 109000 +2.48231165e+07 +2.48577719e+07  3.47e+04   2.57e-01     3.41e+01   6.537s
 110000 +2.48247372e+07 +2.48569991e+07  3.23e+04   2.62e-01     3.55e+01   6.594s
 111000 +2.48262313e+07 +2.48571719e+07  3.09e+04   3.18e-01     3.55e+01   6.651s
 112000 +2.48273748e+07 +2.48574550e+07  3.01e+04   2.96e-01     3.55e+01   6.709s
 113000 +2.48283209e+07 +2.48573257e+07  2.90e+04   2.43e-01     3.53e+01   6.767s
 114000 +2.48289322e+07 +2.48582079e+07  2.93e+04   2.64e-01     2.54e+01   6.823s
 115000 +2.48296563e+07 +2.48578057e+07  2.81e+04   2.07e-01     2.43e+01   6.879s
 116000 +2.48303310e+07 +2.48562792e+07  2.59e+04   1.74e-01     2.08e+01   6.935s
 117000 +2.48307666e+07 +2.48556212e+07  2.49e+04   1.52e-01     2.02e+01   6.991s
 118000 +2.48310875e+07 +2.48550070e+07  2.39e+04   1.41e-01     1.89e+01   7.047s
 119000 +2.48311977e+07 +2.48547460e+07  2.35e+04   1.50e-01     1.81e+01   7.103s
 120000 +2.48312952e+07 +2.48544295e+07  2.31e+04   2.85e-01     1.73e+01   7.159s
 121000 +2.48313600e+07 +2.48541365e+07  2.28e+04   2.88e-01     1.63e+01   7.216s
 122000 +2.48313344e+07 +2.48543104e+07  2.30e+04   2.05e-01     1.60e+01   7.273s
 123000 +2.48313732e+07 +2.48543458e+07  2.30e+04   1.79e-01     1.61e+01   7.331s
 124000 +2.48314674e+07 +2.48540999e+07  2.26e+04   1.65e-01     1.55e+01   7.387s
 125000 +2.48317276e+07 +2.48543837e+07  2.27e+04   1.35e-01     1.48e+01   7.444s
 126000 +2.48318910e+07 +2.48544444e+07  2.26e+04   1.19e-01     1.42e+01   7.500s
 127000 +2.48321515e+07 +2.48542831e+07  2.21e+04   1.13e-01     1.47e+01   7.558s
 128000 +2.48324488e+07 +2.48544858e+07  2.20e+04   1.19e-01     1.46e+01   7.613s
 129000 +2.48327467e+07 +2.48534935e+07  2.07e+04   1.60e-01     1.51e+01   7.669s
 130000 +2.48329328e+07 +2.48537629e+07  2.08e+04   1.23e-01     1.50e+01   7.725s
 131000 +2.48331369e+07 +2.48538531e+07  2.07e+04   1.14e-01     1.48e+01   7.781s
 132000 +2.48332241e+07 +2.48541162e+07  2.09e+04   1.24e-01     1.49e+01   7.837s
 133000 +2.48333067e+07 +2.48546154e+07  2.13e+04   1.20e-01     1.44e+01   7.892s
 134000 +2.48333727e+07 +2.48549419e+07  2.16e+04   1.06e-01     1.40e+01   7.947s
 135000 +2.48334511e+07 +2.48547121e+07  2.13e+04   1.33e-01     1.40e+01   8.003s
 136000 +2.48335884e+07 +2.48550049e+07  2.14e+04   1.26e-01     1.39e+01   8.059s
 137000 +2.48338085e+07 +2.48552978e+07  2.15e+04   9.29e-02     1.30e+01   8.114s
 138000 +2.48339791e+07 +2.48554947e+07  2.15e+04   1.33e-01     1.30e+01   8.170s
 139000 +2.48340738e+07 +2.48558237e+07  2.17e+04   1.12e-01     1.28e+01   8.226s
 140000 +2.48343316e+07 +2.48558826e+07  2.16e+04   1.07e-01     1.28e+01   8.282s
 141000 +2.48343221e+07 +2.48558740e+07  2.16e+04   1.21e-01     1.26e+01   8.338s
 142000 +2.48343836e+07 +2.48559589e+07  2.16e+04   1.12e-01     1.26e+01   8.394s
 143000 +2.48344894e+07 +2.48558430e+07  2.14e+04   1.97e-01     1.31e+01   8.450s
 144000 +2.48345218e+07 +2.48558835e+07  2.14e+04   1.26e-01     1.31e+01   8.507s
 145000 +2.48344390e+07 +2.48566387e+07  2.22e+04   8.19e-02     1.30e+01   8.563s
 146000 +2.48344543e+07 +2.48567249e+07  2.23e+04   6.88e-02     1.28e+01   8.618s
 147000 +2.48344075e+07 +2.48564145e+07  2.20e+04   8.93e-02     1.29e+01   8.674s
 148000 +2.48343960e+07 +2.48563259e+07  2.19e+04   9.96e-02     1.28e+01   8.731s
 149000 +2.48344862e+07 +2.48565052e+07  2.20e+04   9.89e-02     1.25e+01   8.786s
 150000 +2.48345725e+07 +2.48564380e+07  2.19e+04   1.33e-01     1.20e+01   8.842s
 151000 +2.48347158e+07 +2.48564179e+07  2.17e+04   8.88e-02     1.21e+01   8.898s
 152000 +2.48348921e+07 +2.48566453e+07  2.18e+04   3.65e-01     1.20e+01   8.953s
 153000 +2.48348322e+07 +2.48557780e+07  2.09e+04   1.64e-01     1.17e+01   9.009s
 154000 +2.48347374e+07 +2.48555479e+07  2.08e+04   9.43e-02     1.17e+01   9.066s
 155000 +2.48346093e+07 +2.48557848e+07  2.12e+04   1.45e-01     1.14e+01   9.122s
 156000 +2.48344046e+07 +2.48557607e+07  2.14e+04   1.05e-01     1.16e+01   9.177s
 157000 +2.48342013e+07 +2.48554827e+07  2.13e+04   1.30e-01     1.17e+01   9.233s
 158000 +2.48341307e+07 +2.48554554e+07  2.13e+04   1.19e-01     1.12e+01   9.288s
 159000 +2.48341303e+07 +2.48553618e+07  2.12e+04   9.79e-02     1.09e+01   9.343s
 160000 +2.48340383e+07 +2.48551284e+07  2.11e+04   9.36e-02     1.06e+01   9.399s
 161000 +2.48341166e+07 +2.48553153e+07  2.12e+04   1.25e-01     1.10e+01   9.455s
 162000 +2.48342161e+07 +2.48546273e+07  2.04e+04   1.34e-01     9.88e+00   9.511s
 163000 +2.48342313e+07 +2.48541884e+07  2.00e+04   1.63e-01     9.31e+00   9.568s
 164000 +2.48343357e+07 +2.48541599e+07  1.98e+04   1.39e-01     8.99e+00   9.624s
 165000 +2.48344529e+07 +2.48541380e+07  1.97e+04   1.21e-01     8.82e+00   9.680s
 166000 +2.48345492e+07 +2.48540002e+07  1.95e+04   9.29e-02     8.73e+00   9.736s
 167000 +2.48346568e+07 +2.48540924e+07  1.94e+04   8.77e-02     8.62e+00   9.791s
 168000 +2.48347411e+07 +2.48542048e+07  1.95e+04   7.86e-02     8.51e+00   9.847s
 169000 +2.48348494e+07 +2.48542386e+07  1.94e+04   7.40e-02     8.59e+00   9.903s
 170000 +2.48349828e+07 +2.48541738e+07  1.92e+04   6.69e-02     8.36e+00   9.958s
 171000 +2.48350390e+07 +2.48540928e+07  1.91e+04   6.42e-02     8.22e+00   10.015s
 172000 +2.48351649e+07 +2.48542070e+07  1.90e+04   6.41e-02     8.15e+00   10.071s
 173000 +2.48352728e+07 +2.48541548e+07  1.89e+04   5.71e-02     8.24e+00   10.127s
 174000 +2.48353503e+07 +2.48539271e+07  1.86e+04   6.18e-02     7.83e+00   10.183s
 175000 +2.48353496e+07 +2.48536069e+07  1.83e+04   5.54e-02     7.46e+00   10.240s
 176000 +2.48354013e+07 +2.48534202e+07  1.80e+04   5.65e-02     7.17e+00   10.296s
 177000 +2.48354185e+07 +2.48532671e+07  1.78e+04   6.43e-02     6.79e+00   10.351s
 178000 +2.48354308e+07 +2.48531489e+07  1.77e+04   5.98e-02     6.49e+00   10.407s
 179000 +2.48354074e+07 +2.48531430e+07  1.77e+04   5.25e-02     6.19e+00   10.464s
 180000 +2.48355725e+07 +2.48532762e+07  1.77e+04   5.67e-02     6.02e+00   10.520s
 181000 +2.48356974e+07 +2.48531330e+07  1.74e+04   1.34e-01     5.85e+00   10.575s
 182000 +2.48358263e+07 +2.48529677e+07  1.71e+04   1.25e-01     5.57e+00   10.631s
 183000 +2.48358214e+07 +2.48525810e+07  1.68e+04   7.14e-02     5.46e+00   10.686s
 184000 +2.48359940e+07 +2.48524511e+07  1.65e+04   7.66e-02     5.31e+00   10.742s
 185000 +2.48361176e+07 +2.48527553e+07  1.66e+04   1.03e-01     5.13e+00   10.798s
 186000 +2.48362289e+07 +2.48527528e+07  1.65e+04   9.42e-02     4.97e+00   10.854s
 187000 +2.48363025e+07 +2.48527844e+07  1.65e+04   6.89e-02     4.78e+00   10.909s
 188000 +2.48364496e+07 +2.48527490e+07  1.63e+04   1.16e-01     4.81e+00   10.965s
 189000 +2.48365895e+07 +2.48527343e+07  1.61e+04   8.78e-02     4.47e+00   11.021s
 190000 +2.48367892e+07 +2.48525041e+07  1.57e+04   9.02e-02     4.40e+00   11.077s
 191000 +2.48369235e+07 +2.48522884e+07  1.54e+04   7.54e-02     4.21e+00   11.133s
 192000 +2.48370840e+07 +2.48524340e+07  1.54e+04   5.89e-02     4.24e+00   11.189s
 193000 +2.48371724e+07 +2.48520748e+07  1.49e+04   7.39e-02     4.41e+00   11.246s
 194000 +2.48373095e+07 +2.48519746e+07  1.47e+04   6.32e-02     3.83e+00   11.303s
 195000 +2.48374438e+07 +2.48519879e+07  1.45e+04   5.21e-02     3.60e+00   11.358s
 196000 +2.48377051e+07 +2.48519930e+07  1.43e+04   4.43e-02     4.06e+00   11.415s
 197000 +2.48379421e+07 +2.48522501e+07  1.43e+04   4.60e-02     4.03e+00   11.471s
 198000 +2.48382143e+07 +2.48524501e+07  1.42e+04   4.10e-02     4.04e+00   11.528s
 199000 +2.48384153e+07 +2.48525210e+07  1.41e+04   3.89e-02     4.20e+00   11.583s
 200000 +2.48386505e+07 +2.48526727e+07  1.40e+04   3.93e-02     4.48e+00   11.641s
 201000 +2.48388902e+07 +2.48528430e+07  1.40e+04   3.60e-02     4.75e+00   11.697s
 202000 +2.48391538e+07 +2.48528465e+07  1.37e+04   3.56e-02     5.15e+00   11.752s
 203000 +2.48394156e+07 +2.48530041e+07  1.36e+04   3.45e-02     5.40e+00   11.808s
 204000 +2.48397269e+07 +2.48530894e+07  1.34e+04   4.01e-02     5.65e+00   11.863s
 205000 +2.48399972e+07 +2.48531391e+07  1.31e+04   3.71e-02     6.02e+00   11.919s
 206000 +2.48402956e+07 +2.48530744e+07  1.28e+04   9.20e-02     6.21e+00   11.974s
 207000 +2.48405869e+07 +2.48530271e+07  1.24e+04   5.48e-02     6.30e+00   12.032s
 208000 +2.48409413e+07 +2.48530719e+07  1.21e+04   3.20e-02     6.53e+00   12.089s
 209000 +2.48412295e+07 +2.48531561e+07  1.19e+04   3.07e-02     6.60e+00   12.145s
 210000 +2.48415660e+07 +2.48533633e+07  1.18e+04   4.00e-02     6.78e+00   12.201s
 211000 +2.48418705e+07 +2.48533676e+07  1.15e+04   3.53e-02     6.89e+00   12.258s
 212000 +2.48421950e+07 +2.48533959e+07  1.12e+04   2.51e-02     6.99e+00   12.314s
 213000 +2.48424994e+07 +2.48536683e+07  1.12e+04   7.29e-02     7.35e+00   12.370s
 214000 +2.48428205e+07 +2.48540171e+07  1.12e+04   9.33e-02     7.92e+00   12.426s
 215000 +2.48431975e+07 +2.48539877e+07  1.08e+04   8.77e-02     7.79e+00   12.482s
 216000 +2.48435221e+07 +2.48541297e+07  1.06e+04   7.10e-02     7.85e+00   12.537s
 217000 +2.48438477e+07 +2.48542430e+07  1.04e+04   6.13e-02     7.96e+00   12.594s
 218000 +2.48441712e+07 +2.48543299e+07  1.02e+04   5.57e-02     8.11e+00   12.650s
 219000 +2.48444856e+07 +2.48542475e+07  9.76e+03   5.84e-02     8.21e+00   12.706s
 220000 +2.48447728e+07 +2.48542664e+07  9.49e+03   7.32e-02     8.28e+00   12.762s
 221000 +2.48450353e+07 +2.48542741e+07  9.24e+03   6.01e-02     8.41e+00   12.819s
 222000 +2.48452609e+07 +2.48539031e+07  8.64e+03   6.52e-02     7.83e+00   12.876s
 223000 +2.48454320e+07 +2.48532823e+07  7.85e+03   5.29e-02     7.67e+00   12.933s
 224000 +2.48455872e+07 +2.48531394e+07  7.55e+03   6.21e-02     7.49e+00   12.988s
 225000 +2.48457566e+07 +2.48530861e+07  7.33e+03   4.61e-02     7.46e+00   13.044s
 226000 +2.48459357e+07 +2.48530803e+07  7.14e+03   4.45e-02     7.45e+00   13.099s
 227000 +2.48461013e+07 +2.48531379e+07  7.04e+03   4.37e-02     7.47e+00   13.154s
 228000 +2.48462440e+07 +2.48532126e+07  6.97e+03   3.49e-02     7.37e+00   13.209s
 229000 +2.48463709e+07 +2.48531122e+07  6.74e+03   4.21e-02     7.13e+00   13.265s
 230000 +2.48465002e+07 +2.48531119e+07  6.61e+03   4.83e-02     6.96e+00   13.322s
 231000 +2.48466194e+07 +2.48530399e+07  6.42e+03   3.75e-02     6.91e+00   13.378s
 232000 +2.48467036e+07 +2.48529687e+07  6.27e+03   3.25e-02     6.81e+00   13.435s
 233000 +2.48467927e+07 +2.48529188e+07  6.13e+03   3.79e-02     6.81e+00   13.492s
 234000 +2.48468639e+07 +2.48528387e+07  5.97e+03   3.25e-02     6.77e+00   13.548s
 235000 +2.48469346e+07 +2.48527732e+07  5.84e+03   3.50e-02     6.87e+00   13.603s
 236000 +2.48470008e+07 +2.48527458e+07  5.75e+03   3.21e-02     6.77e+00   13.659s
 237000 +2.48470497e+07 +2.48526742e+07  5.62e+03   3.15e-02     6.81e+00   13.715s
 238000 +2.48470943e+07 +2.48526411e+07  5.55e+03   3.56e-02     6.83e+00   13.771s
 239000 +2.48471360e+07 +2.48526485e+07  5.51e+03   3.52e-02     6.79e+00   13.826s
 240000 +2.48471828e+07 +2.48526205e+07  5.44e+03   3.63e-02     6.88e+00   13.882s
 241000 +2.48472455e+07 +2.48525934e+07  5.35e+03   3.47e-02     6.95e+00   13.937s
 242000 +2.48473025e+07 +2.48525280e+07  5.23e+03   3.30e-02     6.94e+00   13.992s
 243000 +2.48473797e+07 +2.48525136e+07  5.13e+03   3.50e-02     6.92e+00   14.048s
 244000 +2.48474525e+07 +2.48524858e+07  5.03e+03   3.23e-02     6.83e+00   14.103s
 244800 +2.48475076e+07 +2.48524770e+07  4.97e+03   3.21e-02     6.91e+00   14.147s
LP Solver status:                Optimal
Primal objective:                +2.48475076e+07
Dual objective:                  +2.48524770e+07
Duality gap (abs/rel):           +4.97e+03 / +1.00e-04
Primal infeasibility (abs/rel):  +3.21e-02 / +8.44e-07
Dual infeasibility (abs/rel):    +6.91e+00 / +1.39e-06
PDLP finished
Status: Optimal   Objective: 2.48475076e+07  Iterations: 244800  Time: 14.118s, Total time 14.169s

Results:
--------
Number of variables: 142635
Termination status: Optimal (1)
Solve time: 14.169070 seconds
Objective value: 24847507.614919

Solver completed successfully!
