Reading and solving MPS file: ../test_set/relaxedInstances/relaxed_37.mps
Setting parameter method to 1
Setting parameter absolute_primal_tolerance to 1.000000e-06
cuOpt version: 25.12.0, git hash: d97ff6b, host arch: x86_64, device archs: 75-real,80-real,86-real,90a-real,100f-real,120a-real,120
CPU: AMD EPYC 7B12 64-Core Processor, threads (physical/logical): 24/24, RAM: 34.48 GiB
CUDA 13.0, device: NVIDIA L40S (ID 0), VRAM: 47.37 GiB
CUDA device UUID: 74ffffffd2ffffffe65f-2bfffffffe-ffff

Solving a problem with 309 constraints, 936 variables (0 integers), and 2448 nonzeros
Problem scaling:
Objective coefficents range:          [1e+00, 2e+00]
Constraint matrix coefficients range: [1e+00, 6e+01]
Constraint rhs / bounds range:        [1e+00, 5e+00]
Variable bounds range:                [1e+00, 6e+02]

Third-party presolve is disabled, skipping
Objective offset 0.000000 scaling_factor 1.000000
   Iter    Primal Obj.      Dual Obj.    Gap        Primal Res.  Dual Res.   Time
      0 +0.00000000e+00 +0.00000000e+00  0.00e+00   1.02e+01     3.02e+01   0.105s
    430 +0.00000000e+00 -8.50766740e-05  8.51e-05   3.48e-04     1.82e-04   0.136s
LP Solver status:                Optimal
Primal objective:                +0.00000000e+00
Dual objective:                  -8.50766740e-05
Duality gap (abs/rel):           +8.51e-05 / +8.51e-05
Primal infeasibility (abs/rel):  +3.48e-04 / +1.58e-05
Dual infeasibility (abs/rel):    +1.82e-04 / +5.85e-06
PDLP finished
Status: Optimal   Objective: 0.00000000e+00  Iterations: 430  Time: 0.085s, Total time 0.138s

Results:
--------
Number of variables: 936
Termination status: Optimal (1)
Solve time: 0.138095 seconds
Objective value: 0.000000

Solver completed successfully!
