Reading and solving MPS file: ../test_set/relaxedInstances/relaxed_30.mps
Setting parameter method to 1
Setting parameter absolute_primal_tolerance to 1.000000e-06
cuOpt version: 25.12.0, git hash: d97ff6b, host arch: x86_64, device archs: 75-real,80-real,86-real,90a-real,100f-real,120a-real,120
CPU: AMD EPYC 7B12 64-Core Processor, threads (physical/logical): 24/24, RAM: 34.33 GiB
CUDA 13.0, device: NVIDIA L40S (ID 0), VRAM: 47.37 GiB
CUDA device UUID: 74ffffffd2ffffffe65f-2bfffffffe-ffff

Solving a problem with 403000 constraints, 322000 variables (0 integers), and 1288800 nonzeros
Problem scaling:
Objective coefficents range:          [1e+00, 1e+01]
Constraint matrix coefficients range: [1e+00, 2e+03]
Constraint rhs / bounds range:        [5e-01, 2e+03]
Variable bounds range:                [1e+00, 2e+03]

Third-party presolve is disabled, skipping
Objective offset 0.000000 scaling_factor 1.000000
   Iter    Primal Obj.      Dual Obj.    Gap        Primal Res.  Dual Res.   Time
      0 +0.00000000e+00 +0.00000000e+00  0.00e+00   8.47e+02     2.80e+02   0.125s
    730 -4.05220819e-03 -4.11703145e-03  6.48e-05   1.11e-03     2.82e-04   0.249s
LP Solver status:                Optimal
Primal objective:                -4.05220819e-03
Dual objective:                  -4.11703145e-03
Duality gap (abs/rel):           +6.48e-05 / +6.43e-05
Primal infeasibility (abs/rel):  +1.11e-03 / +1.41e-09
Dual infeasibility (abs/rel):    +2.82e-04 / +1.00e-06
PDLP finished
Status: Optimal   Objective: -4.05220819e-03  Iterations: 730  Time: 0.239s, Total time 0.287s

Results:
--------
Number of variables: 322000
Termination status: Optimal (1)
Solve time: 0.286933 seconds
Objective value: -0.004052

Solver completed successfully!
