Reading and solving MPS file: ../test_set/relaxedInstances/relaxed_50.mps
Setting parameter method to 1
Setting parameter absolute_primal_tolerance to 1.000000e-06
cuOpt version: 25.12.0, git hash: d97ff6b, host arch: x86_64, device archs: 75-real,80-real,86-real,90a-real,100f-real,120a-real,120
CPU: AMD EPYC 7B12 64-Core Processor, threads (physical/logical): 24/24, RAM: 33.99 GiB
CUDA 13.0, device: NVIDIA L40S (ID 0), VRAM: 47.37 GiB
CUDA device UUID: 74ffffffd2ffffffe65f-2bfffffffe-ffff

Solving a problem with 878527 constraints, 1372839 variables (0 integers), and 4111594 nonzeros
Problem scaling:
Objective coefficents range:          [7e-13, 3e+06]
Constraint matrix coefficients range: [1e+00, 7e+03]
Constraint rhs / bounds range:        [1e+00, 5e+03]
Variable bounds range:                [1e+00, 5e+00]
Warning: input problem contains a large range of coefficients: consider reformulating to avoid numerical difficulties.

Third-party presolve is disabled, skipping
Objective offset 79288000.000000 scaling_factor 1.000000
   Iter    Primal Obj.      Dual Obj.    Gap        Primal Res.  Dual Res.   Time
      0 +7.92880000e+07 +7.92880000e+07  0.00e+00   8.42e+03     5.03e+07   1.769s
   1000 +1.23510520e+08 +1.25511438e+08  2.00e+06   8.61e+00     6.23e+05   2.178s
   2000 +1.23355519e+08 +1.24729929e+08  1.37e+06   1.88e+00     1.92e+05   2.487s
   3000 +1.23785947e+08 +1.24711496e+08  9.26e+05   5.34e-01     9.50e+04   2.797s
   4000 +1.24503175e+08 +1.24792426e+08  2.89e+05   2.53e-01     7.47e+04   3.106s
   5000 +1.24639065e+08 +1.24776623e+08  1.38e+05   1.01e-01     6.81e+04   3.416s
   6000 +1.24675142e+08 +1.24752688e+08  7.75e+04   4.31e-02     5.32e+04   3.727s
   7000 +1.24671108e+08 +1.24719780e+08  4.87e+04   3.39e-02     3.64e+04   4.038s
   8000 +1.24670739e+08 +1.24713846e+08  4.31e+04   5.28e-02     3.04e+04   4.350s
   9000 +1.24674224e+08 +1.24700424e+08  2.62e+04   2.28e-02     2.54e+04   4.660s
  10000 +1.24667898e+08 +1.24692432e+08  2.45e+04   1.74e-03     1.72e+04   4.971s
  11000 +1.24665535e+08 +1.24683806e+08  1.83e+04   1.08e-01     1.33e+04   5.277s
  12000 +1.24658595e+08 +1.24658220e+08  3.75e+02   9.63e-01     1.47e+02   5.583s
  12200 +1.24654653e+08 +1.24658363e+08  3.71e+03   7.19e-01     1.62e+02   5.644s
LP Solver status:                Optimal
Primal objective:                +1.24654653e+08
Dual objective:                  +1.24658363e+08
Duality gap (abs/rel):           +3.71e+03 / +1.49e-05
Primal infeasibility (abs/rel):  +7.19e-01 / +7.68e-05
Dual infeasibility (abs/rel):    +1.62e+02 / +3.22e-06
PDLP finished
Status: Optimal   Objective: 1.24654653e+08  Iterations: 12200  Time: 5.657s, Total time 5.717s

Results:
--------
Number of variables: 1372839
Termination status: Optimal (1)
Solve time: 5.717323 seconds
Objective value: 124654652.591663

Solver completed successfully!
