Reading and solving MPS file: ../test_set/relaxedInstances/relaxed_44.mps
Setting parameter method to 1
Setting parameter absolute_primal_tolerance to 1.000000e-06
cuOpt version: 25.12.0, git hash: d97ff6b, host arch: x86_64, device archs: 75-real,80-real,86-real,90a-real,100f-real,120a-real,120
CPU: AMD EPYC 7B12 64-Core Processor, threads (physical/logical): 24/24, RAM: 34.13 GiB
CUDA 13.0, device: NVIDIA L40S (ID 0), VRAM: 47.37 GiB
CUDA device UUID: 74ffffffd2ffffffe65f-2bfffffffe-ffff

Solving a problem with 665476 constraints, 547274 variables (0 integers), and 3317416 nonzeros
Problem scaling:
Objective coefficents range:          [2e-01, 4e+05]
Constraint matrix coefficients range: [4e-05, 3e+03]
Constraint rhs / bounds range:        [2e-13, 2e+04]
Variable bounds range:                [3e-02, 9e+03]
Warning: input problem contains a large range of coefficients: consider reformulating to avoid numerical difficulties.

Third-party presolve is disabled, skipping
Objective offset 2061870000.000000 scaling_factor 1.000000
   Iter    Primal Obj.      Dual Obj.    Gap        Primal Res.  Dual Res.   Time
      0 +2.06187000e+09 +2.06187000e+09  0.00e+00   1.32e+04     8.15e+06   1.714s
   1000 +4.12826400e+07 +7.36146425e+07  3.23e+07   6.19e+01     8.72e+03   1.976s
   2000 +5.96332053e+07 +7.05898067e+07  1.10e+07   1.91e+01     4.55e+03   2.167s
   3000 +5.87703508e+07 +6.69090686e+07  8.14e+06   1.78e+01     2.38e+03   2.354s
   4000 +5.74641744e+07 +6.39982455e+07  6.53e+06   1.34e+01     1.30e+03   2.542s
   5000 +5.64612907e+07 +6.21445341e+07  5.68e+06   1.34e+01     9.09e+02   2.731s
   6000 +5.59329293e+07 +5.97035798e+07  3.77e+06   2.44e+01     4.99e+02   2.919s
   7000 +5.56816708e+07 +5.84575686e+07  2.78e+06   2.28e+01     2.90e+02   3.106s
   8000 +5.56141029e+07 +5.79469409e+07  2.33e+06   1.18e+01     1.97e+02   3.294s
   9000 +5.56168476e+07 +5.76820353e+07  2.07e+06   9.49e+00     1.52e+02   3.483s
  10000 +5.56512835e+07 +5.69615983e+07  1.31e+06   1.06e+01     9.92e+01   3.671s
  11000 +5.56977887e+07 +5.68109443e+07  1.11e+06   9.36e+00     6.94e+01   3.858s
  12000 +5.57516172e+07 +5.67493040e+07  9.98e+05   7.31e+00     4.68e+01   4.044s
  13000 +5.58183352e+07 +5.67185208e+07  9.00e+05   6.50e+00     4.01e+01   4.230s
  14000 +5.58757954e+07 +5.67028930e+07  8.27e+05   6.40e+00     3.60e+01   4.415s
  15000 +5.59308238e+07 +5.66252803e+07  6.94e+05   6.36e+00     3.59e+01   4.605s
  16000 +5.59849403e+07 +5.66222723e+07  6.37e+05   5.70e+00     2.65e+01   4.789s
  17000 +5.60319881e+07 +5.66242825e+07  5.92e+05   3.21e+00     2.06e+01   4.974s
  18000 +5.60632749e+07 +5.66291463e+07  5.66e+05   3.78e+00     1.95e+01   5.160s
  19000 +5.60989567e+07 +5.66325338e+07  5.34e+05   3.73e+00     1.98e+01   5.345s
  20000 +5.61219120e+07 +5.66327012e+07  5.11e+05   3.32e+00     1.63e+01   5.530s
  21000 +5.61347375e+07 +5.66375500e+07  5.03e+05   4.06e+00     1.61e+01   5.714s
  22000 +5.61532821e+07 +5.66421001e+07  4.89e+05   6.79e+00     2.05e+01   5.901s
  23000 +5.61787518e+07 +5.66429205e+07  4.64e+05   2.30e+00     4.11e+01   6.087s
  24000 +5.62152025e+07 +5.66538602e+07  4.39e+05   2.37e+00     3.99e+01   6.272s
  25000 +5.62542074e+07 +5.66651336e+07  4.11e+05   2.64e+00     4.81e+01   6.457s
  26000 +5.62944034e+07 +5.66746494e+07  3.80e+05   1.98e+00     4.95e+01   6.641s
  27000 +5.63212115e+07 +5.66825496e+07  3.61e+05   1.64e+00     3.66e+01   6.827s
  28000 +5.63407521e+07 +5.66904383e+07  3.50e+05   1.94e+00     3.62e+01   7.012s
  29000 +5.63601987e+07 +5.66983412e+07  3.38e+05   1.65e+00     3.52e+01   7.198s
  30000 +5.63702209e+07 +5.67068337e+07  3.37e+05   1.76e+00     3.34e+01   7.382s
  31000 +5.63828736e+07 +5.67128203e+07  3.30e+05   1.58e+00     3.08e+01   7.568s
  32000 +5.63920937e+07 +5.67189655e+07  3.27e+05   1.75e+00     2.70e+01   7.752s
  33000 +5.63984547e+07 +5.67252625e+07  3.27e+05   3.29e+00     2.97e+01   7.938s
  34000 +5.64041266e+07 +5.67316249e+07  3.27e+05   1.75e+00     2.54e+01   8.124s
  35000 +5.64124842e+07 +5.67364153e+07  3.24e+05   2.35e+00     2.63e+01   8.308s
  36000 +5.64313019e+07 +5.67426994e+07  3.11e+05   1.98e+00     9.22e+01   8.494s
  37000 +5.64433681e+07 +5.67553011e+07  3.12e+05   3.41e+00     8.97e+01   8.678s
  38000 +5.64595601e+07 +5.67715883e+07  3.12e+05   1.45e+00     8.16e+01   8.865s
  39000 +5.64851619e+07 +5.67887659e+07  3.04e+05   1.08e+00     8.87e+01   9.051s
  40000 +5.65129554e+07 +5.68004633e+07  2.88e+05   1.21e+00     7.55e+01   9.236s
  41000 +5.65376343e+07 +5.68110736e+07  2.73e+05   1.54e+00     8.69e+01   9.421s
  42000 +5.65671926e+07 +5.68178557e+07  2.51e+05   1.02e+00     7.90e+01   9.607s
  43000 +5.65950398e+07 +5.68238310e+07  2.29e+05   9.17e-01     6.32e+01   9.792s
  44000 +5.66050595e+07 +5.68297627e+07  2.25e+05   1.01e+00     6.35e+01   9.976s
  45000 +5.66265731e+07 +5.68344776e+07  2.08e+05   1.15e+00     5.62e+01   10.161s
  46000 +5.66353180e+07 +5.68358714e+07  2.01e+05   8.73e-01     5.76e+01   10.346s
  47000 +5.66478033e+07 +5.68392795e+07  1.91e+05   8.91e-01     5.48e+01   10.529s
  48000 +5.66500737e+07 +5.68439985e+07  1.94e+05   8.97e-01     5.51e+01   10.717s
  49000 +5.66621784e+07 +5.68472781e+07  1.85e+05   8.24e-01     5.02e+01   10.904s
  50000 +5.66662378e+07 +5.68537186e+07  1.87e+05   7.92e-01     5.32e+01   11.088s
  51000 +5.66956645e+07 +5.68529981e+07  1.57e+05   8.46e-01     8.34e+01   11.273s
  52000 +5.67227668e+07 +5.68582637e+07  1.35e+05   3.57e-01     8.25e+01   11.459s
  53000 +5.67335058e+07 +5.68639707e+07  1.30e+05   3.40e-01     8.00e+01   11.643s
  54000 +5.67457737e+07 +5.68717519e+07  1.26e+05   3.36e-01     7.70e+01   11.828s
  55000 +5.67501056e+07 +5.68776783e+07  1.28e+05   3.21e-01     7.44e+01   12.012s
  56000 +5.67610358e+07 +5.68830487e+07  1.22e+05   3.15e-01     7.51e+01   12.199s
  57000 +5.67641253e+07 +5.68873291e+07  1.23e+05   3.10e-01     7.42e+01   12.384s
  58000 +5.67704936e+07 +5.68908765e+07  1.20e+05   2.79e-01     6.99e+01   12.569s
  59000 +5.67745191e+07 +5.68944920e+07  1.20e+05   2.71e-01     6.67e+01   12.754s
  60000 +5.67793598e+07 +5.68992570e+07  1.20e+05   2.80e-01     6.47e+01   12.939s
  61000 +5.67896947e+07 +5.69034381e+07  1.14e+05   2.91e-01     6.30e+01   13.124s
  62000 +5.68041927e+07 +5.69040127e+07  9.98e+04   2.04e-01     6.19e+01   13.310s
  63000 +5.68083888e+07 +5.69065176e+07  9.81e+04   1.84e-01     8.55e+01   13.494s
  64000 +5.68126849e+07 +5.69095223e+07  9.68e+04   1.70e-01     7.92e+01   13.679s
  65000 +5.68170939e+07 +5.69130206e+07  9.59e+04   1.64e-01     5.84e+01   13.863s
  66000 +5.68211667e+07 +5.69156741e+07  9.45e+04   1.81e-01     6.46e+01   14.048s
  67000 +5.68247406e+07 +5.69186664e+07  9.39e+04   1.71e-01     5.80e+01   14.235s
  68000 +5.68284446e+07 +5.69226236e+07  9.42e+04   1.69e-01     6.20e+01   14.419s
  69000 +5.68337377e+07 +5.69271759e+07  9.34e+04   1.62e-01     6.13e+01   14.604s
  70000 +5.68370095e+07 +5.69306761e+07  9.37e+04   1.68e-01     6.15e+01   14.787s
  71000 +5.68408907e+07 +5.69360951e+07  9.52e+04   1.76e-01     6.51e+01   14.972s
  72000 +5.68444308e+07 +5.69379366e+07  9.35e+04   2.17e-01     6.29e+01   15.157s
  73000 +5.68479609e+07 +5.69411701e+07  9.32e+04   2.05e-01     6.35e+01   15.343s
  74000 +5.68516377e+07 +5.69416701e+07  9.00e+04   1.82e-01     6.42e+01   15.528s
  75000 +5.68558476e+07 +5.69450108e+07  8.92e+04   1.70e-01     6.27e+01   15.715s
  76000 +5.68588054e+07 +5.69471243e+07  8.83e+04   1.58e-01     6.44e+01   15.902s
  77000 +5.68625780e+07 +5.69505549e+07  8.80e+04   1.52e-01     6.46e+01   16.088s
  78000 +5.68649537e+07 +5.69497055e+07  8.48e+04   1.45e-01     6.61e+01   16.271s
  79000 +5.68675185e+07 +5.69512414e+07  8.37e+04   1.38e-01     6.49e+01   16.457s
  80000 +5.68690229e+07 +5.69511607e+07  8.21e+04   1.30e-01     6.18e+01   16.641s
  81000 +5.68737650e+07 +5.69418419e+07  6.81e+04   7.33e-02     5.65e+01   16.826s
  82000 +5.68762026e+07 +5.69416444e+07  6.54e+04   5.99e-02     5.66e+01   17.013s
  83000 +5.68784543e+07 +5.69413453e+07  6.29e+04   5.78e-02     5.44e+01   17.199s
  84000 +5.68802854e+07 +5.69412245e+07  6.09e+04   5.23e-02     5.51e+01   17.384s
  85000 +5.68817417e+07 +5.69406080e+07  5.89e+04   1.02e-01     5.51e+01   17.569s
  86000 +5.68829623e+07 +5.69422951e+07  5.93e+04   1.21e-01     5.30e+01   17.757s
  87000 +5.68840816e+07 +5.69436241e+07  5.95e+04   1.11e-01     5.39e+01   17.943s
  88000 +5.68847400e+07 +5.69449920e+07  6.03e+04   1.05e-01     5.44e+01   18.129s
  89000 +5.68850915e+07 +5.69415416e+07  5.65e+04   9.16e-02     5.34e+01   18.313s
  90000 +5.68852853e+07 +5.69370364e+07  5.18e+04   1.59e-01     4.30e+01   18.497s
  91000 +5.68853771e+07 +5.69363453e+07  5.10e+04   1.36e-01     3.91e+01   18.682s
  92000 +5.68854584e+07 +5.69370729e+07  5.16e+04   1.29e-01     3.76e+01   18.866s
  93000 +5.68856237e+07 +5.69346414e+07  4.90e+04   1.10e-01     3.63e+01   19.051s
  94000 +5.68856922e+07 +5.69348733e+07  4.92e+04   1.01e-01     3.60e+01   19.235s
  95000 +5.68857126e+07 +5.69346153e+07  4.89e+04   8.59e-02     3.47e+01   19.417s
  96000 +5.68857397e+07 +5.69337212e+07  4.80e+04   8.27e-02     3.39e+01   19.602s
  97000 +5.68857828e+07 +5.69329157e+07  4.71e+04   8.60e-02     3.32e+01   19.792s
  98000 +5.68857871e+07 +5.69293278e+07  4.35e+04   8.59e-02     3.24e+01   19.975s
  99000 +5.68858198e+07 +5.69288452e+07  4.30e+04   7.35e-02     3.26e+01   20.159s
 100000 +5.68858159e+07 +5.69281270e+07  4.23e+04   7.11e-02     3.28e+01   20.344s
 101000 +5.68858047e+07 +5.69275909e+07  4.18e+04   6.42e-02     3.29e+01   20.526s
 102000 +5.68858342e+07 +5.69272635e+07  4.14e+04   6.53e-02     3.22e+01   20.710s
 103000 +5.68858794e+07 +5.69267065e+07  4.08e+04   5.60e-02     3.13e+01   20.896s
 104000 +5.68858580e+07 +5.69253303e+07  3.95e+04   5.70e-02     3.14e+01   21.081s
 105000 +5.68857808e+07 +5.69163114e+07  3.05e+04   6.17e-02     2.95e+01   21.265s
 106000 +5.68857038e+07 +5.69162532e+07  3.05e+04   5.22e-02     2.99e+01   21.449s
 107000 +5.68849434e+07 +5.69013145e+07  1.64e+04   9.77e-02     2.71e+01   21.636s
 108000 +5.68843745e+07 +5.68999131e+07  1.55e+04   8.87e-02     2.78e+01   21.818s
 109000 +5.68837831e+07 +5.68997296e+07  1.59e+04   1.17e-01     2.70e+01   22.002s
 110000 +5.68832969e+07 +5.68992647e+07  1.60e+04   1.42e-01     2.75e+01   22.187s
 111000 +5.68830753e+07 +5.68991564e+07  1.61e+04   1.62e-01     2.71e+01   22.371s
 112000 +5.68828851e+07 +5.68979092e+07  1.50e+04   1.47e-01     2.82e+01   22.555s
 113000 +5.68824539e+07 +5.68966118e+07  1.42e+04   4.04e-01     2.69e+01   22.739s
 114000 +5.68823578e+07 +5.68950016e+07  1.26e+04   2.97e-01     2.71e+01   22.923s
 115000 +5.68821395e+07 +5.68944438e+07  1.23e+04   2.56e-01     2.70e+01   23.109s
 116000 +5.68823122e+07 +5.68939650e+07  1.17e+04   2.12e-01     2.34e+01   23.292s
 116800 +5.68820658e+07 +5.68933261e+07  1.13e+04   1.87e-01     2.23e+01   23.442s
LP Solver status:                Optimal
Primal objective:                +5.68820658e+07
Dual objective:                  +5.68933261e+07
Duality gap (abs/rel):           +1.13e+04 / +9.90e-05
Primal infeasibility (abs/rel):  +1.87e-01 / +2.53e-06
Dual infeasibility (abs/rel):    +2.23e+01 / +2.74e-06
PDLP finished
Status: Optimal   Objective: 5.68820658e+07  Iterations: 116800  Time: 23.426s, Total time 23.478s

Results:
--------
Number of variables: 547274
Termination status: Optimal (1)
Solve time: 23.478241 seconds
Objective value: 56882065.818058

Solver completed successfully!
