Reading and solving MPS file: ../test_set/relaxedInstances/relaxed_27.mps
Setting parameter method to 1
Setting parameter absolute_primal_tolerance to 1.000000e-06
cuOpt version: 25.12.0, git hash: d97ff6b, host arch: x86_64, device archs: 75-real,80-real,86-real,90a-real,100f-real,120a-real,120
CPU: AMD EPYC 7B12 64-Core Processor, threads (physical/logical): 24/24, RAM: 34.49 GiB
CUDA 13.0, device: NVIDIA L40S (ID 0), VRAM: 47.37 GiB
CUDA device UUID: 74ffffffd2ffffffe65f-2bfffffffe-ffff

Solving a problem with 17288 constraints, 2401 variables (0 integers), and 85357 nonzeros
Problem scaling:
Objective coefficents range:          [1e+00, 1e+00]
Constraint matrix coefficients range: [1e+00, 1e+00]
Constraint rhs / bounds range:        [0e+00, 1e+00]
Variable bounds range:                [0e+00, 1e+00]

Third-party presolve is disabled, skipping
Objective offset 0.000000 scaling_factor 1.000000
   Iter    Primal Obj.      Dual Obj.    Gap        Primal Res.  Dual Res.   Time
      0 +0.00000000e+00 +0.00000000e+00  0.00e+00   0.00e+00     4.90e+01   0.097s
   1000 -3.24079820e+02 -3.24069666e+02  1.02e-02   7.24e-03     2.37e-02   0.163s
   2000 -3.24071710e+02 -3.24071571e+02  1.39e-04   1.43e-03     4.39e-03   0.193s
LP Solver status:                Optimal
Primal objective:                -3.24071710e+02
Dual objective:                  -3.24071571e+02
Duality gap (abs/rel):           +1.39e-04 / +2.14e-07
Primal infeasibility (abs/rel):  +1.43e-03 / +1.08e-05
Dual infeasibility (abs/rel):    +4.39e-03 / +8.79e-05
PDLP finished
Status: Optimal   Objective: -3.24071710e+02  Iterations: 2000  Time: 0.143s, Total time 0.196s

Results:
--------
Number of variables: 2401
Termination status: Optimal (1)
Solve time: 0.195509 seconds
Objective value: -324.071710

Solver completed successfully!
