Reading and solving MPS file: ../test_set/relaxedInstances/relaxed_38.mps
Setting parameter method to 1
Setting parameter absolute_primal_tolerance to 1.000000e-06
cuOpt version: 25.12.0, git hash: d97ff6b, host arch: x86_64, device archs: 75-real,80-real,86-real,90a-real,100f-real,120a-real,120
CPU: AMD EPYC 7B12 64-Core Processor, threads (physical/logical): 24/24, RAM: 34.47 GiB
CUDA 13.0, device: NVIDIA L40S (ID 0), VRAM: 47.37 GiB
CUDA device UUID: 74ffffffd2ffffffe65f-2bfffffffe-ffff

Solving a problem with 2243 constraints, 7104 variables (0 integers), and 16000 nonzeros
Problem scaling:
Objective coefficents range:          [1e+00, 2e+00]
Constraint matrix coefficients range: [1e+00, 7e+01]
Constraint rhs / bounds range:        [1e+00, 1e+01]
Variable bounds range:                [1e+00, 1e+03]

Third-party presolve is disabled, skipping
Objective offset 0.000000 scaling_factor 1.000000
   Iter    Primal Obj.      Dual Obj.    Gap        Primal Res.  Dual Res.   Time
      0 +0.00000000e+00 +0.00000000e+00  0.00e+00   3.53e+01     1.04e+02   0.107s
    440 +0.00000000e+00 -7.24746214e-05  7.25e-05   9.96e-04     1.17e-04   0.140s
LP Solver status:                Optimal
Primal objective:                +0.00000000e+00
Dual objective:                  -7.24746214e-05
Duality gap (abs/rel):           +7.25e-05 / +7.25e-05
Primal infeasibility (abs/rel):  +9.96e-04 / +1.20e-05
Dual infeasibility (abs/rel):    +1.17e-04 / +1.11e-06
PDLP finished
Status: Optimal   Objective: 0.00000000e+00  Iterations: 440  Time: 0.091s, Total time 0.143s

Results:
--------
Number of variables: 7104
Termination status: Optimal (1)
Solve time: 0.142784 seconds
Objective value: 0.000000

Solver completed successfully!
