Reading and solving MPS file: ../test_set/relaxedInstances/relaxed_23.mps
Setting parameter method to 1
Setting parameter absolute_primal_tolerance to 1.000000e-06
cuOpt version: 25.12.0, git hash: d97ff6b, host arch: x86_64, device archs: 75-real,80-real,86-real,90a-real,100f-real,120a-real,120
CPU: AMD EPYC 7B12 64-Core Processor, threads (physical/logical): 24/24, RAM: 34.49 GiB
CUDA 13.0, device: NVIDIA L40S (ID 0), VRAM: 47.37 GiB
CUDA device UUID: 74ffffffd2ffffffe65f-2bfffffffe-ffff

Solving a problem with 1630 constraints, 1360 variables (0 integers), and 5660 nonzeros
Problem scaling:
Objective coefficents range:          [1e+01, 1e+01]
Constraint matrix coefficients range: [3e-02, 4e+01]
Constraint rhs / bounds range:        [0e+00, 6e+01]
Variable bounds range:                [1e+00, 7e+01]

Third-party presolve is disabled, skipping
Objective offset 0.000000 scaling_factor 1.000000
   Iter    Primal Obj.      Dual Obj.    Gap        Primal Res.  Dual Res.   Time
      0 +0.00000000e+00 +0.00000000e+00  0.00e+00   1.01e+02     3.10e+02   0.201s
    410 +0.00000000e+00 +0.00000000e+00  0.00e+00   0.00e+00     7.13e-06   0.232s
LP Solver status:                Optimal
Primal objective:                +0.00000000e+00
Dual objective:                  +0.00000000e+00
Duality gap (abs/rel):           +0.00e+00 / +0.00e+00
Primal infeasibility (abs/rel):  +0.00e+00 / +0.00e+00
Dual infeasibility (abs/rel):    +7.13e-06 / +2.29e-08
PDLP finished
Status: Optimal   Objective: 0.00000000e+00  Iterations: 410  Time: 0.182s, Total time 0.235s

Results:
--------
Number of variables: 1360
Termination status: Optimal (1)
Solve time: 0.234739 seconds
Objective value: 0.000000

Solver completed successfully!
