Reading and solving MPS file: ../test_set/relaxedInstances/relaxed_10.mps
Setting parameter method to 1
Setting parameter absolute_primal_tolerance to 1.000000e-06
cuOpt version: 25.12.0, git hash: d97ff6b, host arch: x86_64, device archs: 75-real,80-real,86-real,90a-real,100f-real,120a-real,120
CPU: AMD EPYC 7B12 64-Core Processor, threads (physical/logical): 24/24, RAM: 34.57 GiB
CUDA 13.0, device: NVIDIA L40S (ID 0), VRAM: 47.37 GiB
CUDA device UUID: 74ffffffd2ffffffe65f-2bfffffffe-ffff

Solving a problem with 183 constraints, 210 variables (0 integers), and 4898 nonzeros
Problem scaling:
Objective coefficents range:          [1e+00, 1e+00]
Constraint matrix coefficients range: [1e-02, 3e+01]
Constraint rhs / bounds range:        [0e+00, 1e-03]
Variable bounds range:                [1e+00, 2e+01]

Third-party presolve is disabled, skipping
Objective offset 0.000000 scaling_factor 1.000000
   Iter    Primal Obj.      Dual Obj.    Gap        Primal Res.  Dual Res.   Time
      0 +0.00000000e+00 +0.00000000e+00  0.00e+00   1.35e-02     1.35e+01   0.092s
   1000 +1.97678362e-03 +2.00202448e-03  2.52e-05   6.20e-05     8.06e-03   0.154s
   2000 +1.97652072e-03 +1.97319118e-03  3.33e-06   1.04e-06     9.69e-04   0.183s
LP Solver status:                Optimal
Primal objective:                +1.97652072e-03
Dual objective:                  +1.97319118e-03
Duality gap (abs/rel):           +3.33e-06 / +3.32e-06
Primal infeasibility (abs/rel):  +1.04e-06 / +1.03e-06
Dual infeasibility (abs/rel):    +9.69e-04 / +6.67e-05
PDLP finished
Status: Optimal   Objective: 1.97652072e-03  Iterations: 2000  Time: 0.133s, Total time 0.186s

Results:
--------
Number of variables: 210
Termination status: Optimal (1)
Solve time: 0.185963 seconds
Objective value: 0.001977

Solver completed successfully!
