Reading and solving MPS file: ../test_set/relaxedInstances/relaxed_14.mps
Setting parameter method to 1
Setting parameter absolute_primal_tolerance to 1.000000e-06
cuOpt version: 25.12.0, git hash: d97ff6b, host arch: x86_64, device archs: 75-real,80-real,86-real,90a-real,100f-real,120a-real,120
CPU: AMD EPYC 7B12 64-Core Processor, threads (physical/logical): 24/24, RAM: 34.50 GiB
CUDA 13.0, device: NVIDIA L40S (ID 0), VRAM: 47.37 GiB
CUDA device UUID: 74ffffffd2ffffffe65f-2bfffffffe-ffff

Solving a problem with 5874 constraints, 22970 variables (0 integers), and 610580 nonzeros
Problem scaling:
Objective coefficents range:          [7e+00, 6e+03]
Constraint matrix coefficients range: [3e-02, 1e+04]
Constraint rhs / bounds range:        [1e+00, 2e+03]
Variable bounds range:                [1e+00, 1e+04]

Third-party presolve is disabled, skipping
Objective offset 2250.000000 scaling_factor 1.000000
   Iter    Primal Obj.      Dual Obj.    Gap        Primal Res.  Dual Res.   Time
      0 +2.25000000e+03 +2.25000000e+03  0.00e+00   1.05e+03     2.85e+04   0.894s
   1000 +3.35819928e+05 +3.45291502e+05  9.47e+03   6.03e+02     1.54e+02   0.969s
   2000 +3.48264315e+05 +3.55566986e+05  7.30e+03   1.34e+02     4.00e+02   1.008s
   3000 +3.60005353e+05 +3.94911644e+05  3.49e+04   7.30e+01     9.04e+02   1.047s
   4000 +3.69448691e+05 +3.93150270e+05  2.37e+04   1.48e+01     5.88e+02   1.086s
   5000 +3.70099589e+05 +3.78730419e+05  8.63e+03   9.69e+00     3.62e+02   1.125s
   6000 +3.70566086e+05 +3.74098429e+05  3.53e+03   4.04e+00     2.98e+02   1.163s
   7000 +3.70551197e+05 +3.72294873e+05  1.74e+03   3.10e+00     2.74e+02   1.202s
   8000 +3.70608345e+05 +3.72190251e+05  1.58e+03   2.12e+00     1.97e+02   1.240s
   9000 +3.70580519e+05 +3.71909416e+05  1.33e+03   1.55e+00     1.87e+02   1.278s
  10000 +3.70494839e+05 +3.71652412e+05  1.16e+03   1.96e+00     1.82e+02   1.317s
  11000 +3.70444105e+05 +3.71076137e+05  6.32e+02   1.70e+00     8.04e+01   1.354s
  12000 +3.70557148e+05 +3.70686540e+05  1.29e+02   2.83e+00     4.58e+01   1.392s
  13000 +3.70531109e+05 +3.70508697e+05  2.24e+01   1.97e+00     3.54e+01   1.429s
  14000 +3.70544532e+05 +3.70403795e+05  1.41e+02   2.40e+00     2.84e+01   1.467s
  15000 +3.70553343e+05 +3.70404917e+05  1.48e+02   6.22e+00     1.15e+01   1.505s
  16000 +3.70317755e+05 +3.70394017e+05  7.63e+01   7.48e+00     9.92e+00   1.543s
  17000 +3.70192435e+05 +3.70361696e+05  1.69e+02   8.03e+00     3.93e+00   1.580s
  18000 +3.70406617e+05 +3.70349811e+05  5.68e+01   6.39e+00     1.87e+00   1.618s
  19000 +3.70345961e+05 +3.70343330e+05  2.63e+00   5.18e+00     3.50e-01   1.656s
  20000 +3.70432934e+05 +3.70343475e+05  8.95e+01   3.63e+00     3.86e-01   1.693s
  21000 +3.70407679e+05 +3.70344030e+05  6.36e+01   3.32e+00     1.75e-01   1.731s
  22000 +3.70392155e+05 +3.70344080e+05  4.81e+01   3.11e+00     7.91e-02   1.769s
  23000 +3.70379835e+05 +3.70344261e+05  3.56e+01   3.16e+00     1.35e-01   1.807s
  24000 +3.70380958e+05 +3.70345261e+05  3.57e+01   3.14e+00     1.15e-01   1.844s
  25000 +3.70381697e+05 +3.70345725e+05  3.60e+01   3.13e+00     9.92e-02   1.882s
  26000 +3.70385615e+05 +3.70347273e+05  3.83e+01   2.89e+00     2.84e-01   1.920s
  27000 +3.70387860e+05 +3.70347896e+05  4.00e+01   2.83e+00     2.55e-01   1.957s
  28000 +3.70379973e+05 +3.70348282e+05  3.17e+01   2.73e+00     1.40e-01   1.995s
  29000 +3.70395477e+05 +3.70346964e+05  4.85e+01   2.74e+00     1.27e-01   2.032s
  30000 +3.70395276e+05 +3.70348670e+05  4.66e+01   2.79e+00     1.13e-01   2.069s
  31000 +3.70394080e+05 +3.70349333e+05  4.47e+01   2.76e+00     1.39e-01   2.107s
  32000 +3.70391139e+05 +3.70350188e+05  4.10e+01   2.77e+00     1.48e-01   2.144s
  33000 +3.70391868e+05 +3.70349962e+05  4.19e+01   2.73e+00     9.92e-02   2.181s
  34000 +3.70393195e+05 +3.70349620e+05  4.36e+01   2.74e+00     1.08e-01   2.219s
  35000 +3.70398348e+05 +3.70353120e+05  4.52e+01   2.70e+00     2.08e+00   2.256s
  36000 +3.70391185e+05 +3.70359122e+05  3.21e+01   2.64e+00     5.44e+00   2.294s
  37000 +3.70378903e+05 +3.70360919e+05  1.80e+01   2.46e+00     8.09e+00   2.331s
  38000 +3.70367504e+05 +3.70363054e+05  4.45e+00   2.33e+00     1.05e+01   2.369s
  39000 +3.70353500e+05 +3.70379538e+05  2.60e+01   2.15e+00     1.26e+01   2.407s
  40000 +3.70346427e+05 +3.70374623e+05  2.82e+01   1.96e+00     1.37e+01   2.445s
  41000 +3.70341078e+05 +3.70371047e+05  3.00e+01   1.81e+00     1.39e+01   2.482s
  42000 +3.70332585e+05 +3.70377655e+05  4.51e+01   1.67e+00     1.33e+01   2.520s
  43000 +3.70326385e+05 +3.70393988e+05  6.76e+01   1.59e+00     1.22e+01   2.558s
  44000 +3.70324884e+05 +3.70402448e+05  7.76e+01   1.55e+00     1.11e+01   2.595s
  45000 +3.70320945e+05 +3.70397805e+05  7.69e+01   1.52e+00     9.97e+00   2.633s
  46000 +3.70322213e+05 +3.70390410e+05  6.82e+01   1.49e+00     8.84e+00   2.670s
  47000 +3.70327541e+05 +3.70387977e+05  6.04e+01   1.47e+00     7.67e+00   2.708s
  48000 +3.70332127e+05 +3.70393194e+05  6.11e+01   1.43e+00     6.36e+00   2.746s
  49000 +3.70336535e+05 +3.70398352e+05  6.18e+01   1.41e+00     5.12e+00   2.784s
  50000 +3.70338385e+05 +3.70395412e+05  5.70e+01   1.40e+00     4.20e+00   2.821s
  51000 +3.70351836e+05 +3.70386674e+05  3.48e+01   1.17e+00     4.30e+00   2.859s
  52000 +3.70362750e+05 +3.70379024e+05  1.63e+01   1.03e+00     4.99e+00   2.896s
  53000 +3.70355621e+05 +3.70368132e+05  1.25e+01   9.73e-01     5.58e+00   2.934s
  54000 +3.70356453e+05 +3.70361269e+05  4.82e+00   9.12e-01     5.98e+00   2.972s
  55000 +3.70355222e+05 +3.70360598e+05  5.38e+00   8.47e-01     6.05e+00   3.009s
  56000 +3.70353960e+05 +3.70364105e+05  1.01e+01   8.08e-01     5.75e+00   3.046s
  57000 +3.70350213e+05 +3.70372542e+05  2.23e+01   8.02e-01     5.27e+00   3.084s
  58000 +3.70351367e+05 +3.70382831e+05  3.15e+01   7.91e-01     4.70e+00   3.121s
  59000 +3.70352339e+05 +3.70388145e+05  3.58e+01   7.44e-01     4.40e+00   3.158s
  60000 +3.70353691e+05 +3.70404141e+05  5.05e+01   7.42e-01     4.19e+00   3.196s
  61000 +3.70353654e+05 +3.70407448e+05  5.38e+01   7.36e-01     4.14e+00   3.233s
  62000 +3.70354116e+05 +3.70411668e+05  5.76e+01   7.26e-01     4.13e+00   3.271s
  63000 +3.70356449e+05 +3.70416083e+05  5.96e+01   7.07e-01     4.13e+00   3.308s
  64000 +3.70358764e+05 +3.70419420e+05  6.07e+01   6.84e-01     4.12e+00   3.345s
  65000 +3.70360107e+05 +3.70420250e+05  6.01e+01   6.79e-01     4.12e+00   3.383s
  66000 +3.70361389e+05 +3.70420249e+05  5.89e+01   6.75e-01     4.05e+00   3.421s
  67000 +3.70362441e+05 +3.70418985e+05  5.65e+01   6.74e-01     3.92e+00   3.458s
  68000 +3.70366714e+05 +3.70418426e+05  5.17e+01   6.49e-01     3.86e+00   3.496s
  69000 +3.70367464e+05 +3.70414973e+05  4.75e+01   6.40e-01     3.68e+00   3.533s
  70000 +3.70365923e+05 +3.70414021e+05  4.81e+01   6.55e-01     3.48e+00   3.571s
  71000 +3.70368277e+05 +3.70410761e+05  4.25e+01   6.41e-01     3.28e+00   3.609s
  72000 +3.70366737e+05 +3.70410460e+05  4.37e+01   6.49e-01     3.08e+00   3.646s
  73000 +3.70367692e+05 +3.70410600e+05  4.29e+01   6.48e-01     2.87e+00   3.684s
  74000 +3.70366976e+05 +3.70410615e+05  4.36e+01   6.53e-01     2.62e+00   3.721s
  75000 +3.70371093e+05 +3.70412869e+05  4.18e+01   6.31e-01     2.59e+00   3.759s
  76000 +3.70372098e+05 +3.70413649e+05  4.16e+01   6.30e-01     1.97e+00   3.797s
  77000 +3.70374758e+05 +3.70413330e+05  3.86e+01   6.08e-01     2.07e+00   3.834s
  78000 +3.70374471e+05 +3.70414189e+05  3.97e+01   6.14e-01     1.58e+00   3.872s
  79000 +3.70375597e+05 +3.70413225e+05  3.76e+01   6.08e-01     1.13e+00   3.910s
  80000 +3.70379141e+05 +3.70406727e+05  2.76e+01   5.82e-01     1.43e+00   3.947s
  81000 +3.70380571e+05 +3.70410272e+05  2.97e+01   5.76e-01     1.10e+00   3.985s
  82000 +3.70380659e+05 +3.70410442e+05  2.98e+01   5.71e-01     9.04e-01   4.022s
  83000 +3.70379896e+05 +3.70406784e+05  2.69e+01   5.69e-01     1.12e+00   4.060s
  84000 +3.70391166e+05 +3.70391034e+05  1.32e-01   3.42e-01     4.16e+00   4.098s
  85000 +3.70397167e+05 +3.70692051e+05  2.95e+02   2.86e-01     9.25e+01   4.135s
  86000 +3.70404638e+05 +3.70577111e+05  1.72e+02   2.14e-01     4.81e+01   4.173s
  87000 +3.70413035e+05 +3.70617497e+05  2.04e+02   1.39e-01     3.56e+01   4.210s
  88000 +3.70420781e+05 +3.70724150e+05  3.03e+02   7.34e-02     9.40e+01   4.248s
  89000 +3.70423069e+05 +3.70659908e+05  2.37e+02   3.01e-02     6.25e+01   4.285s
  90000 +3.70423839e+05 +3.70601520e+05  1.78e+02   1.22e-02     1.06e+02   4.322s
  91000 +3.70424100e+05 +3.70471673e+05  4.76e+01   6.14e-03     3.83e+01   4.360s
  92000 +3.70424034e+05 +3.70480254e+05  5.62e+01   5.76e-03     2.90e+01   4.397s
  93000 +3.70424025e+05 +3.70501559e+05  7.75e+01   5.68e-03     2.63e+01   4.435s
  94000 +3.70424029e+05 +3.70503206e+05  7.92e+01   3.91e-03     2.71e+01   4.472s
  95000 +3.70424068e+05 +3.70501820e+05  7.78e+01   1.79e-03     2.20e+01   4.511s
  96000 +3.70424077e+05 +3.70522607e+05  9.85e+01   8.91e-04     2.09e+01   4.549s
  97000 +3.70424056e+05 +3.70534361e+05  1.10e+02   6.90e-04     2.06e+01   4.586s
  98000 +3.70424028e+05 +3.70544166e+05  1.20e+02   9.35e-04     1.81e+01   4.625s
  99000 +3.70423992e+05 +3.70521707e+05  9.77e+01   6.17e-04     1.83e+01   4.663s
 100000 +3.70423988e+05 +3.70536498e+05  1.13e+02   5.06e-04     1.81e+01   4.700s
 101000 +3.70423999e+05 +3.70517172e+05  9.32e+01   3.12e-04     1.81e+01   4.738s
 102000 +3.70423966e+05 +3.70545605e+05  1.22e+02   4.02e-04     1.80e+01   4.775s
 103000 +3.70423944e+05 +3.70551632e+05  1.28e+02   3.44e-04     1.79e+01   4.813s
 104000 +3.70423916e+05 +3.70520939e+05  9.70e+01   2.92e-04     1.80e+01   4.850s
 105000 +3.70423904e+05 +3.70541921e+05  1.18e+02   3.07e-04     1.78e+01   4.888s
 106000 +3.70423900e+05 +3.70513478e+05  8.96e+01   4.02e-04     1.74e+01   4.926s
 107000 +3.70423899e+05 +3.70526200e+05  1.02e+02   4.89e-04     1.70e+01   4.964s
 108000 +3.70423887e+05 +3.70537327e+05  1.13e+02   8.75e-04     1.65e+01   5.002s
 109000 +3.70423868e+05 +3.70508414e+05  8.45e+01   1.30e-03     1.53e+01   5.039s
 110000 +3.70423871e+05 +3.70484857e+05  6.10e+01   1.65e-03     1.40e+01   5.077s
 111000 +3.70423873e+05 +3.70460327e+05  3.65e+01   1.79e-03     1.28e+01   5.115s
 112000 +3.70423856e+05 +3.70421172e+05  2.68e+00   1.85e-03     1.18e+01   5.152s
 113000 +3.70423851e+05 +3.70407417e+05  1.64e+01   1.74e-03     1.14e+01   5.190s
 114000 +3.70423839e+05 +3.70391169e+05  3.27e+01   1.48e-03     1.16e+01   5.228s
 115000 +3.70423814e+05 +3.70374765e+05  4.90e+01   3.24e-04     1.15e+01   5.266s
 116000 +3.70423788e+05 +3.70391738e+05  3.21e+01   6.61e-04     1.13e+01   5.303s
 117000 +3.70423799e+05 +3.70386139e+05  3.77e+01   8.50e-04     1.13e+01   5.341s
 118000 +3.70423768e+05 +3.70383439e+05  4.03e+01   6.90e-04     1.13e+01   5.378s
 119000 +3.70423736e+05 +3.70384270e+05  3.95e+01   4.92e-04     1.13e+01   5.415s
 120000 +3.70423700e+05 +3.70384277e+05  3.94e+01   5.19e-04     1.12e+01   5.453s
 121000 +3.70423670e+05 +3.70384032e+05  3.96e+01   5.38e-04     1.12e+01   5.490s
 122000 +3.70423641e+05 +3.70383780e+05  3.99e+01   4.44e-04     1.12e+01   5.527s
 123000 +3.70423595e+05 +3.70385432e+05  3.82e+01   1.14e-03     1.10e+01   5.565s
 124000 +3.70423566e+05 +3.70378550e+05  4.50e+01   6.23e-04     1.10e+01   5.602s
 125000 +3.70423526e+05 +3.70382193e+05  4.13e+01   5.50e-04     1.10e+01   5.640s
 126000 +3.70423511e+05 +3.70384503e+05  3.90e+01   5.31e-04     1.10e+01   5.677s
 127000 +3.70423475e+05 +3.70381274e+05  4.22e+01   5.70e-04     1.10e+01   5.715s
 128000 +3.70423450e+05 +3.70382938e+05  4.05e+01   4.77e-04     1.10e+01   5.753s
 129000 +3.70423420e+05 +3.70385328e+05  3.81e+01   3.80e-04     1.10e+01   5.791s
 130000 +3.70423378e+05 +3.70385876e+05  3.75e+01   2.49e-04     1.10e+01   5.828s
 131000 +3.70423363e+05 +3.70385743e+05  3.76e+01   4.25e-04     1.10e+01   5.866s
 132000 +3.70423333e+05 +3.70386555e+05  3.68e+01   3.15e-04     1.10e+01   5.903s
 133000 +3.70423302e+05 +3.70382797e+05  4.05e+01   2.94e-04     1.10e+01   5.941s
 134000 +3.70423267e+05 +3.70387400e+05  3.59e+01   3.22e-04     1.10e+01   5.979s
 135000 +3.70423240e+05 +3.70385736e+05  3.75e+01   3.07e-04     1.10e+01   6.016s
 136000 +3.70423217e+05 +3.70383271e+05  3.99e+01   3.42e-04     1.10e+01   6.054s
 137000 +3.70423190e+05 +3.70384825e+05  3.84e+01   2.18e-04     1.10e+01   6.091s
 138000 +3.70423158e+05 +3.70383780e+05  3.94e+01   1.55e-04     1.10e+01   6.129s
 139000 +3.70423128e+05 +3.70384957e+05  3.82e+01   3.17e-04     1.10e+01   6.166s
 140000 +3.70423097e+05 +3.70384073e+05  3.90e+01   2.00e-04     1.10e+01   6.204s
 141000 +3.70423065e+05 +3.70386097e+05  3.70e+01   1.52e-04     1.10e+01   6.241s
 142000 +3.70423036e+05 +3.70385068e+05  3.80e+01   1.96e-04     1.10e+01   6.279s
 143000 +3.70422996e+05 +3.70384709e+05  3.83e+01   2.18e-04     1.10e+01   6.316s
 144000 +3.70422972e+05 +3.70383869e+05  3.91e+01   2.20e-04     1.10e+01   6.354s
 145000 +3.70422947e+05 +3.70384260e+05  3.87e+01   1.71e-04     1.10e+01   6.391s
 146000 +3.70422915e+05 +3.70385548e+05  3.74e+01   1.78e-04     1.10e+01   6.428s
 147000 +3.70422892e+05 +3.70384420e+05  3.85e+01   1.99e-04     1.10e+01   6.465s
 148000 +3.70422857e+05 +3.70385748e+05  3.71e+01   1.95e-04     1.10e+01   6.503s
 149000 +3.70422827e+05 +3.70383458e+05  3.94e+01   1.43e-04     1.10e+01   6.540s
 150000 +3.70422798e+05 +3.70385760e+05  3.70e+01   1.79e-04     1.10e+01   6.577s
 151000 +3.70422773e+05 +3.70386453e+05  3.63e+01   3.09e-04     1.10e+01   6.615s
 152000 +3.70422764e+05 +3.70384688e+05  3.81e+01   1.13e-03     1.10e+01   6.653s
 153000 +3.70422754e+05 +3.70386578e+05  3.62e+01   1.96e-03     1.09e+01   6.690s
 154000 +3.70422743e+05 +3.70385914e+05  3.68e+01   2.78e-03     1.09e+01   6.727s
 155000 +3.70422728e+05 +3.70386088e+05  3.66e+01   3.40e-03     1.09e+01   6.765s
 156000 +3.70422727e+05 +3.70385578e+05  3.71e+01   4.02e-03     1.08e+01   6.802s
 157000 +3.70422719e+05 +3.70386779e+05  3.59e+01   4.49e-03     1.08e+01   6.840s
 158000 +3.70422706e+05 +3.70386998e+05  3.57e+01   4.83e-03     1.08e+01   6.877s
 159000 +3.70422687e+05 +3.70388473e+05  3.42e+01   5.02e-03     1.07e+01   6.915s
 160000 +3.70422679e+05 +3.70387868e+05  3.48e+01   5.13e-03     1.07e+01   6.953s
 161000 +3.70422664e+05 +3.70388668e+05  3.40e+01   5.07e-03     1.06e+01   6.990s
 162000 +3.70422648e+05 +3.70389720e+05  3.29e+01   4.91e-03     1.06e+01   7.028s
 163000 +3.70422630e+05 +3.70389966e+05  3.27e+01   4.63e-03     1.06e+01   7.065s
 164000 +3.70422609e+05 +3.70391160e+05  3.14e+01   4.25e-03     1.06e+01   7.103s
 165000 +3.70422593e+05 +3.70390702e+05  3.19e+01   3.80e-03     1.06e+01   7.140s
 166000 +3.70422573e+05 +3.70391318e+05  3.13e+01   3.24e-03     1.06e+01   7.178s
 167000 +3.70422560e+05 +3.70391760e+05  3.08e+01   2.66e-03     1.06e+01   7.216s
 168000 +3.70422538e+05 +3.70390066e+05  3.25e+01   2.03e-03     1.06e+01   7.253s
 169000 +3.70422526e+05 +3.70391214e+05  3.13e+01   1.40e-03     1.06e+01   7.290s
 170000 +3.70422506e+05 +3.70391384e+05  3.11e+01   8.11e-04     1.06e+01   7.328s
 171000 +3.70422489e+05 +3.70390776e+05  3.17e+01   2.16e-04     1.06e+01   7.365s
 172000 +3.70422444e+05 +3.70391315e+05  3.11e+01   3.67e-04     1.06e+01   7.403s
 173000 +3.70422369e+05 +3.70391339e+05  3.10e+01   2.75e-04     1.06e+01   7.441s
 174000 +3.70422282e+05 +3.70391300e+05  3.10e+01   1.62e-04     1.06e+01   7.478s
 175000 +3.70422197e+05 +3.70391294e+05  3.09e+01   7.88e-05     1.06e+01   7.516s
 176000 +3.70422114e+05 +3.70391339e+05  3.08e+01   4.65e-05     1.06e+01   7.554s
 177000 +3.70422390e+05 +3.70391633e+05  3.08e+01   1.44e-03     1.05e+01   7.591s
 178000 +3.70422758e+05 +3.70390182e+05  3.26e+01   2.95e-03     1.03e+01   7.629s
 179000 +3.70422993e+05 +3.70388489e+05  3.45e+01   4.13e-03     9.88e+00   7.667s
 180000 +3.70422987e+05 +3.70386037e+05  3.70e+01   4.76e-03     9.44e+00   7.704s
 181000 +3.70422798e+05 +3.70383985e+05  3.88e+01   4.91e-03     8.97e+00   7.742s
 182000 +3.70422459e+05 +3.70382934e+05  3.95e+01   4.69e-03     8.57e+00   7.779s
 183000 +3.70422072e+05 +3.70383580e+05  3.85e+01   4.22e-03     8.30e+00   7.817s
 184000 +3.70421721e+05 +3.70385077e+05  3.66e+01   3.65e-03     8.17e+00   7.854s
 185000 +3.70421442e+05 +3.70386667e+05  3.48e+01   3.24e-03     8.18e+00   7.892s
 186000 +3.70421274e+05 +3.70389430e+05  3.18e+01   3.26e-03     8.26e+00   7.930s
 187000 +3.70421241e+05 +3.70391707e+05  2.95e+01   2.97e-03     8.36e+00   7.968s
 188000 +3.70421302e+05 +3.70393132e+05  2.82e+01   2.68e-03     8.45e+00   8.006s
 189000 +3.70421431e+05 +3.70393406e+05  2.80e+01   2.73e-03     8.50e+00   8.043s
 190000 +3.70421551e+05 +3.70392199e+05  2.94e+01   2.76e-03     8.53e+00   8.081s
 191000 +3.70421577e+05 +3.70390862e+05  3.07e+01   2.94e-03     8.52e+00   8.118s
 192000 +3.70421567e+05 +3.70389661e+05  3.19e+01   2.77e-03     8.44e+00   8.156s
 193000 +3.70421479e+05 +3.70388099e+05  3.34e+01   2.91e-03     8.29e+00   8.193s
 194000 +3.70421282e+05 +3.70387606e+05  3.37e+01   2.46e-03     8.25e+00   8.230s
 195000 +3.70421076e+05 +3.70387070e+05  3.40e+01   2.55e-03     8.21e+00   8.268s
 196000 +3.70420866e+05 +3.70386896e+05  3.40e+01   2.19e-03     8.17e+00   8.305s
 197000 +3.70420693e+05 +3.70388083e+05  3.26e+01   2.12e-03     8.19e+00   8.342s
 198000 +3.70420600e+05 +3.70389455e+05  3.11e+01   2.08e-03     8.22e+00   8.380s
 199000 +3.70420580e+05 +3.70391199e+05  2.94e+01   2.66e-03     8.26e+00   8.417s
 200000 +3.70420608e+05 +3.70391777e+05  2.88e+01   5.06e-03     8.22e+00   8.454s
 201000 +3.70420720e+05 +3.70389075e+05  3.16e+01   7.64e-03     8.12e+00   8.492s
 202000 +3.70420802e+05 +3.70387192e+05  3.36e+01   1.00e-02     7.95e+00   8.529s
 203000 +3.70420825e+05 +3.70385634e+05  3.52e+01   1.18e-02     7.74e+00   8.566s
 204000 +3.70420801e+05 +3.70382435e+05  3.84e+01   1.33e-02     7.57e+00   8.604s
 205000 +3.70420725e+05 +3.70382020e+05  3.87e+01   1.51e-02     7.30e+00   8.641s
 206000 +3.70420615e+05 +3.70383183e+05  3.74e+01   1.68e-02     7.00e+00   8.679s
 207000 +3.70420408e+05 +3.70384682e+05  3.57e+01   1.86e-02     6.76e+00   8.717s
 208000 +3.70420244e+05 +3.70387734e+05  3.25e+01   2.04e-02     6.53e+00   8.754s
 209000 +3.70420151e+05 +3.70390686e+05  2.95e+01   2.18e-02     6.30e+00   8.792s
 210000 +3.70420064e+05 +3.70395163e+05  2.49e+01   2.32e-02     6.07e+00   8.829s
 211000 +3.70420053e+05 +3.70399705e+05  2.03e+01   2.45e-02     5.84e+00   8.867s
 212000 +3.70420132e+05 +3.70401140e+05  1.90e+01   2.56e-02     5.57e+00   8.904s
 213000 +3.70420239e+05 +3.70403162e+05  1.71e+01   2.67e-02     5.28e+00   8.942s
 214000 +3.70420311e+05 +3.70404528e+05  1.58e+01   2.74e-02     4.99e+00   8.980s
 215000 +3.70420396e+05 +3.70403743e+05  1.67e+01   2.80e-02     4.65e+00   9.017s
 216000 +3.70420798e+05 +3.70402441e+05  1.84e+01   2.80e-02     4.32e+00   9.055s
 217000 +3.70420921e+05 +3.70399489e+05  2.14e+01   1.71e-02     4.25e+00   9.092s
 218000 +3.70420959e+05 +3.70396907e+05  2.41e+01   2.03e-02     4.20e+00   9.130s
 219000 +3.70420925e+05 +3.70398125e+05  2.28e+01   2.45e-02     4.12e+00   9.167s
 220000 +3.70420704e+05 +3.70397654e+05  2.31e+01   2.82e-02     4.03e+00   9.205s
 221000 +3.70420514e+05 +3.70398620e+05  2.19e+01   3.22e-02     3.94e+00   9.242s
 222000 +3.70420244e+05 +3.70400203e+05  2.00e+01   3.58e-02     3.83e+00   9.280s
 223000 +3.70419959e+05 +3.70401793e+05  1.82e+01   3.85e-02     3.73e+00   9.317s
 224000 +3.70419754e+05 +3.70403586e+05  1.62e+01   4.04e-02     3.63e+00   9.354s
 225000 +3.70419589e+05 +3.70404516e+05  1.51e+01   4.19e-02     3.54e+00   9.392s
 226000 +3.70419486e+05 +3.70406091e+05  1.34e+01   4.35e-02     3.44e+00   9.429s
 227000 +3.70419404e+05 +3.70407077e+05  1.23e+01   4.51e-02     3.35e+00   9.466s
 228000 +3.70419363e+05 +3.70407157e+05  1.22e+01   4.66e-02     3.27e+00   9.504s
 229000 +3.70419377e+05 +3.70406838e+05  1.25e+01   4.84e-02     3.19e+00   9.542s
 230000 +3.70419406e+05 +3.70407136e+05  1.23e+01   5.03e-02     3.11e+00   9.580s
 231000 +3.70419378e+05 +3.70407129e+05  1.22e+01   5.22e-02     3.03e+00   9.617s
 232000 +3.70419342e+05 +3.70407051e+05  1.23e+01   5.42e-02     2.96e+00   9.655s
 233000 +3.70419434e+05 +3.70407067e+05  1.24e+01   5.71e-02     2.85e+00   9.692s
 233200 +3.70419352e+05 +3.70406990e+05  1.24e+01   5.73e-02     2.83e+00   9.700s
LP Solver status:                Optimal
Primal objective:                +3.70419352e+05
Dual objective:                  +3.70406990e+05
Duality gap (abs/rel):           +1.24e+01 / +1.67e-05
Primal infeasibility (abs/rel):  +5.73e-02 / +1.59e-05
Dual infeasibility (abs/rel):    +2.83e+00 / +9.94e-05
PDLP finished
Status: Optimal   Objective: 3.70419352e+05  Iterations: 233200  Time: 9.652s, Total time 9.707s

Results:
--------
Number of variables: 22970
Termination status: Optimal (1)
Solve time: 9.706594 seconds
Objective value: 370419.351927

Solver completed successfully!
