Reading and solving MPS file: ../test_set/relaxedInstances/relaxed_03.mps
Setting parameter method to 1
Setting parameter absolute_primal_tolerance to 1.000000e-06
cuOpt version: 25.12.0, git hash: d97ff6b, host arch: x86_64, device archs: 75-real,80-real,86-real,90a-real,100f-real,120a-real,120
CPU: AMD EPYC 7B12 64-Core Processor, threads (physical/logical): 24/24, RAM: 34.58 GiB
CUDA 13.0, device: NVIDIA L40S (ID 0), VRAM: 47.37 GiB
CUDA device UUID: 74ffffffd2ffffffe65f-2bfffffffe-ffff

Solving a problem with 1929 constraints, 2351 variables (0 integers), and 21277 nonzeros
Problem scaling:
Objective coefficents range:          [1e+00, 1e+00]
Constraint matrix coefficients range: [1e-01, 1e+03]
Constraint rhs / bounds range:        [1e+00, 2e+01]
Variable bounds range:                [1e+00, 8e+03]

Third-party presolve is disabled, skipping
Objective offset 0.000000 scaling_factor 1.000000
   Iter    Primal Obj.      Dual Obj.    Gap        Primal Res.  Dual Res.   Time
      0 +0.00000000e+00 +0.00000000e+00  0.00e+00   2.86e+01     1.00e+00   0.109s
   1000 +2.64083723e+02 +5.83930126e+02  3.20e+02   1.11e+01     9.84e-01   0.173s
   2000 +3.12411761e+02 +1.96056698e+02  1.16e+02   2.81e+01     2.49e-01   0.202s
   3000 +2.68420661e+02 +5.99229628e+01  2.08e+02   4.40e+00     4.09e-01   0.232s
   4000 +2.38914146e+02 +6.01845623e+01  1.79e+02   8.52e-01     3.15e-01   0.262s
   5000 +2.15639612e+02 +7.11655708e+01  1.44e+02   3.28e+00     2.61e-01   0.291s
   6000 +1.08150509e+02 +1.12569849e+02  4.42e+00   2.25e+01     1.20e-01   0.320s
   7000 +1.22696405e+02 +1.78954014e+02  5.63e+01   1.89e+01     2.63e-02   0.349s
   8000 +1.43178038e+02 +1.86359497e+02  4.32e+01   1.45e+01     2.28e-02   0.380s
   9000 +1.58841042e+02 +2.11325837e+02  5.25e+01   1.17e+01     5.49e-02   0.409s
  10000 +1.73836398e+02 +2.04932133e+02  3.11e+01   8.42e+00     2.26e-02   0.440s
  11000 +1.72384662e+02 +2.07701414e+02  3.53e+01   8.30e+00     2.32e-02   0.468s
  12000 +1.76302068e+02 +2.12060047e+02  3.58e+01   8.07e+00     3.06e-02   0.495s
  13000 +1.80559020e+02 +2.13576521e+02  3.30e+01   7.21e+00     1.85e-02   0.523s
  14000 +1.79429675e+02 +2.13393379e+02  3.40e+01   7.36e+00     8.49e-03   0.551s
  15000 +1.80624565e+02 +2.55981598e+02  7.54e+01   7.20e+00     1.33e-01   0.579s
  16000 +1.84820821e+02 +3.12019166e+02  1.27e+02   6.73e+00     2.84e-01   0.606s
  17000 +1.96959119e+02 +3.81030766e+02  1.84e+02   5.31e+00     5.55e-01   0.634s
  18000 +2.14008492e+02 +4.15017972e+02  2.01e+02   3.34e+00     6.89e-01   0.661s
  19000 +2.31026146e+02 +4.12025102e+02  1.81e+02   1.36e+00     6.72e-01   0.689s
  20000 +2.43906769e+02 +3.77372109e+02  1.33e+02   6.31e-02     5.36e-01   0.716s
  21000 +2.50317494e+02 +3.28270087e+02  7.80e+01   4.30e-01     3.41e-01   0.744s
  22000 +2.50159984e+02 +2.81231474e+02  3.11e+01   4.21e-01     1.54e-01   0.772s
  23000 +2.55354165e+02 +2.73186197e+02  1.78e+01   6.98e-01     1.21e-01   0.800s
  24000 +2.58325320e+02 +2.61212529e+02  2.89e+00   8.60e-01     7.35e-02   0.827s
  25000 +2.58581147e+02 +2.48327941e+02  1.03e+01   8.77e-01     2.28e-02   0.855s
  26000 +2.56361187e+02 +2.37470656e+02  1.89e+01   7.55e-01     2.19e-02   0.884s
  27000 +2.52534905e+02 +2.30760741e+02  2.18e+01   5.46e-01     4.84e-02   0.912s
  28000 +2.48309561e+02 +2.28963833e+02  1.93e+01   3.08e-01     5.55e-02   0.939s
  29000 +2.44834206e+02 +2.31388398e+02  1.34e+01   1.17e-01     4.57e-02   0.967s
  30000 +2.43037948e+02 +2.35079700e+02  7.96e+00   1.68e-02     3.09e-02   0.996s
  31000 +2.42630541e+02 +2.35080022e+02  7.55e+00   1.25e-02     3.09e-02   1.023s
  32000 +2.42275115e+02 +2.36199901e+02  6.08e+00   5.38e-02     2.64e-02   1.052s
  33000 +2.42045386e+02 +2.38108419e+02  3.94e+00   8.04e-02     1.88e-02   1.080s
  34000 +2.41977216e+02 +2.40290751e+02  1.69e+00   8.83e-02     1.00e-02   1.108s
  35000 +2.42060329e+02 +2.42207383e+02  1.47e-01   7.87e-02     2.48e-03   1.136s
  36000 +2.42244888e+02 +2.43454908e+02  1.21e+00   5.73e-02     2.89e-03   1.163s
  37000 +2.42460109e+02 +2.43873468e+02  1.41e+00   3.23e-02     4.51e-03   1.191s
  38000 +2.42585453e+02 +2.44090734e+02  1.51e+00   1.77e-02     5.37e-03   1.219s
  39000 +2.42626229e+02 +2.44737134e+02  2.11e+00   1.30e-02     7.94e-03   1.247s
  40000 +2.42679106e+02 +2.45029651e+02  2.35e+00   6.87e-03     9.11e-03   1.274s
  41000 +2.42731497e+02 +2.44934764e+02  2.20e+00   7.99e-04     8.73e-03   1.302s
  42000 +2.42771837e+02 +2.44522673e+02  1.75e+00   1.84e-03     7.08e-03   1.330s
  43000 +2.42792907e+02 +2.43940867e+02  1.15e+00   3.02e-03     4.76e-03   1.357s
  44000 +2.42793609e+02 +2.43364451e+02  5.71e-01   3.06e-03     2.49e-03   1.386s
  45000 +2.42778685e+02 +2.42941003e+02  1.62e-01   2.22e-03     9.69e-04   1.413s
  46000 +2.42772122e+02 +2.42803415e+02  3.13e-02   1.87e-03     6.89e-04   1.441s
  47000 +2.42771197e+02 +2.42749938e+02  2.13e-02   1.81e-03     6.81e-04   1.469s
  48000 +2.42765590e+02 +2.42705646e+02  5.99e-02   1.50e-03     7.25e-04   1.497s
  49000 +2.42756959e+02 +2.42679522e+02  7.74e-02   1.10e-03     7.75e-04   1.526s
  50000 +2.42747636e+02 +2.42674583e+02  7.31e-02   4.85e-04     7.82e-04   1.554s
  51000 +2.42739892e+02 +2.42688523e+02  5.14e-02   1.22e-04     7.53e-04   1.582s
  52000 +2.42735273e+02 +2.42714100e+02  2.12e-02   3.47e-04     7.13e-04   1.610s
  53000 +2.42734213e+02 +2.42741250e+02  7.04e-03   4.69e-04     6.85e-04   1.637s
  54000 +2.42736030e+02 +2.42761992e+02  2.60e-02   2.57e-04     6.80e-04   1.665s
  55000 +2.42737636e+02 +2.42769674e+02  3.20e-02   1.86e-04     6.80e-04   1.693s
  56000 +2.42737019e+02 +2.42770621e+02  3.36e-02   5.44e-04     6.73e-04   1.720s
  57000 +2.42736557e+02 +2.42771256e+02  3.47e-02   1.03e-03     6.60e-04   1.748s
  58000 +2.42736116e+02 +2.42772658e+02  3.65e-02   1.08e-03     6.56e-04   1.775s
  59000 +2.42735499e+02 +2.42775866e+02  4.04e-02   2.56e-03     6.31e-04   1.803s
  60000 +2.42735151e+02 +2.42777992e+02  4.28e-02   2.12e-03     6.26e-04   1.831s
  61000 +2.42735140e+02 +2.42779737e+02  4.46e-02   2.13e-03     6.08e-04   1.859s
  62000 +2.42735349e+02 +2.42778272e+02  4.29e-02   2.52e-03     5.94e-04   1.887s
  63000 +2.42735945e+02 +2.42777769e+02  4.18e-02   3.46e-03     5.93e-04   1.914s
  64000 +2.42736538e+02 +2.42778176e+02  4.16e-02   1.92e-03     5.74e-04   1.942s
  65000 +2.42737265e+02 +2.42771637e+02  3.44e-02   4.62e-03     5.13e-04   1.970s
  66000 +2.42861736e+02 +2.42741741e+02  1.20e-01   5.69e-01     6.76e-05   1.998s
  67000 +2.43054550e+02 +2.42739633e+02  3.15e-01   6.68e-02     3.20e-05   2.026s
  68000 +2.43383817e+02 +2.42739611e+02  6.44e-01   4.69e-02     1.79e-05   2.054s
  69000 +2.43750656e+02 +2.42738476e+02  1.01e+00   7.03e-02     8.66e-06   2.082s
  70000 +2.43943816e+02 +2.42737626e+02  1.21e+00   6.33e-02     5.51e-06   2.110s
  71000 +2.43916170e+02 +2.42736526e+02  1.18e+00   5.59e-02     2.20e-06   2.138s
  72000 +2.43707473e+02 +2.42735955e+02  9.72e-01   5.29e-02     2.26e-06   2.166s
  73000 +2.43398073e+02 +2.42735642e+02  6.62e-01   3.93e-02     3.32e-06   2.193s
  74000 +2.43167147e+02 +2.42735250e+02  4.32e-01   2.50e-02     3.99e-06   2.221s
  75000 +2.43036530e+02 +2.42734906e+02  3.02e-01   1.66e-02     5.50e-06   2.250s
  76000 +2.42875682e+02 +2.42734756e+02  1.41e-01   7.62e-03     6.07e-06   2.278s
  76600 +2.42780465e+02 +2.42734789e+02  4.57e-02   2.71e-03     5.92e-06   2.294s
LP Solver status:                Optimal
Primal objective:                +2.42780465e+02
Dual objective:                  +2.42734789e+02
Duality gap (abs/rel):           +4.57e-02 / +9.39e-05
Primal infeasibility (abs/rel):  +2.71e-03 / +9.16e-05
Dual infeasibility (abs/rel):    +5.92e-06 / +2.96e-06
PDLP finished
Status: Optimal   Objective: 2.42780465e+02  Iterations: 76600  Time: 2.241s, Total time 2.297s

Results:
--------
Number of variables: 2351
Termination status: Optimal (1)
Solve time: 2.297086 seconds
Objective value: 242.780465

Solver completed successfully!
