Reading and solving MPS file: ../test_set/relaxedInstances/relaxed_46.mps
Setting parameter method to 1
Setting parameter absolute_primal_tolerance to 1.000000e-06
cuOpt version: 25.12.0, git hash: d97ff6b, host arch: x86_64, device archs: 75-real,80-real,86-real,90a-real,100f-real,120a-real,120
CPU: AMD EPYC 7B12 64-Core Processor, threads (physical/logical): 24/24, RAM: 34.41 GiB
CUDA 13.0, device: NVIDIA L40S (ID 0), VRAM: 47.37 GiB
CUDA device UUID: 74ffffffd2ffffffe65f-2bfffffffe-ffff

Solving a problem with 1844 constraints, 1277 variables (0 integers), and 393542 nonzeros
Problem scaling:
Objective coefficents range:          [1e+00, 1e+00]
Constraint matrix coefficients range: [1e+00, 5e+02]
Constraint rhs / bounds range:        [1e+00, 5e+02]
Variable bounds range:                [0e+00, 2e+02]

Third-party presolve is disabled, skipping
Objective offset 0.000000 scaling_factor 1.000000
   Iter    Primal Obj.      Dual Obj.    Gap        Primal Res.  Dual Res.   Time
      0 +0.00000000e+00 +0.00000000e+00  0.00e+00   1.39e+03     1.00e+00   0.126s
    240 +0.00000000e+00 +6.54152469e-05  6.54e-05   7.73e-02     4.00e-05   0.149s
LP Solver status:                Optimal
Primal objective:                +0.00000000e+00
Dual objective:                  +6.54152469e-05
Duality gap (abs/rel):           +6.54e-05 / +6.54e-05
Primal infeasibility (abs/rel):  +7.73e-02 / +1.32e-05
Dual infeasibility (abs/rel):    +4.00e-05 / +2.00e-05
PDLP finished
Status: Optimal   Objective: 0.00000000e+00  Iterations: 240  Time: 0.097s, Total time 0.152s

Results:
--------
Number of variables: 1277
Termination status: Optimal (1)
Solve time: 0.152263 seconds
Objective value: 0.000000

Solver completed successfully!
