Reading and solving MPS file: ../test_set/relaxedInstances/relaxed_43.mps
Setting parameter method to 1
Setting parameter absolute_primal_tolerance to 1.000000e-06
cuOpt version: 25.12.0, git hash: d97ff6b, host arch: x86_64, device archs: 75-real,80-real,86-real,90a-real,100f-real,120a-real,120
CPU: AMD EPYC 7B12 64-Core Processor, threads (physical/logical): 24/24, RAM: 34.32 GiB
CUDA 13.0, device: NVIDIA L40S (ID 0), VRAM: 47.37 GiB
CUDA device UUID: 74ffffffd2ffffffe65f-2bfffffffe-ffff

Solving a problem with 270692 constraints, 196354 variables (0 integers), and 1049519 nonzeros
Problem scaling:
Objective coefficents range:          [2e+00, 1e+05]
Constraint matrix coefficients range: [3e-03, 1e+03]
Constraint rhs / bounds range:        [1e-13, 7e+03]
Variable bounds range:                [6e-03, 4e+04]
Warning: input problem contains a large range of coefficients: consider reformulating to avoid numerical difficulties.

Third-party presolve is disabled, skipping
Objective offset 1077680000.000000 scaling_factor 1.000000
   Iter    Primal Obj.      Dual Obj.    Gap        Primal Res.  Dual Res.   Time
      0 +1.07768000e+09 +1.07768000e+09  0.00e+00   1.17e+04     4.75e+06   1.268s
   1000 +2.77436482e+07 +3.31976815e+07  5.45e+06   1.15e+02     1.30e+04   1.404s
   2000 +2.45692298e+07 +2.76691997e+07  3.10e+06   9.89e+01     2.28e+03   1.492s
   3000 +2.35080196e+07 +2.54214612e+07  1.91e+06   1.01e+02     5.96e+02   1.579s
   4000 +2.32605958e+07 +2.40266276e+07  7.66e+05   1.83e+02     2.24e+02   1.667s
   5000 +2.32480947e+07 +2.38311584e+07  5.83e+05   9.61e+01     9.29e+01   1.754s
   6000 +2.32935231e+07 +2.37492918e+07  4.56e+05   6.65e+01     3.89e+01   1.841s
   7000 +2.33175034e+07 +2.37550382e+07  4.38e+05   5.21e+01     3.28e+01   1.928s
   8000 +2.33443380e+07 +2.37622768e+07  4.18e+05   3.93e+01     2.40e+01   2.014s
   9000 +2.33613878e+07 +2.37732045e+07  4.12e+05   2.85e+01     2.20e+01   2.100s
  10000 +2.33743871e+07 +2.37987123e+07  4.24e+05   2.13e+01     5.29e+01   2.187s
  11000 +2.33901742e+07 +2.38283132e+07  4.38e+05   1.35e+01     5.09e+01   2.273s
  12000 +2.34112908e+07 +2.38555460e+07  4.44e+05   1.29e+01     5.87e+01   2.358s
  13000 +2.34644534e+07 +2.38792107e+07  4.15e+05   1.38e+01     7.92e+01   2.444s
  14000 +2.35149600e+07 +2.38973391e+07  3.82e+05   1.22e+01     6.24e+01   2.530s
  15000 +2.35718622e+07 +2.39353402e+07  3.63e+05   7.84e+00     2.83e+02   2.615s
  16000 +2.36549542e+07 +2.39764060e+07  3.21e+05   7.28e+00     2.44e+02   2.701s
  17000 +2.37384395e+07 +2.40019255e+07  2.63e+05   5.62e+00     2.32e+02   2.787s
  18000 +2.37753605e+07 +2.40122851e+07  2.37e+05   4.69e+00     1.69e+02   2.872s
  19000 +2.38074152e+07 +2.40239350e+07  2.17e+05   4.87e+00     1.63e+02   2.958s
  20000 +2.38229804e+07 +2.40315006e+07  2.09e+05   4.02e+00     1.35e+02   3.043s
  21000 +2.38290303e+07 +2.40398099e+07  2.11e+05   4.97e+00     1.16e+02   3.129s
  22000 +2.38298512e+07 +2.40516340e+07  2.22e+05   4.18e+00     1.02e+02   3.214s
  23000 +2.38311013e+07 +2.40567654e+07  2.26e+05   4.36e+00     1.30e+02   3.301s
  24000 +2.38402424e+07 +2.40672616e+07  2.27e+05   3.52e+00     2.33e+02   3.386s
  25000 +2.38621409e+07 +2.40765845e+07  2.14e+05   2.93e+00     3.03e+02   3.471s
  26000 +2.38908287e+07 +2.40882658e+07  1.97e+05   2.70e+00     3.35e+02   3.557s
  27000 +2.39157565e+07 +2.41008110e+07  1.85e+05   1.72e+00     3.49e+02   3.644s
  28000 +2.39396535e+07 +2.41117167e+07  1.72e+05   2.04e+00     3.42e+02   3.729s
  29000 +2.39639286e+07 +2.41204546e+07  1.57e+05   2.38e+00     3.08e+02   3.814s
  30000 +2.39788033e+07 +2.41407882e+07  1.62e+05   1.95e+00     2.05e+02   3.899s
  31000 +2.39871614e+07 +2.41544280e+07  1.67e+05   1.29e+00     2.00e+02   3.984s
  32000 +2.39926653e+07 +2.41635993e+07  1.71e+05   1.25e+00     1.82e+02   4.069s
  33000 +2.39972265e+07 +2.41684380e+07  1.71e+05   1.95e+00     1.78e+02   4.156s
  34000 +2.40035417e+07 +2.41617886e+07  1.58e+05   2.20e+00     1.65e+02   4.243s
  35000 +2.40075542e+07 +2.41678150e+07  1.60e+05   1.93e+00     1.46e+02   4.329s
  36000 +2.40079077e+07 +2.41580472e+07  1.50e+05   1.25e+00     1.24e+02   4.414s
  37000 +2.40098372e+07 +2.41633492e+07  1.54e+05   1.19e+00     1.14e+02   4.500s
  38000 +2.40117966e+07 +2.41656500e+07  1.54e+05   1.15e+00     1.21e+02   4.586s
  39000 +2.40159233e+07 +2.41687634e+07  1.53e+05   1.03e+00     1.29e+02   4.671s
  40000 +2.40195071e+07 +2.41728932e+07  1.53e+05   1.03e+00     1.32e+02   4.756s
  41000 +2.40239264e+07 +2.41753397e+07  1.51e+05   1.29e+00     1.33e+02   4.842s
  42000 +2.40281751e+07 +2.41772693e+07  1.49e+05   1.30e+00     1.35e+02   4.927s
  43000 +2.40312425e+07 +2.41798035e+07  1.49e+05   9.59e-01     1.40e+02   5.014s
  44000 +2.40363915e+07 +2.41812106e+07  1.45e+05   1.11e+00     1.39e+02   5.100s
  45000 +2.40409818e+07 +2.41800346e+07  1.39e+05   8.94e-01     1.40e+02   5.185s
  46000 +2.40466936e+07 +2.41802245e+07  1.34e+05   7.49e-01     1.37e+02   5.270s
  47000 +2.40523129e+07 +2.41798710e+07  1.28e+05   7.34e-01     1.39e+02   5.356s
  48000 +2.40573583e+07 +2.41793002e+07  1.22e+05   7.86e-01     1.38e+02   5.441s
  49000 +2.40628880e+07 +2.41751402e+07  1.12e+05   9.94e-01     1.34e+02   5.526s
  50000 +2.40640202e+07 +2.41671397e+07  1.03e+05   9.11e-01     1.26e+02   5.613s
  51000 +2.40640488e+07 +2.41666259e+07  1.03e+05   7.95e-01     1.29e+02   5.699s
  52000 +2.40667124e+07 +2.41426692e+07  7.60e+04   1.02e+00     1.28e+02   5.784s
  53000 +2.40697665e+07 +2.41434800e+07  7.37e+04   8.67e-01     1.24e+02   5.870s
  54000 +2.40715929e+07 +2.41431356e+07  7.15e+04   7.50e-01     1.26e+02   5.956s
  55000 +2.40740880e+07 +2.41418967e+07  6.78e+04   6.93e-01     1.26e+02   6.041s
  56000 +2.40763292e+07 +2.41415095e+07  6.52e+04   7.32e-01     1.26e+02   6.127s
  57000 +2.40781375e+07 +2.41408578e+07  6.27e+04   7.31e-01     1.25e+02   6.212s
  58000 +2.40794837e+07 +2.41402420e+07  6.08e+04   7.69e-01     1.23e+02   6.299s
  59000 +2.40801930e+07 +2.41325555e+07  5.24e+04   8.05e-01     1.01e+02   6.386s
  60000 +2.40809514e+07 +2.41278558e+07  4.69e+04   9.92e-01     8.93e+01   6.474s
  61000 +2.40811051e+07 +2.41256384e+07  4.45e+04   7.07e-01     7.64e+01   6.561s
  62000 +2.40815366e+07 +2.41275216e+07  4.60e+04   8.41e-01     6.42e+01   6.647s
  63000 +2.40814101e+07 +2.41273855e+07  4.60e+04   1.00e+00     5.27e+01   6.732s
  64000 +2.40814246e+07 +2.41271433e+07  4.57e+04   7.50e-01     4.75e+01   6.818s
  65000 +2.40812074e+07 +2.41260123e+07  4.48e+04   7.43e-01     4.52e+01   6.903s
  66000 +2.40810517e+07 +2.41257834e+07  4.47e+04   7.17e-01     4.16e+01   6.989s
  67000 +2.40810519e+07 +2.41246659e+07  4.36e+04   4.90e-01     3.93e+01   7.074s
  68000 +2.40818396e+07 +2.41250089e+07  4.32e+04   5.17e-01     3.79e+01   7.160s
  69000 +2.40821110e+07 +2.41253814e+07  4.33e+04   5.41e-01     3.66e+01   7.247s
  70000 +2.40822355e+07 +2.41253206e+07  4.31e+04   3.84e-01     3.49e+01   7.334s
  71000 +2.40819324e+07 +2.41253346e+07  4.34e+04   4.62e-01     3.36e+01   7.422s
  72000 +2.40815650e+07 +2.41248034e+07  4.32e+04   4.48e-01     3.20e+01   7.509s
  73000 +2.40816075e+07 +2.41243680e+07  4.28e+04   4.25e-01     3.11e+01   7.594s
  74000 +2.40817609e+07 +2.41248690e+07  4.31e+04   4.08e-01     2.96e+01   7.681s
  75000 +2.40818900e+07 +2.41249836e+07  4.31e+04   4.15e-01     2.82e+01   7.767s
  76000 +2.40817957e+07 +2.41250017e+07  4.32e+04   4.55e-01     2.71e+01   7.852s
  77000 +2.40825172e+07 +2.41181879e+07  3.57e+04   2.66e-01     1.99e+01   7.938s
  78000 +2.40831351e+07 +2.41185734e+07  3.54e+04   2.96e-01     1.83e+01   8.023s
  79000 +2.40837771e+07 +2.41188126e+07  3.50e+04   2.60e-01     1.74e+01   8.110s
  80000 +2.40841255e+07 +2.41192308e+07  3.51e+04   2.56e-01     1.74e+01   8.194s
  81000 +2.40841350e+07 +2.41196038e+07  3.55e+04   2.73e-01     1.79e+01   8.281s
  82000 +2.40843346e+07 +2.41194998e+07  3.52e+04   2.64e-01     1.75e+01   8.366s
  83000 +2.40844784e+07 +2.41195769e+07  3.51e+04   3.33e-01     1.71e+01   8.452s
  84000 +2.40844662e+07 +2.41197594e+07  3.53e+04   2.90e-01     1.70e+01   8.538s
  85000 +2.40844571e+07 +2.41202474e+07  3.58e+04   2.81e-01     1.76e+01   8.623s
  86000 +2.40843878e+07 +2.41204906e+07  3.61e+04   3.71e-01     1.79e+01   8.709s
  87000 +2.40841376e+07 +2.41208746e+07  3.67e+04   3.49e-01     1.77e+01   8.794s
  88000 +2.40841392e+07 +2.41210721e+07  3.69e+04   2.88e-01     1.80e+01   8.880s
  89000 +2.40841280e+07 +2.41212025e+07  3.71e+04   3.68e-01     1.82e+01   8.965s
  90000 +2.40838651e+07 +2.41213728e+07  3.75e+04   4.50e-01     1.87e+01   9.052s
  91000 +2.40837292e+07 +2.41214576e+07  3.77e+04   4.22e-01     1.93e+01   9.137s
  92000 +2.40834602e+07 +2.41216455e+07  3.82e+04   4.34e-01     1.94e+01   9.221s
  93000 +2.40831963e+07 +2.41214961e+07  3.83e+04   3.83e-01     1.95e+01   9.306s
  94000 +2.40830455e+07 +2.41218921e+07  3.88e+04   3.65e-01     2.00e+01   9.392s
  95000 +2.40831706e+07 +2.41219985e+07  3.88e+04   3.37e-01     2.04e+01   9.479s
  96000 +2.40831538e+07 +2.41219038e+07  3.88e+04   2.80e-01     2.15e+01   9.564s
  97000 +2.40832386e+07 +2.41215830e+07  3.83e+04   2.76e-01     2.01e+01   9.651s
  98000 +2.40834019e+07 +2.41218418e+07  3.84e+04   2.87e-01     2.10e+01   9.737s
  99000 +2.40833308e+07 +2.41222199e+07  3.89e+04   2.94e-01     2.03e+01   9.822s
 100000 +2.40831446e+07 +2.41227801e+07  3.96e+04   2.97e-01     2.00e+01   9.908s
 101000 +2.40830378e+07 +2.41231627e+07  4.01e+04   2.35e-01     2.02e+01   9.993s
 102000 +2.40830328e+07 +2.41232677e+07  4.02e+04   2.49e-01     2.01e+01   10.080s
 103000 +2.40832182e+07 +2.41232722e+07  4.01e+04   3.41e-01     2.05e+01   10.166s
 104000 +2.40834061e+07 +2.41229635e+07  3.96e+04   2.66e-01     1.94e+01   10.253s
 105000 +2.40834896e+07 +2.41230356e+07  3.95e+04   2.39e-01     1.95e+01   10.338s
 106000 +2.40835972e+07 +2.41231075e+07  3.95e+04   3.72e-01     1.90e+01   10.424s
 107000 +2.40836892e+07 +2.41231296e+07  3.94e+04   1.91e-01     1.96e+01   10.509s
 108000 +2.40836598e+07 +2.41229694e+07  3.93e+04   2.49e-01     1.95e+01   10.594s
 109000 +2.40838830e+07 +2.41228531e+07  3.90e+04   2.58e-01     1.90e+01   10.681s
 110000 +2.40844350e+07 +2.41230339e+07  3.86e+04   2.33e-01     1.90e+01   10.766s
 111000 +2.40848254e+07 +2.41234508e+07  3.86e+04   2.22e-01     1.81e+01   10.852s
 112000 +2.40850823e+07 +2.41234521e+07  3.84e+04   2.09e-01     1.79e+01   10.938s
 113000 +2.40850017e+07 +2.41230026e+07  3.80e+04   2.15e-01     1.76e+01   11.023s
 114000 +2.40852419e+07 +2.41225466e+07  3.73e+04   2.41e-01     1.76e+01   11.109s
 115000 +2.40856194e+07 +2.41228530e+07  3.72e+04   3.54e-01     1.90e+01   11.195s
 116000 +2.40858276e+07 +2.41225704e+07  3.67e+04   2.19e-01     1.76e+01   11.281s
 117000 +2.40861549e+07 +2.41227550e+07  3.66e+04   2.28e-01     1.70e+01   11.367s
 118000 +2.40868493e+07 +2.41225641e+07  3.57e+04   3.49e-01     1.69e+01   11.453s
 119000 +2.40873700e+07 +2.41225490e+07  3.52e+04   2.48e-01     1.69e+01   11.540s
 120000 +2.40878141e+07 +2.41202147e+07  3.24e+04   1.84e-01     1.48e+01   11.626s
 121000 +2.40883610e+07 +2.41200387e+07  3.17e+04   1.68e-01     1.50e+01   11.711s
 122000 +2.40888961e+07 +2.41197571e+07  3.09e+04   1.49e-01     1.49e+01   11.797s
 123000 +2.40895240e+07 +2.41196061e+07  3.01e+04   1.41e-01     1.54e+01   11.883s
 124000 +2.40899353e+07 +2.41195986e+07  2.97e+04   1.30e-01     1.53e+01   11.970s
 125000 +2.40904166e+07 +2.41196654e+07  2.92e+04   1.30e-01     1.54e+01   12.056s
 126000 +2.40909655e+07 +2.41199837e+07  2.90e+04   1.23e-01     1.55e+01   12.142s
 127000 +2.40913696e+07 +2.41202555e+07  2.89e+04   1.14e-01     1.56e+01   12.228s
 128000 +2.40918305e+07 +2.41207073e+07  2.89e+04   1.20e-01     1.67e+01   12.314s
 129000 +2.40924664e+07 +2.41209306e+07  2.85e+04   1.39e-01     1.60e+01   12.401s
 130000 +2.40929214e+07 +2.41214212e+07  2.85e+04   1.26e-01     1.58e+01   12.487s
 131000 +2.40933663e+07 +2.41218284e+07  2.85e+04   1.28e-01     1.64e+01   12.575s
 132000 +2.40940023e+07 +2.41219919e+07  2.80e+04   1.33e-01     1.64e+01   12.661s
 133000 +2.40944838e+07 +2.41223081e+07  2.78e+04   1.08e-01     1.64e+01   12.747s
 134000 +2.40948495e+07 +2.41219504e+07  2.71e+04   1.54e-01     1.72e+01   12.832s
 135000 +2.40954406e+07 +2.41223530e+07  2.69e+04   1.70e-01     1.75e+01   12.918s
 136000 +2.40959957e+07 +2.41227171e+07  2.67e+04   1.70e-01     1.74e+01   13.005s
 137000 +2.40964460e+07 +2.41227251e+07  2.63e+04   1.61e-01     1.75e+01   13.091s
 138000 +2.40971043e+07 +2.41231070e+07  2.60e+04   1.40e-01     1.74e+01   13.180s
 139000 +2.40978560e+07 +2.41232745e+07  2.54e+04   1.02e-01     1.78e+01   13.265s
 140000 +2.40987976e+07 +2.41236785e+07  2.49e+04   1.08e-01     1.84e+01   13.351s
 141000 +2.40997699e+07 +2.41237392e+07  2.40e+04   9.27e-02     1.80e+01   13.437s
 142000 +2.41005497e+07 +2.41238377e+07  2.33e+04   8.90e-02     1.74e+01   13.524s
 143000 +2.41009345e+07 +2.41241050e+07  2.32e+04   1.19e-01     1.76e+01   13.611s
 144000 +2.41013835e+07 +2.41244841e+07  2.31e+04   1.17e-01     1.79e+01   13.698s
 145000 +2.41019956e+07 +2.41248093e+07  2.28e+04   9.62e-02     1.82e+01   13.785s
 146000 +2.41029696e+07 +2.41250220e+07  2.21e+04   8.51e-02     1.87e+01   13.870s
 147000 +2.41039395e+07 +2.41249880e+07  2.10e+04   9.40e-02     1.85e+01   13.956s
 148000 +2.41047373e+07 +2.41247973e+07  2.01e+04   8.59e-02     1.84e+01   14.043s
 149000 +2.41053678e+07 +2.41250480e+07  1.97e+04   1.48e-01     1.90e+01   14.130s
 150000 +2.41057557e+07 +2.41253887e+07  1.96e+04   9.97e-02     1.91e+01   14.216s
 151000 +2.41061748e+07 +2.41255527e+07  1.94e+04   1.65e-01     1.93e+01   14.301s
 152000 +2.41066764e+07 +2.41259640e+07  1.93e+04   9.74e-02     2.00e+01   14.388s
 153000 +2.41071895e+07 +2.41263317e+07  1.91e+04   1.33e-01     2.08e+01   14.473s
 154000 +2.41076993e+07 +2.41265761e+07  1.89e+04   1.17e-01     2.18e+01   14.560s
 155000 +2.41082111e+07 +2.41267684e+07  1.86e+04   1.53e-01     2.12e+01   14.646s
 156000 +2.41087392e+07 +2.41267114e+07  1.80e+04   9.02e-02     2.12e+01   14.732s
 157000 +2.41092772e+07 +2.41268790e+07  1.76e+04   1.21e-01     2.17e+01   14.820s
 158000 +2.41097409e+07 +2.41269768e+07  1.72e+04   1.00e-01     2.18e+01   14.907s
 159000 +2.41102446e+07 +2.41270900e+07  1.68e+04   1.14e-01     2.20e+01   14.994s
 160000 +2.41107601e+07 +2.41272482e+07  1.65e+04   9.31e-02     2.21e+01   15.080s
 161000 +2.41112503e+07 +2.41273079e+07  1.61e+04   1.16e-01     2.24e+01   15.166s
 162000 +2.41117021e+07 +2.41273720e+07  1.57e+04   9.53e-02     2.25e+01   15.251s
 163000 +2.41120838e+07 +2.41276769e+07  1.56e+04   1.16e-01     2.24e+01   15.337s
 164000 +2.41123659e+07 +2.41276328e+07  1.53e+04   1.00e-01     2.23e+01   15.423s
 165000 +2.41127174e+07 +2.41273620e+07  1.46e+04   9.14e-02     2.22e+01   15.510s
 166000 +2.41130507e+07 +2.41274381e+07  1.44e+04   8.55e-02     2.21e+01   15.597s
 167000 +2.41134372e+07 +2.41275258e+07  1.41e+04   9.67e-02     2.22e+01   15.683s
 168000 +2.41138247e+07 +2.41273424e+07  1.35e+04   8.58e-02     2.19e+01   15.770s
 169000 +2.41142387e+07 +2.41269496e+07  1.27e+04   8.91e-02     2.20e+01   15.857s
 170000 +2.41146718e+07 +2.41266101e+07  1.19e+04   9.02e-02     2.18e+01   15.945s
 171000 +2.41150736e+07 +2.41263432e+07  1.13e+04   9.05e-02     2.16e+01   16.033s
 172000 +2.41153992e+07 +2.41264714e+07  1.11e+04   1.00e-01     2.13e+01   16.120s
 173000 +2.41157091e+07 +2.41261971e+07  1.05e+04   1.05e-01     2.12e+01   16.206s
 174000 +2.41159288e+07 +2.41261422e+07  1.02e+04   1.01e-01     2.07e+01   16.293s
 175000 +2.41161283e+07 +2.41255634e+07  9.44e+03   1.11e-01     1.98e+01   16.379s
 176000 +2.41162745e+07 +2.41251953e+07  8.92e+03   1.11e-01     1.94e+01   16.464s
 177000 +2.41164448e+07 +2.41252136e+07  8.77e+03   9.76e-02     1.88e+01   16.549s
 178000 +2.41166509e+07 +2.41252214e+07  8.57e+03   8.91e-02     1.85e+01   16.636s
 179000 +2.41168662e+07 +2.41249542e+07  8.09e+03   8.80e-02     1.79e+01   16.722s
 180000 +2.41170478e+07 +2.41247695e+07  7.72e+03   9.31e-02     1.77e+01   16.809s
 181000 +2.41171187e+07 +2.41246280e+07  7.51e+03   8.24e-02     1.71e+01   16.894s
 182000 +2.41171059e+07 +2.41233438e+07  6.24e+03   2.40e-01     1.64e+01   16.979s
 182400 +2.41170740e+07 +2.41206918e+07  3.62e+03   7.99e-01     1.38e+01   17.013s
LP Solver status:                Optimal
Primal objective:                +2.41170740e+07
Dual objective:                  +2.41206918e+07
Duality gap (abs/rel):           +3.62e+03 / +7.50e-05
Primal infeasibility (abs/rel):  +7.99e-01 / +1.93e-05
Dual infeasibility (abs/rel):    +1.38e+01 / +2.89e-06
PDLP finished
Status: Optimal   Objective: 2.41170740e+07  Iterations: 182400  Time: 16.993s, Total time 17.039s

Results:
--------
Number of variables: 196354
Termination status: Optimal (1)
Solve time: 17.039084 seconds
Objective value: 24117074.002747

Solver completed successfully!
