Reading and solving MPS file: ../test_set/relaxedInstances/relaxed_09.mps
Setting parameter method to 1
Setting parameter absolute_primal_tolerance to 1.000000e-06
cuOpt version: 25.12.0, git hash: d97ff6b, host arch: x86_64, device archs: 75-real,80-real,86-real,90a-real,100f-real,120a-real,120
CPU: AMD EPYC 7B12 64-Core Processor, threads (physical/logical): 24/24, RAM: 34.57 GiB
CUDA 13.0, device: NVIDIA L40S (ID 0), VRAM: 47.37 GiB
CUDA device UUID: 74ffffffd2ffffffe65f-2bfffffffe-ffff

Solving a problem with 447 constraints, 466 variables (0 integers), and 8884 nonzeros
Problem scaling:
Objective coefficents range:          [1e+00, 1e+00]
Constraint matrix coefficients range: [3e-02, 3e+01]
Constraint rhs / bounds range:        [0e+00, 1e-03]
Variable bounds range:                [1e+00, 1e+01]

Third-party presolve is disabled, skipping
Objective offset 0.000000 scaling_factor 1.000000
   Iter    Primal Obj.      Dual Obj.    Gap        Primal Res.  Dual Res.   Time
      0 +0.00000000e+00 +0.00000000e+00  0.00e+00   2.11e-02     2.11e+01   0.097s
   1000 +2.38655288e-03 +3.67380821e-03  1.29e-03   1.54e-03     2.51e-02   0.161s
   2000 +2.42523767e-03 +3.36660033e-03  9.41e-04   1.59e-04     1.60e-02   0.190s
   3000 +2.26196546e-03 +2.82758036e-03  5.66e-04   2.67e-04     9.68e-03   0.218s
   4000 +2.16504509e-03 +2.35580229e-03  1.91e-04   6.50e-04     4.88e-03   0.246s
   5000 +2.08021519e-03 +2.24535333e-03  1.65e-04   4.17e-04     4.19e-03   0.275s
   6000 +2.02466107e-03 +2.22272249e-03  1.98e-04   5.63e-04     3.51e-03   0.304s
   7000 +1.97273157e-03 +2.25316211e-03  2.80e-04   9.02e-04     2.68e-03   0.332s
   8000 +1.97539050e-03 +2.27553667e-03  3.00e-04   6.71e-04     2.13e-03   0.360s
   9000 +1.97254419e-03 +2.24277300e-03  2.70e-04   5.63e-04     1.76e-03   0.388s
  10000 +1.98076730e-03 +2.22080720e-03  2.40e-04   3.11e-04     1.51e-03   0.416s
  11000 +1.99429391e-03 +2.19155450e-03  1.97e-04   2.15e-04     1.34e-03   0.444s
  12000 +1.98527424e-03 +2.16038722e-03  1.75e-04   2.66e-04     1.20e-03   0.471s
  13000 +1.98461218e-03 +2.13275747e-03  1.48e-04   2.51e-04     1.03e-03   0.498s
  14000 +1.98920865e-03 +2.10356890e-03  1.14e-04   1.83e-04     7.57e-04   0.525s
  15000 +1.98791729e-03 +2.08742825e-03  9.95e-05   1.60e-04     6.43e-04   0.553s
  16000 +1.98496707e-03 +2.07489044e-03  8.99e-05   1.57e-04     5.94e-04   0.580s
  17000 +1.98469599e-03 +2.06271416e-03  7.80e-05   1.16e-04     5.43e-04   0.608s
  18000 +1.98342624e-03 +2.05092563e-03  6.75e-05   8.93e-05     4.88e-04   0.635s
  19000 +1.97916555e-03 +2.04494952e-03  6.58e-05   1.37e-04     3.99e-04   0.662s
  20000 +1.97721446e-03 +2.03810171e-03  6.09e-05   1.17e-04     3.50e-04   0.690s
  21000 +1.97662557e-03 +2.03305150e-03  5.64e-05   8.96e-05     3.20e-04   0.717s
  22000 +1.97716680e-03 +2.02850294e-03  5.13e-05   9.01e-05     2.95e-04   0.745s
  23000 +1.97992667e-03 +2.02184363e-03  4.19e-05   6.19e-05     2.63e-04   0.772s
  24000 +1.98004610e-03 +2.01645055e-03  3.64e-05   4.89e-05     2.19e-04   0.800s
  25000 +1.98145486e-03 +2.01163242e-03  3.02e-05   6.08e-05     1.89e-04   0.827s
  26000 +1.98112854e-03 +2.00656048e-03  2.54e-05   7.10e-05     1.63e-04   0.855s
  27000 +1.98212431e-03 +2.00053967e-03  1.84e-05   3.98e-05     1.54e-04   0.882s
  28000 +1.98001937e-03 +1.99662522e-03  1.66e-05   2.67e-05     1.48e-04   0.909s
  29000 +1.97840630e-03 +1.99495852e-03  1.66e-05   3.04e-05     1.43e-04   0.936s
  30000 +1.97695993e-03 +1.99577268e-03  1.88e-05   4.07e-05     1.33e-04   0.964s
  31000 +1.97675028e-03 +1.99708513e-03  2.03e-05   4.40e-05     1.23e-04   0.991s
  32000 +1.97713969e-03 +1.99755076e-03  2.04e-05   4.65e-05     1.15e-04   1.019s
  33000 +1.97836238e-03 +1.99673564e-03  1.84e-05   4.82e-05     1.08e-04   1.046s
  34000 +1.97911334e-03 +1.99569334e-03  1.66e-05   5.38e-05     9.87e-05   1.074s
  35000 +1.98012393e-03 +1.99401046e-03  1.39e-05   5.32e-05     8.92e-05   1.101s
  36000 +1.98096800e-03 +1.99150035e-03  1.05e-05   5.16e-05     7.94e-05   1.128s
  37000 +1.98139883e-03 +1.98855367e-03  7.15e-06   5.36e-05     6.91e-05   1.156s
  38000 +1.98158828e-03 +1.98550347e-03  3.92e-06   5.62e-05     5.84e-05   1.184s
  39000 +1.98164901e-03 +1.98258317e-03  9.34e-07   5.91e-05     4.83e-05   1.212s
  40000 +1.98163111e-03 +1.97981867e-03  1.81e-06   5.98e-05     4.02e-05   1.241s
  41000 +1.98135596e-03 +1.97724134e-03  4.11e-06   6.00e-05     3.48e-05   1.268s
  42000 +1.98086175e-03 +1.97496703e-03  5.89e-06   5.89e-05     3.22e-05   1.295s
  43000 +1.98030071e-03 +1.97305992e-03  7.24e-06   5.67e-05     3.19e-05   1.322s
  44000 +1.97953129e-03 +1.97152787e-03  8.00e-06   5.08e-05     3.28e-05   1.349s
  45000 +1.97873923e-03 +1.97067189e-03  8.07e-06   4.70e-05     3.34e-05   1.377s
  46000 +1.97800393e-03 +1.97038164e-03  7.62e-06   4.30e-05     3.25e-05   1.404s
  47000 +1.97739043e-03 +1.96969887e-03  7.69e-06   4.22e-05     1.29e-04   1.432s
  48000 +1.97706093e-03 +1.96601282e-03  1.10e-05   4.17e-05     1.38e-04   1.460s
  49000 +1.97697644e-03 +1.96222942e-03  1.47e-05   4.01e-05     1.41e-04   1.488s
  50000 +1.97672429e-03 +1.95888343e-03  1.78e-05   3.97e-05     1.47e-04   1.516s
  51000 +1.97650219e-03 +1.95658815e-03  1.99e-05   3.98e-05     1.56e-04   1.543s
  52000 +1.97628892e-03 +1.95580491e-03  2.05e-05   3.93e-05     1.59e-04   1.570s
  53000 +1.97610048e-03 +1.95704340e-03  1.91e-05   3.52e-05     1.60e-04   1.598s
  54000 +1.97573234e-03 +1.95986666e-03  1.59e-05   3.44e-05     1.65e-04   1.625s
  55000 +1.97592067e-03 +1.96317148e-03  1.27e-05   3.05e-05     1.69e-04   1.652s
  56000 +1.97666898e-03 +1.96413964e-03  1.25e-05   2.07e-05     1.73e-04   1.679s
  57000 +1.97696943e-03 +1.96254118e-03  1.44e-05   1.44e-05     1.73e-04   1.706s
  58000 +1.97679803e-03 +1.96001530e-03  1.68e-05   1.12e-05     1.66e-04   1.734s
  59000 +1.97664055e-03 +1.95812805e-03  1.85e-05   7.22e-06     1.55e-04   1.761s
  60000 +1.97652590e-03 +1.95883801e-03  1.77e-05   7.28e-06     1.41e-04   1.788s
  61000 +1.97645563e-03 +1.96097490e-03  1.55e-05   7.30e-06     1.24e-04   1.816s
  62000 +1.97646352e-03 +1.96264705e-03  1.38e-05   7.21e-06     1.14e-04   1.844s
  63000 +1.97668168e-03 +1.96326161e-03  1.34e-05   7.84e-06     9.98e-05   1.872s
  64000 +1.97677513e-03 +1.96289318e-03  1.39e-05   5.47e-06     9.32e-05   1.899s
  65000 +1.97657276e-03 +1.96284132e-03  1.37e-05   5.72e-06     9.17e-05   1.927s
  66000 +1.97649360e-03 +1.96324054e-03  1.33e-05   5.69e-06     9.16e-05   1.954s
  67000 +1.97646081e-03 +1.96374280e-03  1.27e-05   6.49e-06     9.12e-05   1.981s
  68000 +1.97650727e-03 +1.96412471e-03  1.24e-05   6.51e-06     9.05e-05   2.008s
  69000 +1.97657512e-03 +1.96413802e-03  1.24e-05   5.94e-06     9.03e-05   2.036s
  70000 +1.97660503e-03 +1.96382630e-03  1.28e-05   5.55e-06     9.04e-05   2.064s
  71000 +1.97657947e-03 +1.96343193e-03  1.31e-05   5.14e-06     9.06e-05   2.092s
  72000 +1.97648761e-03 +1.96323179e-03  1.33e-05   4.82e-06     9.08e-05   2.121s
  73000 +1.97639046e-03 +1.96331920e-03  1.31e-05   4.49e-06     9.11e-05   2.149s
  74000 +1.97633141e-03 +1.96355416e-03  1.28e-05   3.88e-06     9.15e-05   2.177s
  75000 +1.97630946e-03 +1.96377038e-03  1.25e-05   3.06e-06     9.16e-05   2.204s
LP Solver status:                Optimal
Primal objective:                +1.97630946e-03
Dual objective:                  +1.96377038e-03
Duality gap (abs/rel):           +1.25e-05 / +1.25e-05
Primal infeasibility (abs/rel):  +3.06e-06 / +3.00e-06
Dual infeasibility (abs/rel):    +9.16e-05 / +4.13e-06
PDLP finished
Status: Optimal   Objective: 1.97630946e-03  Iterations: 75000  Time: 2.150s, Total time 2.206s

Results:
--------
Number of variables: 466
Termination status: Optimal (1)
Solve time: 2.206148 seconds
Objective value: 0.001976

Solver completed successfully!
