Reading and solving MPS file: ../test_set/relaxedInstances/relaxed_26.mps
Setting parameter method to 1
Setting parameter absolute_primal_tolerance to 1.000000e-06
cuOpt version: 25.12.0, git hash: d97ff6b, host arch: x86_64, device archs: 75-real,80-real,86-real,90a-real,100f-real,120a-real,120
CPU: AMD EPYC 7B12 64-Core Processor, threads (physical/logical): 24/24, RAM: 34.48 GiB
CUDA 13.0, device: NVIDIA L40S (ID 0), VRAM: 47.37 GiB
CUDA device UUID: 74ffffffd2ffffffe65f-2bfffffffe-ffff

Solving a problem with 52786 constraints, 3125 variables (0 integers), and 284498 nonzeros
Problem scaling:
Objective coefficents range:          [1e+00, 1e+00]
Constraint matrix coefficients range: [1e+00, 1e+00]
Constraint rhs / bounds range:        [0e+00, 1e+01]
Variable bounds range:                [0e+00, 1e+00]

Third-party presolve is disabled, skipping
Objective offset 0.000000 scaling_factor 1.000000
   Iter    Primal Obj.      Dual Obj.    Gap        Primal Res.  Dual Res.   Time
      0 +0.00000000e+00 +0.00000000e+00  0.00e+00   0.00e+00     5.59e+01   0.102s
    680 -1.17781387e+02 -1.17779727e+02  1.66e-03   2.17e-04     2.85e-03   0.154s
LP Solver status:                Optimal
Primal objective:                -1.17781387e+02
Dual objective:                  -1.17779727e+02
Duality gap (abs/rel):           +1.66e-03 / +7.02e-06
Primal infeasibility (abs/rel):  +2.17e-04 / +7.57e-07
Dual infeasibility (abs/rel):    +2.85e-03 / +5.02e-05
PDLP finished
Status: Optimal   Objective: -1.17781387e+02  Iterations: 680  Time: 0.104s, Total time 0.159s

Results:
--------
Number of variables: 3125
Termination status: Optimal (1)
Solve time: 0.158546 seconds
Objective value: -117.781387

Solver completed successfully!
