Reading and solving MPS file: ../test_set/relaxedInstances/relaxed_24.mps
Setting parameter method to 1
Setting parameter absolute_primal_tolerance to 1.000000e-06
cuOpt version: 25.12.0, git hash: d97ff6b, host arch: x86_64, device archs: 75-real,80-real,86-real,90a-real,100f-real,120a-real,120
CPU: AMD EPYC 7B12 64-Core Processor, threads (physical/logical): 24/24, RAM: 34.49 GiB
CUDA 13.0, device: NVIDIA L40S (ID 0), VRAM: 47.37 GiB
CUDA device UUID: 74ffffffd2ffffffe65f-2bfffffffe-ffff

Solving a problem with 4520 constraints, 3560 variables (0 integers), and 14420 nonzeros
Problem scaling:
Objective coefficents range:          [5e+00, 3e+01]
Constraint matrix coefficients range: [9e-01, 1e+02]
Constraint rhs / bounds range:        [0e+00, 8e+01]
Variable bounds range:                [8e-01, 9e+01]

Third-party presolve is disabled, skipping
Objective offset 0.000000 scaling_factor 1.000000
   Iter    Primal Obj.      Dual Obj.    Gap        Primal Res.  Dual Res.   Time
      0 +0.00000000e+00 +0.00000000e+00  0.00e+00   1.63e+02     6.67e+02   0.238s
    410 +0.00000000e+00 +0.00000000e+00  0.00e+00   0.00e+00     5.12e-06   0.269s
LP Solver status:                Optimal
Primal objective:                +0.00000000e+00
Dual objective:                  +0.00000000e+00
Duality gap (abs/rel):           +0.00e+00 / +0.00e+00
Primal infeasibility (abs/rel):  +0.00e+00 / +0.00e+00
Dual infeasibility (abs/rel):    +5.12e-06 / +7.66e-09
PDLP finished
Status: Optimal   Objective: 0.00000000e+00  Iterations: 410  Time: 0.219s, Total time 0.271s

Results:
--------
Number of variables: 3560
Termination status: Optimal (1)
Solve time: 0.271227 seconds
Objective value: 0.000000

Solver completed successfully!
