Reading and solving MPS file: ../test_set/relaxedInstances/relaxed_18.mps
Setting parameter method to 1
Setting parameter absolute_primal_tolerance to 1.000000e-06
cuOpt version: 25.12.0, git hash: d97ff6b, host arch: x86_64, device archs: 75-real,80-real,86-real,90a-real,100f-real,120a-real,120
CPU: AMD EPYC 7B12 64-Core Processor, threads (physical/logical): 24/24, RAM: 34.50 GiB
CUDA 13.0, device: NVIDIA L40S (ID 0), VRAM: 47.37 GiB
CUDA device UUID: 74ffffffd2ffffffe65f-2bfffffffe-ffff

Solving a problem with 12579 constraints, 5070 variables (0 integers), and 57450 nonzeros
Problem scaling:
Objective coefficents range:          [1e+00, 1e+00]
Constraint matrix coefficients range: [1e+00, 2e+01]
Constraint rhs / bounds range:        [0e+00, 2e+01]
Variable bounds range:                [1e+00, 8e+00]

Third-party presolve is disabled, skipping
Objective offset 0.000000 scaling_factor 1.000000
   Iter    Primal Obj.      Dual Obj.    Gap        Primal Res.  Dual Res.   Time
      0 +0.00000000e+00 +0.00000000e+00  0.00e+00   1.26e+01     5.48e+00   0.107s
    260 +9.99857295e-01 +9.99949858e-01  9.26e-05   4.97e-04     3.72e-04   0.130s
LP Solver status:                Optimal
Primal objective:                +9.99857295e-01
Dual objective:                  +9.99949858e-01
Duality gap (abs/rel):           +9.26e-05 / +3.09e-05
Primal infeasibility (abs/rel):  +4.97e-04 / +6.08e-07
Dual infeasibility (abs/rel):    +3.72e-04 / +5.74e-05
PDLP finished
Status: Optimal   Objective: 9.99857295e-01  Iterations: 260  Time: 0.080s, Total time 0.133s

Results:
--------
Number of variables: 5070
Termination status: Optimal (1)
Solve time: 0.132568 seconds
Objective value: 0.999857

Solver completed successfully!
