Reading and solving MPS file: ../test_set/relaxedInstances/relaxed_22.mps
Setting parameter method to 1
Setting parameter absolute_primal_tolerance to 1.000000e-06
cuOpt version: 25.12.0, git hash: d97ff6b, host arch: x86_64, device archs: 75-real,80-real,86-real,90a-real,100f-real,120a-real,120
CPU: AMD EPYC 7B12 64-Core Processor, threads (physical/logical): 24/24, RAM: 34.50 GiB
CUDA 13.0, device: NVIDIA L40S (ID 0), VRAM: 47.37 GiB
CUDA device UUID: 74ffffffd2ffffffe65f-2bfffffffe-ffff

Solving a problem with 2540 constraints, 2370 variables (0 integers), and 8720 nonzeros
Problem scaling:
Objective coefficents range:          [4e+00, 1e+01]
Constraint matrix coefficients range: [3e-01, 9e+01]
Constraint rhs / bounds range:        [0e+00, 9e+01]
Variable bounds range:                [3e-01, 1e+02]

Third-party presolve is disabled, skipping
Objective offset 0.000000 scaling_factor 1.000000
   Iter    Primal Obj.      Dual Obj.    Gap        Primal Res.  Dual Res.   Time
      0 +0.00000000e+00 +0.00000000e+00  0.00e+00   9.20e+01     3.31e+02   0.127s
    410 +0.00000000e+00 +0.00000000e+00  0.00e+00   0.00e+00     2.81e-06   0.159s
LP Solver status:                Optimal
Primal objective:                +0.00000000e+00
Dual objective:                  +0.00000000e+00
Duality gap (abs/rel):           +0.00e+00 / +0.00e+00
Primal infeasibility (abs/rel):  +0.00e+00 / +0.00e+00
Dual infeasibility (abs/rel):    +2.81e-06 / +8.45e-09
PDLP finished
Status: Optimal   Objective: 0.00000000e+00  Iterations: 410  Time: 0.109s, Total time 0.161s

Results:
--------
Number of variables: 2370
Termination status: Optimal (1)
Solve time: 0.161215 seconds
Objective value: 0.000000

Solver completed successfully!
