Reading and solving MPS file: ../test_set/relaxedInstances/relaxed_19.mps
Setting parameter method to 1
Setting parameter absolute_primal_tolerance to 1.000000e-06
cuOpt version: 25.12.0, git hash: d97ff6b, host arch: x86_64, device archs: 75-real,80-real,86-real,90a-real,100f-real,120a-real,120
CPU: AMD EPYC 7B12 64-Core Processor, threads (physical/logical): 24/24, RAM: 34.50 GiB
CUDA 13.0, device: NVIDIA L40S (ID 0), VRAM: 47.37 GiB
CUDA device UUID: 74ffffffd2ffffffe65f-2bfffffffe-ffff

Solving a problem with 3605 constraints, 3004 variables (0 integers), and 46661 nonzeros
Problem scaling:
Objective coefficents range:          [1e+00, 1e+00]
Constraint matrix coefficients range: [1e+00, 4e+03]
Constraint rhs / bounds range:        [1e+00, 4e+03]
Variable bounds range:                [0e+00, 2e+01]

Third-party presolve is disabled, skipping
Objective offset 0.000000 scaling_factor 1.000000
   Iter    Primal Obj.      Dual Obj.    Gap        Primal Res.  Dual Res.   Time
      0 +0.00000000e+00 +0.00000000e+00  0.00e+00   6.48e+00     5.48e+00   0.140s
   1000 +3.44523305e+00 +3.14092503e+00  3.04e-01   5.90e-01     6.28e-01   0.204s
   2000 +3.58280645e+00 +3.66214961e+00  7.93e-02   4.19e-01     2.85e-03   0.233s
   3000 +3.87939875e+00 +3.76165295e+00  1.18e-01   1.22e-01     1.47e-01   0.262s
   4000 +4.00033992e+00 +4.00759256e+00  7.25e-03   1.19e-04     4.64e-03   0.290s
   4200 +3.99996841e+00 +3.99955035e+00  4.18e-04   3.24e-05     2.75e-04   0.296s
LP Solver status:                Optimal
Primal objective:                +3.99996841e+00
Dual objective:                  +3.99955035e+00
Duality gap (abs/rel):           +4.18e-04 / +4.65e-05
Primal infeasibility (abs/rel):  +3.24e-05 / +1.15e-09
Dual infeasibility (abs/rel):    +2.75e-04 / +4.24e-05
PDLP finished
Status: Optimal   Objective: 3.99996841e+00  Iterations: 4200  Time: 0.246s, Total time 0.299s

Results:
--------
Number of variables: 3004
Termination status: Optimal (1)
Solve time: 0.298887 seconds
Objective value: 3.999968

Solver completed successfully!
