Reading and solving MPS file: ../test_set/relaxedInstances/relaxed_05.mps
Setting parameter method to 1
Setting parameter absolute_primal_tolerance to 1.000000e-06
cuOpt version: 25.12.0, git hash: d97ff6b, host arch: x86_64, device archs: 75-real,80-real,86-real,90a-real,100f-real,120a-real,120
CPU: AMD EPYC 7B12 64-Core Processor, threads (physical/logical): 24/24, RAM: 34.57 GiB
CUDA 13.0, device: NVIDIA L40S (ID 0), VRAM: 47.37 GiB
CUDA device UUID: 74ffffffd2ffffffe65f-2bfffffffe-ffff

Solving a problem with 17788 constraints, 21451 variables (0 integers), and 480235 nonzeros
Problem scaling:
Objective coefficents range:          [1e+00, 1e+00]
Constraint matrix coefficients range: [1e-01, 9e+02]
Constraint rhs / bounds range:        [1e+00, 2e+01]
Variable bounds range:                [1e+00, 6e+04]

Third-party presolve is disabled, skipping
Objective offset 0.000000 scaling_factor 1.000000
   Iter    Primal Obj.      Dual Obj.    Gap        Primal Res.  Dual Res.   Time
      0 +0.00000000e+00 +0.00000000e+00  0.00e+00   3.87e+01     1.00e+00   0.122s
   1000 +3.82221051e+02 +8.27523178e+02  4.45e+02   2.93e+01     9.24e-01   0.197s
   2000 +5.98460554e+02 +7.86402425e+02  1.88e+02   3.54e+01     7.22e-01   0.235s
   3000 +1.01742539e+03 +7.37886476e+02  2.80e+02   4.82e+01     5.74e-01   0.275s
   4000 +1.45562163e+03 +6.84080941e+02  7.72e+02   7.68e+01     4.28e-01   0.314s
   5000 +1.88865275e+03 +6.30895403e+02  1.26e+03   1.02e+02     3.12e-01   0.352s
   6000 +2.15079599e+03 +5.67583032e+02  1.58e+03   8.97e+01     2.02e-01   0.391s
   7000 +2.33888463e+03 +5.08997583e+02  1.83e+03   9.24e+01     1.13e-01   0.430s
   8000 +2.37901776e+03 +4.50173401e+02  1.93e+03   1.42e+02     4.67e-02   0.468s
   9000 +2.30994718e+03 +3.95062331e+02  1.91e+03   1.68e+02     3.29e-02   0.507s
  10000 +2.25095320e+03 +3.12885133e+02  1.94e+03   2.08e+02     8.75e-02   0.546s
  11000 +2.13852031e+03 +2.35781408e+02  1.90e+03   2.09e+02     1.61e-01   0.584s
  12000 +1.98130582e+03 +1.82494933e+02  1.80e+03   2.09e+02     1.86e-01   0.622s
  13000 +1.81336061e+03 +1.41992720e+02  1.67e+03   1.74e+02     1.96e-01   0.660s
  14000 +1.64050660e+03 +1.10726888e+02  1.53e+03   1.47e+02     2.07e-01   0.698s
  15000 +1.52102604e+03 +7.11974480e+01  1.45e+03   1.45e+02     2.12e-01   0.736s
  16000 +1.42842119e+03 +4.76155948e+01  1.38e+03   9.62e+01     2.32e-01   0.774s
  17000 +1.33226841e+03 +3.27626705e+01  1.30e+03   7.51e+01     2.37e-01   0.813s
  18000 +1.23714247e+03 +2.68308348e+01  1.21e+03   5.75e+01     2.33e-01   0.851s
  19000 +1.14627366e+03 +2.73833847e+01  1.12e+03   3.53e+01     2.26e-01   0.889s
  20000 +1.05979545e+03 +3.08362027e+01  1.03e+03   3.02e+01     2.19e-01   0.927s
  21000 +9.77854603e+02 +3.55058267e+01  9.42e+02   2.55e+01     2.12e-01   0.965s
  22000 +9.00606071e+02 +4.04045946e+01  8.60e+02   2.28e+01     2.04e-01   1.003s
  23000 +7.62935470e+02 +4.36840139e+01  7.19e+02   2.34e+01     1.90e-01   1.041s
  24000 +5.40862606e+02 +4.79847114e+01  4.93e+02   3.95e+01     1.79e-01   1.079s
  25000 +3.33530920e+02 +5.55831577e+01  2.78e+02   4.65e+01     1.71e-01   1.117s
  26000 +2.88000000e+02 +1.74285828e+02  1.14e+02   4.74e+01     1.07e-01   1.154s
  27000 +2.88000000e+02 +2.03771604e+02  8.42e+01   3.45e+01     8.25e-02   1.192s
  28000 +2.88000000e+02 +2.21584961e+02  6.64e+01   2.84e+01     6.71e-02   1.230s
  29000 +2.88000000e+02 +2.34617839e+02  5.34e+01   2.50e+01     5.65e-02   1.268s
  30000 +2.88000000e+02 +2.43896334e+02  4.41e+01   2.35e+01     4.89e-02   1.307s
  31000 +2.88000000e+02 +2.50591546e+02  3.74e+01   2.32e+01     4.31e-02   1.345s
  32000 +2.88000000e+02 +2.90179609e+02  2.18e+00   3.26e+01     1.11e-03   1.384s
  33000 +2.88000000e+02 +2.91197615e+02  3.20e+00   2.40e+01     5.31e-04   1.422s
  34000 +2.88000000e+02 +2.91476832e+02  3.48e+00   2.36e+01     4.96e-04   1.460s
  35000 +2.88000000e+02 +2.91792650e+02  3.79e+00   2.34e+01     5.03e-04   1.498s
  36000 +2.88000000e+02 +2.92085383e+02  4.09e+00   2.31e+01     5.08e-04   1.536s
  37000 +2.88000000e+02 +2.92413809e+02  4.41e+00   2.29e+01     5.28e-04   1.574s
  38000 +2.88000000e+02 +2.92693273e+02  4.69e+00   2.26e+01     5.36e-04   1.611s
  39000 +2.88000000e+02 +2.92938417e+02  4.94e+00   2.23e+01     5.40e-04   1.649s
  40000 +2.88000000e+02 +2.93191156e+02  5.19e+00   2.22e+01     5.45e-04   1.687s
  41000 +2.88000000e+02 +2.93447452e+02  5.45e+00   2.20e+01     5.47e-04   1.724s
  42000 +2.88000000e+02 +2.93726054e+02  5.73e+00   2.19e+01     5.48e-04   1.762s
  43000 +2.88000000e+02 +2.93948805e+02  5.95e+00   2.14e+01     5.44e-04   1.800s
  44000 +2.88000000e+02 +2.94162577e+02  6.16e+00   2.13e+01     5.37e-04   1.839s
  45000 +2.88000000e+02 +2.94373724e+02  6.37e+00   2.12e+01     5.15e-04   1.877s
  46000 +2.88000000e+02 +2.94591524e+02  6.59e+00   2.11e+01     5.09e-04   1.916s
  47000 +2.88000000e+02 +2.94818659e+02  6.82e+00   2.09e+01     5.10e-04   1.955s
  48000 +2.88000000e+02 +2.95028144e+02  7.03e+00   2.08e+01     4.94e-04   1.992s
  49000 +2.88000000e+02 +2.95238034e+02  7.24e+00   2.07e+01     4.89e-04   2.030s
  50000 +2.88000000e+02 +2.99612928e+02  1.16e+01   1.96e+01     2.88e-02   2.069s
  51000 +2.88000000e+02 +3.08687503e+02  2.07e+01   1.76e+01     2.17e-02   2.107s
  52000 +2.88000000e+02 +3.17890071e+02  2.99e+01   1.72e+01     1.89e-02   2.145s
  53000 +2.88000000e+02 +3.26648079e+02  3.86e+01   1.67e+01     1.57e-02   2.183s
  54000 +2.88031064e+02 +3.34995450e+02  4.70e+01   1.65e+01     1.22e-02   2.221s
  55000 +2.90536119e+02 +3.60570654e+02  7.00e+01   1.58e+01     4.23e-02   2.259s
  56000 +2.95619926e+02 +3.62492238e+02  6.69e+01   1.52e+01     3.62e-02   2.297s
  57000 +2.96424162e+02 +3.55315037e+02  5.89e+01   1.47e+01     1.80e-02   2.335s
  58000 +2.95915628e+02 +3.63242485e+02  6.73e+01   1.49e+01     1.50e-02   2.373s
  59000 +2.97074822e+02 +3.74837310e+02  7.78e+01   1.47e+01     2.36e-02   2.412s
  60000 +2.98785211e+02 +3.78144408e+02  7.94e+01   1.44e+01     2.01e-02   2.450s
  61000 +2.98995819e+02 +3.79539659e+02  8.05e+01   1.45e+01     1.71e-02   2.487s
  62000 +3.00123629e+02 +3.95196036e+02  9.51e+01   1.41e+01     3.34e-02   2.526s
  63000 +3.05649363e+02 +4.14023571e+02  1.08e+02   1.32e+01     6.42e-02   2.563s
  64000 +3.14279893e+02 +4.25770735e+02  1.11e+02   1.21e+01     8.26e-02   2.601s
  65000 +3.23364896e+02 +4.26635687e+02  1.03e+02   1.16e+01     7.73e-02   2.639s
  66000 +3.30115509e+02 +4.28548096e+02  9.84e+01   1.04e+01     6.68e-02   2.677s
  67000 +3.35381596e+02 +4.27708563e+02  9.23e+01   9.95e+00     5.81e-02   2.714s
  68000 +3.39391669e+02 +4.24385572e+02  8.50e+01   9.52e+00     4.75e-02   2.752s
  69000 +3.41817303e+02 +4.19671602e+02  7.79e+01   9.13e+00     3.65e-02   2.791s
  70000 +3.42941480e+02 +4.16233709e+02  7.33e+01   8.92e+00     2.90e-02   2.829s
  71000 +3.43284049e+02 +4.13945281e+02  7.07e+01   8.92e+00     2.36e-02   2.867s
  72000 +3.43518782e+02 +4.13818176e+02  7.03e+01   8.97e+00     2.54e-02   2.905s
  73000 +3.44162939e+02 +4.15363625e+02  7.12e+01   8.76e+00     2.48e-02   2.943s
  74000 +3.44920746e+02 +4.17351871e+02  7.24e+01   8.72e+00     2.45e-02   2.980s
  75000 +3.45828626e+02 +4.19536368e+02  7.37e+01   8.80e+00     2.50e-02   3.018s
  76000 +3.46998249e+02 +4.21685019e+02  7.47e+01   8.29e+00     2.76e-02   3.056s
  77000 +3.48238215e+02 +4.23774951e+02  7.55e+01   8.31e+00     2.64e-02   3.095s
  78000 +3.49375282e+02 +4.25679791e+02  7.63e+01   8.03e+00     2.53e-02   3.133s
  79000 +3.50278162e+02 +4.64932204e+02  1.15e+02   7.80e+00     9.75e-02   3.172s
  80000 +3.52424873e+02 +5.04098459e+02  1.52e+02   7.53e+00     1.68e-01   3.209s
  81000 +3.55815522e+02 +5.41645870e+02  1.86e+02   6.98e+00     2.47e-01   3.247s
  82000 +3.60445207e+02 +5.77710171e+02  2.17e+02   6.44e+00     3.11e-01   3.287s
  83000 +3.65973656e+02 +6.06451223e+02  2.40e+02   5.74e+00     3.66e-01   3.326s
  84000 +3.72410735e+02 +6.31842680e+02  2.59e+02   5.00e+00     4.21e-01   3.365s
  85000 +3.79492130e+02 +6.52535807e+02  2.73e+02   4.38e+00     4.55e-01   3.403s
  86000 +3.86762901e+02 +6.67539114e+02  2.81e+02   3.69e+00     4.69e-01   3.442s
  87000 +3.93813589e+02 +6.75984740e+02  2.82e+02   3.16e+00     4.62e-01   3.479s
  88000 +4.00303661e+02 +6.76722323e+02  2.76e+02   2.68e+00     4.42e-01   3.517s
  89000 +4.05984953e+02 +6.69390662e+02  2.63e+02   2.35e+00     4.07e-01   3.555s
  90000 +4.10783252e+02 +6.55086491e+02  2.44e+02   2.10e+00     3.79e-01   3.593s
  91000 +4.14958523e+02 +6.38319908e+02  2.23e+02   1.69e+00     3.50e-01   3.631s
  92000 +4.18501447e+02 +6.21709335e+02  2.03e+02   1.55e+00     3.25e-01   3.668s
  93000 +4.21732629e+02 +6.09722509e+02  1.88e+02   1.34e+00     3.16e-01   3.707s
  94000 +4.24739002e+02 +5.98490379e+02  1.74e+02   1.58e+00     2.99e-01   3.745s
  95000 +4.27403450e+02 +5.85417312e+02  1.58e+02   1.86e+00     2.80e-01   3.783s
  96000 +4.29674380e+02 +5.73508615e+02  1.44e+02   1.32e+00     2.58e-01   3.822s
  97000 +4.31548104e+02 +5.60062599e+02  1.29e+02   1.23e+00     2.36e-01   3.860s
  98000 +4.32998361e+02 +5.47096974e+02  1.14e+02   1.10e+00     2.14e-01   3.898s
  99000 +4.34000235e+02 +5.35078021e+02  1.01e+02   1.01e+00     1.89e-01   3.935s
 100000 +4.34527107e+02 +5.24083328e+02  8.96e+01   1.03e+00     1.64e-01   3.973s
 101000 +4.34598576e+02 +5.13849123e+02  7.93e+01   9.79e-01     1.41e-01   4.012s
 102000 +4.34267978e+02 +5.04923662e+02  7.07e+01   1.03e+00     1.20e-01   4.050s
 103000 +4.33635828e+02 +4.96920970e+02  6.33e+01   1.02e+00     1.04e-01   4.088s
 104000 +4.32782043e+02 +4.89152159e+02  5.64e+01   1.04e+00     8.99e-02   4.126s
 105000 +4.31773781e+02 +4.82589730e+02  5.08e+01   1.04e+00     7.94e-02   4.163s
 106000 +4.32542761e+02 +4.80351175e+02  4.78e+01   1.01e+00     7.83e-02   4.202s
 107000 +4.33760569e+02 +4.79522105e+02  4.58e+01   9.71e-01     7.88e-02   4.239s
 108000 +4.34958483e+02 +4.78905849e+02  4.39e+01   8.92e-01     7.67e-02   4.277s
 109000 +4.36084933e+02 +4.77779006e+02  4.17e+01   8.95e-01     7.29e-02   4.315s
 110000 +4.37107721e+02 +4.76150232e+02  3.90e+01   8.85e-01     6.84e-02   4.353s
 111000 +4.38011217e+02 +4.73856972e+02  3.58e+01   9.49e-01     6.33e-02   4.391s
 112000 +4.38791067e+02 +4.70911907e+02  3.21e+01   9.45e-01     5.74e-02   4.430s
 113000 +4.39429130e+02 +4.67527261e+02  2.81e+01   9.44e-01     5.06e-02   4.469s
 114000 +4.39995784e+02 +4.66023480e+02  2.60e+01   5.53e-01     5.09e-02   4.507s
 115000 +4.40573031e+02 +4.67208352e+02  2.66e+01   1.26e-01     5.31e-02   4.547s
 116000 +4.41357385e+02 +4.67733781e+02  2.64e+01   8.17e-02     5.41e-02   4.584s
 117000 +4.42152560e+02 +4.67915025e+02  2.58e+01   3.74e-02     5.45e-02   4.624s
 118000 +4.42943760e+02 +4.67738592e+02  2.48e+01   2.16e-03     5.41e-02   4.662s
 119000 +4.43713959e+02 +4.67220742e+02  2.35e+01   1.12e-02     5.30e-02   4.699s
 120000 +4.44447585e+02 +4.66378019e+02  2.19e+01   2.09e-02     5.12e-02   4.738s
 121000 +4.45130310e+02 +4.65233102e+02  2.01e+01   2.99e-02     4.87e-02   4.776s
 122000 +4.45748739e+02 +4.63820444e+02  1.81e+01   3.68e-02     4.56e-02   4.814s
 123000 +4.46291317e+02 +4.62172036e+02  1.59e+01   4.35e-02     4.20e-02   4.853s
 124000 +4.46749522e+02 +4.60332033e+02  1.36e+01   5.04e-02     3.80e-02   4.891s
 125000 +4.47116167e+02 +4.58344754e+02  1.12e+01   5.51e-02     3.37e-02   4.929s
 126000 +4.47387414e+02 +4.56264295e+02  8.88e+00   5.88e-02     2.92e-02   4.967s
 127000 +4.47561224e+02 +4.54138623e+02  6.58e+00   6.10e-02     2.46e-02   5.007s
 128000 +4.47638736e+02 +4.52019883e+02  4.38e+00   6.18e-02     2.00e-02   5.044s
 129000 +4.47623070e+02 +4.49953071e+02  2.33e+00   6.17e-02     1.55e-02   5.083s
 130000 +4.47520094e+02 +4.47986055e+02  4.66e-01   6.02e-02     1.13e-02   5.121s
 131000 +4.47337406e+02 +4.46159188e+02  1.18e+00   5.78e-02     7.29e-03   5.159s
 132000 +4.47084611e+02 +4.44506528e+02  2.58e+00   5.46e-02     3.71e-03   5.196s
 133000 +4.46772881e+02 +4.43057203e+02  3.72e+00   5.06e-02     5.60e-04   5.234s
 134000 +4.46414170e+02 +4.41832988e+02  4.58e+00   4.61e-02     2.10e-03   5.271s
 135000 +4.46021435e+02 +4.40849248e+02  5.17e+00   4.11e-02     4.25e-03   5.310s
 136000 +4.45608031e+02 +4.40113416e+02  5.49e+00   3.58e-02     5.85e-03   5.349s
 137000 +4.45187213e+02 +4.39625270e+02  5.56e+00   3.04e-02     6.91e-03   5.387s
 138000 +4.44771747e+02 +4.39377320e+02  5.39e+00   2.51e-02     7.45e-03   5.426s
 139000 +4.44373529e+02 +4.39355491e+02  5.02e+00   2.01e-02     7.50e-03   5.465s
 140000 +4.44003257e+02 +4.39539483e+02  4.46e+00   1.53e-02     7.10e-03   5.504s
 141000 +4.43949294e+02 +4.38666762e+02  5.28e+00   1.47e-02     8.99e-03   5.543s
 142000 +4.43879718e+02 +4.37857618e+02  6.02e+00   1.38e-02     1.08e-02   5.582s
 143000 +4.43796077e+02 +4.37128553e+02  6.67e+00   1.27e-02     1.23e-02   5.620s
 144000 +4.43700267e+02 +4.36493954e+02  7.21e+00   1.15e-02     1.37e-02   5.659s
 145000 +4.43594469e+02 +4.35965722e+02  7.63e+00   1.01e-02     1.49e-02   5.696s
 146000 +4.43481092e+02 +4.35552958e+02  7.93e+00   8.68e-03     1.58e-02   5.734s
 147000 +4.43362704e+02 +4.35261732e+02  8.10e+00   7.17e-03     1.64e-02   5.772s
 148000 +4.43241954e+02 +4.35094948e+02  8.15e+00   5.63e-03     1.68e-02   5.809s
 149000 +4.43121501e+02 +4.35052300e+02  8.07e+00   4.10e-03     1.69e-02   5.847s
 150000 +4.43003939e+02 +4.35130334e+02  7.87e+00   2.60e-03     1.67e-02   5.885s
 151000 +4.42891721e+02 +4.35322592e+02  7.57e+00   1.17e-03     1.63e-02   5.925s
 152000 +4.42787099e+02 +4.35619852e+02  7.17e+00   7.26e-04     1.56e-02   5.963s
 153000 +4.42692058e+02 +4.36010447e+02  6.68e+00   6.08e-03     1.48e-02   6.003s
 154000 +4.42608270e+02 +4.36480648e+02  6.13e+00   1.08e-02     1.38e-02   6.042s
 155000 +4.42537052e+02 +4.37015109e+02  5.52e+00   1.48e-02     1.26e-02   6.080s
 156000 +4.42479335e+02 +4.37597352e+02  4.88e+00   1.81e-02     1.13e-02   6.119s
 157000 +4.42435653e+02 +4.38210267e+02  4.23e+00   2.05e-02     9.99e-03   6.157s
 158000 +4.42406132e+02 +4.38836638e+02  3.57e+00   2.22e-02     8.62e-03   6.195s
 159000 +4.42390507e+02 +4.39459645e+02  2.93e+00   2.31e-02     7.27e-03   6.233s
 160000 +4.42388135e+02 +4.40063348e+02  2.32e+00   2.32e-02     5.96e-03   6.271s
 161000 +4.42398033e+02 +4.40633134e+02  1.76e+00   2.26e-02     4.72e-03   6.310s
 162000 +4.42418913e+02 +4.41156108e+02  1.26e+00   2.15e-02     3.58e-03   6.348s
 163000 +4.42449240e+02 +4.41621416e+02  8.28e-01   1.97e-02     2.56e-03   6.386s
 164000 +4.42487282e+02 +4.42020503e+02  4.67e-01   1.76e-02     1.70e-03   6.424s
 165000 +4.42531173e+02 +4.42347281e+02  1.84e-01   1.51e-02     9.85e-04   6.462s
 166000 +4.42540099e+02 +4.42488593e+02  5.15e-02   1.46e-02     6.78e-04   6.501s
 167000 +4.42526693e+02 +4.42544640e+02  1.79e-02   1.54e-02     5.56e-04   6.540s
 168000 +4.42517238e+02 +4.42603615e+02  8.64e-02   1.59e-02     4.27e-04   6.579s
 169000 +4.42511899e+02 +4.42664261e+02  1.52e-01   1.62e-02     2.95e-04   6.618s
 170000 +4.42510732e+02 +4.42725290e+02  2.15e-01   1.63e-02     1.63e-04   6.656s
 171000 +4.42513692e+02 +4.42785415e+02  2.72e-01   1.61e-02     3.17e-05   6.695s
 172000 +4.42520629e+02 +4.42843389e+02  3.23e-01   1.57e-02     9.44e-05   6.734s
 173000 +4.42531294e+02 +4.42898039e+02  3.67e-01   1.51e-02     2.13e-04   6.772s
 174000 +4.42545351e+02 +4.42948295e+02  4.03e-01   1.43e-02     3.23e-04   6.811s
 175000 +4.42562382e+02 +4.42993225e+02  4.31e-01   1.34e-02     4.20e-04   6.849s
 176000 +4.42581905e+02 +4.43032051e+02  4.50e-01   1.23e-02     5.05e-04   6.887s
 177000 +4.42603386e+02 +4.43064175e+02  4.61e-01   1.11e-02     5.75e-04   6.925s
 178000 +4.42626255e+02 +4.43089187e+02  4.63e-01   9.78e-03     6.29e-04   6.963s
 179000 +4.42649926e+02 +4.43106878e+02  4.57e-01   8.45e-03     6.68e-04   7.002s
 180000 +4.42673809e+02 +4.43117235e+02  4.43e-01   7.10e-03     6.90e-04   7.040s
 181000 +4.42697333e+02 +4.43120444e+02  4.23e-01   5.78e-03     6.97e-04   7.078s
 182000 +4.42719955e+02 +4.43116871e+02  3.97e-01   4.51e-03     6.90e-04   7.116s
 183000 +4.42741183e+02 +4.43107053e+02  3.66e-01   3.31e-03     6.68e-04   7.153s
 184000 +4.42760582e+02 +4.43091674e+02  3.31e-01   2.22e-03     6.35e-04   7.192s
 185000 +4.42777788e+02 +4.43071539e+02  2.94e-01   1.25e-03     5.91e-04   7.229s
 186000 +4.42792517e+02 +4.43047551e+02  2.55e-01   4.21e-04     5.39e-04   7.269s
 187000 +4.42804568e+02 +4.43020675e+02  2.16e-01   5.82e-05     4.80e-04   7.307s
 188000 +4.42813832e+02 +4.42991910e+02  1.78e-01   1.76e-04     4.18e-04   7.346s
 189000 +4.42820282e+02 +4.42962255e+02  1.42e-01   2.59e-04     3.53e-04   7.385s
 190000 +4.42823980e+02 +4.42932683e+02  1.09e-01   3.06e-04     2.89e-04   7.423s
 191000 +4.42826411e+02 +4.42908827e+02  8.24e-02   3.37e-04     2.37e-04   7.461s
 192000 +4.42832971e+02 +4.42903575e+02  7.06e-02   4.20e-04     2.25e-04   7.500s
 193000 +4.42839016e+02 +4.42896925e+02  5.79e-02   4.97e-04     2.11e-04   7.538s
 193800 +4.42843400e+02 +4.42890699e+02  4.73e-02   5.53e-04     1.97e-04   7.569s
LP Solver status:                Optimal
Primal objective:                +4.42843400e+02
Dual objective:                  +4.42890699e+02
Duality gap (abs/rel):           +4.73e-02 / +5.33e-05
Primal infeasibility (abs/rel):  +5.53e-04 / +1.39e-05
Dual infeasibility (abs/rel):    +1.97e-04 / +9.87e-05
PDLP finished
Status: Optimal   Objective: 4.42843400e+02  Iterations: 193800  Time: 7.521s, Total time 7.575s

Results:
--------
Number of variables: 21451
Termination status: Optimal (1)
Solve time: 7.575180 seconds
Objective value: 442.843400

Solver completed successfully!
