Setting parameter method to 1
Setting parameter absolute_primal_tolerance to 1.000000e-06
Setting parameter time_limit to 1.800000e+02
Setting parameter save_best_primal_so_far to true
cuOpt version: 25.12.0, git hash: d97ff6b, host arch: x86_64, device archs: 70-real,75-real,80-real,86-real,90a-real,100f-real,120a-real,120
CPU: 13th Gen Intel(R) Core(TM) i9-13900K, threads (physical/logical): 24/32, RAM: 56.65 GiB
CUDA 12.9, device: NVIDIA GeForce RTX 4090 (ID 0), VRAM: 23.51 GiB
CUDA device UUID: ffffffac5e1cffffffb4-ffffffe33a-6134

Solving a problem with 14793 constraints, 14740 variables (0 integers), and 47333 nonzeros
Problem scaling:
Objective coefficents range:          [1e+00, 2e+00]
Constraint matrix coefficients range: [1e+00, 2e+01]
Constraint rhs / bounds range:        [1e+00, 1e+01]
Variable bounds range:                [1e+00, 2e+01]

Third-party presolve is disabled, skipping
Objective offset 25.000000 scaling_factor 1.000000
   Iter    Primal Obj.      Dual Obj.    Gap        Primal Res.  Dual Res.   Time
      0 +2.50000000e+01 +2.50000000e+01  0.00e+00   2.04e+01     1.96e+02   0.151s
    620 +2.50000000e+01 +2.49986654e+01  1.33e-03   4.64e-03     4.13e-04   0.184s
LP Solver status:                Optimal
Primal objective:                +2.50000000e+01
Dual objective:                  +2.49986654e+01
Duality gap (abs/rel):           +1.33e-03 / +2.62e-05
Primal infeasibility (abs/rel):  +4.64e-03 / +1.15e-05
Dual infeasibility (abs/rel):    +4.13e-04 / +2.10e-06
PDLP finished
Status: Optimal   Objective: 2.50000000e+01  Iterations: 620  Time: 0.171s, Total time 0.186s
Solve completed (status 1). Objective = 25.000000. Solution written to results_pdlp_1e-06/relaxed_12_sol.txt
