Setting parameter method to 1
Setting parameter absolute_primal_tolerance to 1.000000e-06
Setting parameter time_limit to 1.800000e+02
Setting parameter save_best_primal_so_far to true
cuOpt version: 25.12.0, git hash: d97ff6b, host arch: x86_64, device archs: 70-real,75-real,80-real,86-real,90a-real,100f-real,120a-real,120
CPU: 13th Gen Intel(R) Core(TM) i9-13900K, threads (physical/logical): 24/32, RAM: 55.96 GiB
CUDA 12.9, device: NVIDIA GeForce RTX 4090 (ID 0), VRAM: 23.51 GiB
CUDA device UUID: ffffffac5e1cffffffb4-ffffffe33a-6134

Solving a problem with 101500 constraints, 81000 variables (0 integers), and 324400 nonzeros
Problem scaling:
Objective coefficents range:          [1e+00, 1e+01]
Constraint matrix coefficients range: [1e+00, 1e+03]
Constraint rhs / bounds range:        [5e-01, 9e+02]
Variable bounds range:                [1e+00, 9e+02]

Third-party presolve is disabled, skipping
Objective offset 0.000000 scaling_factor 1.000000
   Iter    Primal Obj.      Dual Obj.    Gap        Primal Res.  Dual Res.   Time
      0 +0.00000000e+00 +0.00000000e+00  0.00e+00   5.83e+02     2.00e+02   0.041s
    710 -2.55264656e-04 -3.37587741e-04  8.23e-05   2.92e-04     1.72e-04   0.111s
LP Solver status:                Optimal
Primal objective:                -2.55264656e-04
Dual objective:                  -3.37587741e-04
Duality gap (abs/rel):           +8.23e-05 / +8.23e-05
Primal infeasibility (abs/rel):  +2.92e-04 / +1.15e-09
Dual infeasibility (abs/rel):    +1.72e-04 / +8.56e-07
PDLP finished
Status: Optimal   Objective: -2.55264656e-04  Iterations: 710  Time: 0.092s, Total time 0.114s
Solve completed (status 1). Objective = -0.000255. Solution written to results_pdlp_1e-06/relaxed_29_sol.txt
