Setting parameter method to 1
Setting parameter absolute_primal_tolerance to 1.000000e-06
Setting parameter time_limit to 1.800000e+02
Setting parameter save_best_primal_so_far to true
cuOpt version: 25.12.0, git hash: d97ff6b, host arch: x86_64, device archs: 70-real,75-real,80-real,86-real,90a-real,100f-real,120a-real,120
CPU: 13th Gen Intel(R) Core(TM) i9-13900K, threads (physical/logical): 24/32, RAM: 55.96 GiB
CUDA 12.9, device: NVIDIA GeForce RTX 4090 (ID 0), VRAM: 23.51 GiB
CUDA device UUID: ffffffac5e1cffffffb4-ffffffe33a-6134

Solving a problem with 14576 constraints, 11564 variables (0 integers), and 553340 nonzeros
Problem scaling:
Objective coefficents range:          [1e+00, 1e+00]
Constraint matrix coefficients range: [1e+00, 4e+04]
Constraint rhs / bounds range:        [1e+00, 4e+04]
Variable bounds range:                [1e+00, 3e+01]

Third-party presolve is disabled, skipping
Objective offset 0.000000 scaling_factor 1.000000
   Iter    Primal Obj.      Dual Obj.    Gap        Primal Res.  Dual Res.   Time
      0 +0.00000000e+00 +0.00000000e+00  0.00e+00   8.12e+00     7.42e+00   0.237s
   1000 +6.51831066e+00 +1.33532579e+01  6.83e+00   2.78e+00     5.84e+00   0.298s
   2000 +4.24798858e+00 +4.42678918e+00  1.79e-01   1.24e+00     2.62e+00   0.336s
   3000 +3.94809474e+00 +3.10596130e+00  8.42e-01   7.62e-01     1.09e+00   0.374s
   4000 +3.44454160e+00 +3.15570854e+00  2.89e-01   6.82e-01     7.00e-01   0.412s
   5000 +3.28127073e+00 +3.47648904e+00  1.95e-01   7.42e-01     6.40e-01   0.450s
   6000 +3.25694180e+00 +3.64245165e+00  3.86e-01   7.49e-01     4.32e-01   0.488s
   7000 +3.22222018e+00 +3.68062708e+00  4.58e-01   7.87e-01     2.78e-01   0.526s
   8000 +3.18165135e+00 +3.61607991e+00  4.34e-01   8.20e-01     2.59e-01   0.564s
   9000 +3.13194646e+00 +3.52673451e+00  3.95e-01   8.70e-01     2.33e-01   0.602s
  10000 +3.09267996e+00 +3.43494133e+00  3.42e-01   9.11e-01     1.60e-01   0.640s
  11000 +3.08771085e+00 +3.35565964e+00  2.68e-01   9.14e-01     1.31e-01   0.677s
  12000 +3.09588922e+00 +3.37003314e+00  2.74e-01   9.06e-01     1.24e-01   0.715s
  13000 +3.09927701e+00 +3.37430220e+00  2.75e-01   9.02e-01     1.19e-01   0.752s
  14000 +3.09491514e+00 +3.38040681e+00  2.85e-01   9.06e-01     1.12e-01   0.790s
  15000 +3.09470672e+00 +3.38311554e+00  2.88e-01   9.06e-01     1.07e-01   0.828s
  16000 +3.10543053e+00 +3.39399008e+00  2.89e-01   8.95e-01     9.21e-02   0.865s
  17000 +3.10762583e+00 +3.39481065e+00  2.87e-01   8.93e-01     8.42e-02   0.903s
  18000 +3.10140240e+00 +3.40341764e+00  3.02e-01   8.99e-01     7.93e-02   0.940s
  19000 +3.09185533e+00 +3.41269731e+00  3.21e-01   9.09e-01     7.63e-02   0.978s
  20000 +3.09008432e+00 +3.43683661e+00  3.47e-01   9.10e-01     7.38e-02   1.015s
  21000 +3.09183017e+00 +3.45175101e+00  3.60e-01   9.09e-01     7.03e-02   1.053s
  22000 +3.09366490e+00 +3.46931940e+00  3.76e-01   9.07e-01     6.52e-02   1.090s
  23000 +3.09180437e+00 +3.49056307e+00  3.99e-01   9.09e-01     5.84e-02   1.128s
  24000 +3.08953109e+00 +3.53167207e+00  4.42e-01   9.11e-01     5.25e-02   1.165s
  25000 +3.08652766e+00 +3.57394769e+00  4.87e-01   9.14e-01     4.70e-02   1.203s
  26000 +3.08388125e+00 +3.61906651e+00  5.35e-01   9.17e-01     4.33e-02   1.241s
  27000 +3.08276563e+00 +3.66654369e+00  5.84e-01   9.18e-01     4.09e-02   1.281s
  28000 +3.08249876e+00 +3.71210836e+00  6.30e-01   9.18e-01     3.90e-02   1.320s
  29000 +3.08204060e+00 +3.75588167e+00  6.74e-01   9.19e-01     3.67e-02   1.360s
  30000 +3.08079756e+00 +3.79897308e+00  7.18e-01   9.20e-01     3.38e-02   1.403s
  31000 +3.07823526e+00 +3.83734599e+00  7.59e-01   9.22e-01     3.07e-02   1.444s
  32000 +3.07381160e+00 +3.89309774e+00  8.19e-01   9.27e-01     2.77e-02   1.485s
  33000 +3.07835380e+00 +3.92951175e+00  8.51e-01   9.22e-01     1.98e-02   1.525s
  34000 +3.07462470e+00 +3.97845631e+00  9.04e-01   9.26e-01     7.58e-03   1.566s
  35000 +3.67261648e+00 +3.76113151e+00  8.85e-02   3.28e-01     8.85e-02   1.605s
  36000 +4.00054011e+00 +3.11437109e+00  8.86e-01   4.23e-03     3.65e-01   1.645s
  37000 +4.00698908e+00 +3.97695146e+00  3.00e-02   2.99e-03     1.83e-01   1.684s
  38000 +4.00168544e+00 +4.03977595e+00  3.81e-02   3.22e-03     1.69e-02   1.725s
  38400 +4.00060191e+00 +4.00128762e+00  6.86e-04   3.86e-04     5.36e-04   1.741s
LP Solver status:                Optimal
Primal objective:                +4.00060191e+00
Dual objective:                  +4.00128762e+00
Duality gap (abs/rel):           +6.86e-04 / +7.62e-05
Primal infeasibility (abs/rel):  +3.86e-04 / +8.51e-10
Dual infeasibility (abs/rel):    +5.36e-04 / +6.37e-05
PDLP finished
Status: Optimal   Objective: 4.00060191e+00  Iterations: 38400  Time: 1.731s, Total time 1.743s
Solve completed (status 1). Objective = 4.000602. Solution written to results_pdlp_1e-06/relaxed_20_sol.txt
