Setting parameter method to 1
Setting parameter absolute_primal_tolerance to 1.000000e-06
Setting parameter time_limit to 1.800000e+02
Setting parameter save_best_primal_so_far to true
cuOpt version: 25.12.0, git hash: d97ff6b, host arch: x86_64, device archs: 70-real,75-real,80-real,86-real,90a-real,100f-real,120a-real,120
CPU: 13th Gen Intel(R) Core(TM) i9-13900K, threads (physical/logical): 24/32, RAM: 56.60 GiB
CUDA 12.9, device: NVIDIA GeForce RTX 4090 (ID 0), VRAM: 23.51 GiB
CUDA device UUID: ffffffac5e1cffffffb4-ffffffe33a-6134

Solving a problem with 4011 constraints, 25897 variables (0 integers), and 372549 nonzeros
Problem scaling:
Objective coefficents range:          [2e+02, 7e+02]
Constraint matrix coefficients range: [1e+00, 3e+02]
Constraint rhs / bounds range:        [0e+00, 6e+00]
Variable bounds range:                [0e+00, 2e+00]

Third-party presolve is disabled, skipping
Objective offset 0.000000 scaling_factor 1.000000
   Iter    Primal Obj.      Dual Obj.    Gap        Primal Res.  Dual Res.   Time
      0 +0.00000000e+00 +0.00000000e+00  0.00e+00   2.30e+01     6.81e+04   0.079s
   1000 +3.88532633e+04 +3.88798539e+04  2.66e+01   1.98e-01     4.00e+01   0.142s
   2000 +3.87752266e+04 +3.87705372e+04  4.69e+00   1.15e-01     3.89e+00   0.179s
   3000 +3.87655340e+04 +3.87666471e+04  1.11e+00   7.84e-02     1.46e+00   0.217s
   4000 +3.87669055e+04 +3.87667602e+04  1.45e-01   4.93e-02     1.09e+00   0.255s
   5000 +3.87657094e+04 +3.87674197e+04  1.71e+00   3.04e-02     8.73e-01   0.293s
   6000 +3.87671593e+04 +3.87673879e+04  2.29e-01   1.70e-02     9.91e-01   0.330s
   7000 +3.87674312e+04 +3.87678206e+04  3.89e-01   1.03e-02     1.12e+00   0.364s
LP Solver status:                Optimal
Primal objective:                +3.87674312e+04
Dual objective:                  +3.87678206e+04
Duality gap (abs/rel):           +3.89e-01 / +5.02e-06
Primal infeasibility (abs/rel):  +1.03e-02 / +9.77e-05
Dual infeasibility (abs/rel):    +1.12e+00 / +1.64e-05
PDLP finished
Status: Optimal   Objective: 3.87674312e+04  Iterations: 7000  Time: 0.344s, Total time 0.365s
Solve completed (status 1). Objective = 38767.431227. Solution written to results_pdlp_1e-06/relaxed_08_sol.txt
