Setting parameter method to 1
Setting parameter absolute_primal_tolerance to 1.000000e-06
Setting parameter time_limit to 1.800000e+02
Setting parameter save_best_primal_so_far to true
cuOpt version: 25.12.0, git hash: d97ff6b, host arch: x86_64, device archs: 70-real,75-real,80-real,86-real,90a-real,100f-real,120a-real,120
CPU: 13th Gen Intel(R) Core(TM) i9-13900K, threads (physical/logical): 24/32, RAM: 56.19 GiB
CUDA 12.9, device: NVIDIA GeForce RTX 4090 (ID 0), VRAM: 23.51 GiB
CUDA device UUID: ffffffac5e1cffffffb4-ffffffe33a-6134

Solving a problem with 139107 constraints, 57520 variables (0 integers), and 717680 nonzeros
Problem scaling:
Objective coefficents range:          [1e+00, 1e+00]
Constraint matrix coefficients range: [1e+00, 2e+01]
Constraint rhs / bounds range:        [0e+00, 2e+01]
Variable bounds range:                [1e+00, 9e+00]

Third-party presolve is disabled, skipping
Objective offset 0.000000 scaling_factor 1.000000
   Iter    Primal Obj.      Dual Obj.    Gap        Primal Res.  Dual Res.   Time
      0 +0.00000000e+00 +0.00000000e+00  0.00e+00   2.66e+01     8.94e+00   0.059s
    350 +9.99935544e-01 +9.99923694e-01  1.19e-05   2.62e-04     6.24e-04   0.099s
LP Solver status:                Optimal
Primal objective:                +9.99935544e-01
Dual objective:                  +9.99923694e-01
Duality gap (abs/rel):           +1.19e-05 / +3.95e-06
Primal infeasibility (abs/rel):  +2.62e-04 / +7.90e-08
Dual infeasibility (abs/rel):    +6.24e-04 / +6.27e-05
PDLP finished
Status: Optimal   Objective: 9.99935544e-01  Iterations: 350  Time: 0.093s, Total time 0.114s
Solve completed (status 1). Objective = 0.999936. Solution written to results_pdlp_1e-06/relaxed_16_sol.txt
