Setting parameter method to 1
Setting parameter absolute_primal_tolerance to 1.000000e-06
Setting parameter time_limit to 1.800000e+02
Setting parameter save_best_primal_so_far to true
cuOpt version: 25.12.0, git hash: d97ff6b, host arch: x86_64, device archs: 70-real,75-real,80-real,86-real,90a-real,100f-real,120a-real,120
CPU: 13th Gen Intel(R) Core(TM) i9-13900K, threads (physical/logical): 24/32, RAM: 56.00 GiB
CUDA 12.9, device: NVIDIA GeForce RTX 4090 (ID 0), VRAM: 23.51 GiB
CUDA device UUID: ffffffac5e1cffffffb4-ffffffe33a-6134

Solving a problem with 17288 constraints, 2401 variables (0 integers), and 85357 nonzeros
Problem scaling:
Objective coefficents range:          [1e+00, 1e+00]
Constraint matrix coefficients range: [1e+00, 1e+00]
Constraint rhs / bounds range:        [0e+00, 1e+00]
Variable bounds range:                [0e+00, 1e+00]

Third-party presolve is disabled, skipping
Objective offset 0.000000 scaling_factor 1.000000
   Iter    Primal Obj.      Dual Obj.    Gap        Primal Res.  Dual Res.   Time
      0 +0.00000000e+00 +0.00000000e+00  0.00e+00   0.00e+00     4.90e+01   0.035s
   1000 -3.24079820e+02 -3.24069666e+02  1.02e-02   7.24e-03     2.37e-02   0.086s
   2000 -3.24071710e+02 -3.24071571e+02  1.39e-04   1.43e-03     4.39e-03   0.114s
LP Solver status:                Optimal
Primal objective:                -3.24071710e+02
Dual objective:                  -3.24071571e+02
Duality gap (abs/rel):           +1.39e-04 / +2.14e-07
Primal infeasibility (abs/rel):  +1.43e-03 / +1.08e-05
Dual infeasibility (abs/rel):    +4.39e-03 / +8.79e-05
PDLP finished
Status: Optimal   Objective: -3.24071710e+02  Iterations: 2000  Time: 0.095s, Total time 0.115s
Solve completed (status 1). Objective = -324.071710. Solution written to results_pdlp_1e-06/relaxed_27_sol.txt
