Setting parameter method to 1
Setting parameter absolute_primal_tolerance to 1.000000e-06
Setting parameter time_limit to 1.800000e+02
Setting parameter save_best_primal_so_far to true
cuOpt version: 25.12.0, git hash: d97ff6b, host arch: x86_64, device archs: 70-real,75-real,80-real,86-real,90a-real,100f-real,120a-real,120
CPU: 13th Gen Intel(R) Core(TM) i9-13900K, threads (physical/logical): 24/32, RAM: 55.69 GiB
CUDA 12.9, device: NVIDIA GeForce RTX 4090 (ID 0), VRAM: 23.51 GiB
CUDA device UUID: ffffffac5e1cffffffb4-ffffffe33a-6134

Solving a problem with 1806 constraints, 2534 variables (0 integers), and 6846 nonzeros
Problem scaling:
Objective coefficents range:          [1e+00, 1e+00]
Constraint matrix coefficients range: [1e+00, 1e+00]
Constraint rhs / bounds range:        [1e+00, 1e+00]
Variable bounds range:                [0e+00, 1e+00]

Third-party presolve is disabled, skipping
Objective offset 359.000000 scaling_factor 1.000000
   Iter    Primal Obj.      Dual Obj.    Gap        Primal Res.  Dual Res.   Time
      0 +3.59000000e+02 +3.59000000e+02  0.00e+00   1.87e+01     3.82e+01   0.182s
    620 +4.32367220e-05 +1.68542308e-05  2.64e-05   8.54e-05     1.76e-05   0.214s
LP Solver status:                Optimal
Primal objective:                +4.32367220e-05
Dual objective:                  +1.68542308e-05
Duality gap (abs/rel):           +2.64e-05 / +2.64e-05
Primal infeasibility (abs/rel):  +8.54e-05 / +3.05e-06
Dual infeasibility (abs/rel):    +1.76e-05 / +4.49e-07
PDLP finished
Status: Optimal   Objective: 4.32367220e-05  Iterations: 620  Time: 0.194s, Total time 0.215s
Solve completed (status 1). Objective = 0.000043. Solution written to results_pdlp_1e-06/relaxed_34_sol.txt
