Setting parameter method to 1
Setting parameter absolute_primal_tolerance to 1.000000e-06
Setting parameter time_limit to 1.800000e+02
Setting parameter save_best_primal_so_far to true
cuOpt version: 25.12.0, git hash: d97ff6b, host arch: x86_64, device archs: 70-real,75-real,80-real,86-real,90a-real,100f-real,120a-real,120
CPU: 13th Gen Intel(R) Core(TM) i9-13900K, threads (physical/logical): 24/32, RAM: 54.95 GiB
CUDA 12.9, device: NVIDIA GeForce RTX 4090 (ID 0), VRAM: 23.51 GiB
CUDA device UUID: ffffffac5e1cffffffb4-ffffffe33a-6134

Solving a problem with 1094 constraints, 1206 variables (0 integers), and 351284 nonzeros
Problem scaling:
Objective coefficents range:          [1e+00, 1e+00]
Constraint matrix coefficients range: [1e+00, 4e+02]
Constraint rhs / bounds range:        [1e+00, 4e+02]
Variable bounds range:                [1e+00, 7e+02]

Third-party presolve is disabled, skipping
Objective offset 91.000000 scaling_factor 1.000000
   Iter    Primal Obj.      Dual Obj.    Gap        Primal Res.  Dual Res.   Time
      0 +9.10000000e+01 +9.10000000e+01  0.00e+00   1.32e+02     2.61e+01   0.035s
    690 +0.00000000e+00 -4.35553827e-05  4.36e-05   2.68e-01     7.23e-05   0.075s
LP Solver status:                Optimal
Primal objective:                +0.00000000e+00
Dual objective:                  -4.35553827e-05
Duality gap (abs/rel):           +4.36e-05 / +4.36e-05
Primal infeasibility (abs/rel):  +2.68e-01 / +5.42e-05
Dual infeasibility (abs/rel):    +7.23e-05 / +2.66e-06
PDLP finished
Status: Optimal   Objective: 0.00000000e+00  Iterations: 690  Time: 0.056s, Total time 0.076s
Solve completed (status 1). Objective = 0.000000. Solution written to results_pdlp_1e-06/relaxed_47_sol.txt
