Setting parameter method to 1
Setting parameter absolute_primal_tolerance to 1.000000e-06
Setting parameter time_limit to 1.800000e+02
Setting parameter save_best_primal_so_far to true
cuOpt version: 25.12.0, git hash: d97ff6b, host arch: x86_64, device archs: 70-real,75-real,80-real,86-real,90a-real,100f-real,120a-real,120
CPU: 13th Gen Intel(R) Core(TM) i9-13900K, threads (physical/logical): 24/32, RAM: 55.89 GiB
CUDA 12.9, device: NVIDIA GeForce RTX 4090 (ID 0), VRAM: 23.51 GiB
CUDA device UUID: ffffffac5e1cffffffb4-ffffffe33a-6134

Solving a problem with 95182 constraints, 12063 variables (0 integers), and 214428 nonzeros
Problem scaling:
Objective coefficents range:          [2e-04, 3e+00]
Constraint matrix coefficients range: [1e+00, 1e+02]
Constraint rhs / bounds range:        [0e+00, 6e+03]
Variable bounds range:                [0e+00, 6e+04]

Third-party presolve is disabled, skipping
Objective offset 0.000000 scaling_factor 1.000000
   Iter    Primal Obj.      Dual Obj.    Gap        Primal Res.  Dual Res.   Time
      0 +0.00000000e+00 +0.00000000e+00  0.00e+00   0.00e+00     7.23e+01   0.058s
   1000 -1.04449808e+03 -5.06722561e+02  5.38e+02   5.69e+03     3.17e-02   0.119s
   2000 -2.53500339e+03 -1.60529858e+03  9.30e+02   8.61e+03     1.95e-02   0.155s
   3000 -2.53097975e+03 -2.54873668e+03  1.78e+01   5.81e+02     2.82e-02   0.190s
   4000 -2.52644135e+03 -2.52650783e+03  6.65e-02   3.88e+02     1.37e-02   0.226s
   5000 -2.52196714e+03 -2.56208335e+03  4.01e+01   1.91e+01     1.15e-02   0.262s
   6000 -2.52202933e+03 -2.52936252e+03  7.33e+00   4.47e+00     4.01e-03   0.297s
   7000 -2.52204341e+03 -2.52698590e+03  4.94e+00   1.14e+00     1.19e-03   0.338s
   8000 -2.52204869e+03 -2.52696361e+03  4.91e+00   2.62e+00     9.22e-04   0.378s
   9000 -2.52204659e+03 -2.52197234e+03  7.42e-02   3.47e+00     4.18e-04   0.413s
  10000 -2.52204526e+03 -2.52232994e+03  2.85e-01   3.77e+00     9.58e-05   0.449s
  11000 -2.52204754e+03 -2.52226580e+03  2.18e-01   2.79e+00     1.67e-04   0.483s
  11200 -2.52204678e+03 -2.52227960e+03  2.33e-01   2.57e+00     1.59e-04   0.490s
LP Solver status:                Optimal
Primal objective:                -2.52204678e+03
Dual objective:                  -2.52227960e+03
Duality gap (abs/rel):           +2.33e-01 / +4.61e-05
Primal infeasibility (abs/rel):  +2.57e+00 / +9.49e-05
Dual infeasibility (abs/rel):    +1.59e-04 / +2.16e-06
PDLP finished
Status: Optimal   Objective: -2.52204678e+03  Iterations: 11200  Time: 0.473s, Total time 0.495s
Solve completed (status 1). Objective = -2522.046785. Solution written to results_pdlp_1e-06/relaxed_31_sol.txt
