Setting parameter method to 1
Setting parameter absolute_primal_tolerance to 1.000000e-06
Setting parameter time_limit to 1.800000e+02
Setting parameter save_best_primal_so_far to true
cuOpt version: 25.12.0, git hash: d97ff6b, host arch: x86_64, device archs: 70-real,75-real,80-real,86-real,90a-real,100f-real,120a-real,120
CPU: 13th Gen Intel(R) Core(TM) i9-13900K, threads (physical/logical): 24/32, RAM: 56.93 GiB
CUDA 12.9, device: NVIDIA GeForce RTX 4090 (ID 0), VRAM: 23.51 GiB
CUDA device UUID: ffffffac5e1cffffffb4-ffffffe33a-6134

Solving a problem with 16697 constraints, 146071 variables (0 integers), and 1208488 nonzeros
Problem scaling:
Objective coefficents range:          [2e+01, 4e+03]
Constraint matrix coefficients range: [1e+00, 9e+01]
Constraint rhs / bounds range:        [1e+00, 8e+00]
Variable bounds range:                [0e+00, 6e+04]

Third-party presolve is disabled, skipping
Objective offset 7560.000000 scaling_factor 1.000000
   Iter    Primal Obj.      Dual Obj.    Gap        Primal Res.  Dual Res.   Time
      0 +7.56000000e+03 +7.56000000e+03  0.00e+00   5.32e+01     1.20e+05   0.096s
   1000 -1.26693160e+05 +2.88913148e+08  2.89e+08   1.13e+02     9.66e+05   0.191s
   2000 -1.27472743e+05 +2.88313800e+09  2.88e+09   9.70e+01     9.20e+06   0.254s
   3000 -1.29248868e+05 +1.14530530e+10  1.15e+10   7.72e+01     3.49e+07   0.317s
   4000 -1.36913340e+05 +2.13476163e+10  2.13e+10   5.60e+01     6.26e+07   0.380s
   5000 -1.41344036e+05 +3.10935751e+10  3.11e+10   3.61e+01     9.07e+07   0.442s
   6000 -1.46265054e+05 +3.49868848e+10  3.50e+10   1.75e+01     1.03e+08   0.516s
   7000 -1.61635516e+05 +3.48994352e+10  3.49e+10   1.89e+01     1.04e+08   0.591s
   8000 -1.89107453e+05 +2.94699963e+10  2.95e+10   3.11e+01     9.43e+07   0.665s
   9000 -2.20982747e+05 +2.04869549e+10  2.05e+10   3.88e+01     7.19e+07   0.739s
  10000 -2.58855173e+05 +1.39112026e+10  1.39e+10   6.60e+01     5.29e+07   0.814s
  11000 -2.84454058e+05 +4.91515168e+09  4.92e+09   8.56e+01     3.04e+07   0.887s
  12000 -2.95539037e+05 -3.50734978e+09  3.51e+09   7.51e+01     1.14e+07   0.960s
  13000 -2.91966472e+05 -7.47091044e+09  7.47e+09   5.00e+01     1.34e+07   1.033s
  14000 -2.80784975e+05 -7.05475851e+09  7.05e+09   2.80e+01     1.55e+07   1.108s
  15000 -2.65780907e+05 -9.55323424e+09  9.55e+09   1.82e+01     2.84e+07   1.182s
  16000 -2.58382276e+05 -1.59415213e+10  1.59e+10   1.45e+01     4.64e+07   1.256s
  17000 -2.50833204e+05 -1.93088464e+10  1.93e+10   1.03e+01     5.49e+07   1.330s
  18000 -2.40003627e+05 -1.95101299e+10  1.95e+10   4.53e+00     5.82e+07   1.404s
  19000 -2.31033167e+05 -1.74182103e+10  1.74e+10   3.28e+00     5.38e+07   1.478s
  20000 -2.24499212e+05 -1.30952446e+10  1.31e+10   3.56e+00     4.42e+07   1.552s
  21000 -2.23075890e+05 -8.26155198e+09  8.26e+09   5.19e+00     2.88e+07   1.625s
  22000 -2.25140843e+05 -4.13784117e+09  4.14e+09   4.51e+00     1.30e+07   1.700s
  23000 -2.21921032e+05 -3.07068686e+09  3.07e+09   7.18e+00     9.05e+06   1.774s
  24000 -2.19466419e+05 -2.20084994e+09  2.20e+09   8.80e+00     6.85e+06   1.848s
  25000 -2.20835809e+05 -1.15578383e+09  1.16e+09   1.02e+01     3.54e+06   1.922s
  26000 -2.26444802e+05 -1.45202785e+08  1.45e+08   9.41e+00     5.09e+05   1.996s
  27000 -2.36249825e+05 +6.08822402e+08  6.09e+08   7.37e+00     1.79e+06   2.070s
  28000 -2.48054307e+05 +9.58001989e+08  9.58e+08   5.04e+00     2.57e+06   2.144s
  29000 -2.58568976e+05 +8.98136684e+08  8.98e+08   2.33e+00     2.32e+06   2.218s
  30000 -2.65384969e+05 +7.24210095e+08  7.24e+08   1.27e+00     1.97e+06   2.293s
  31000 -2.66652182e+05 +1.05306560e+09  1.05e+09   6.14e-01     3.30e+06   2.367s
  32000 -2.68049947e+05 +1.16598774e+09  1.17e+09   3.90e-01     3.34e+06   2.440s
  33000 -2.69228304e+05 +1.07764045e+09  1.08e+09   1.24e-01     2.86e+06   2.514s
  34000 -2.70218703e+05 +8.41931956e+08  8.42e+08   2.99e-01     2.20e+06   2.588s
  35000 -2.71005742e+05 +5.28176593e+08  5.28e+08   3.42e-01     1.45e+06   2.662s
  36000 -2.71456723e+05 +2.30717114e+08  2.31e+08   3.03e-01     6.87e+05   2.736s
  37000 -2.71664010e+05 +3.69684160e+07  3.72e+07   2.26e-01     2.35e+05   2.810s
  38000 -2.72941060e+05 -6.13390945e+06  5.86e+06   2.40e-01     1.25e+05   2.885s
  39000 -2.74080508e+05 -4.56891171e+07  4.54e+07   2.19e-01     1.19e+05   2.958s
  40000 -2.75110229e+05 -7.14666359e+07  7.12e+07   1.27e-01     2.00e+05   3.032s
  41000 -2.76101112e+05 -7.92696978e+07  7.90e+07   6.57e-02     2.08e+05   3.106s
  42000 -2.77099177e+05 -7.05724280e+07  7.03e+07   3.12e-02     1.78e+05   3.180s
  43000 -2.78114375e+05 -5.05825597e+07  5.03e+07   6.82e-02     1.30e+05   3.254s
  44000 -2.79155433e+05 -2.72413716e+07  2.70e+07   5.82e-02     7.64e+04   3.328s
  45000 -2.80682988e+05 -1.39872048e+07  1.37e+07   4.12e-02     4.67e+04   3.402s
  46000 -2.82837312e+05 -9.77980533e+06  9.50e+06   6.13e-02     3.32e+04   3.476s
  47000 -2.84933104e+05 -4.50231614e+06  4.22e+06   5.70e-02     1.85e+04   3.550s
  48000 -2.86973815e+05 +5.54324837e+05  8.41e+05   4.52e-02     1.43e+04   3.624s
  49000 -2.88966108e+05 +4.12136917e+06  4.41e+06   3.80e-02     1.76e+04   3.698s
  50000 -2.90905467e+05 +5.55638659e+06  5.85e+06   2.30e-02     1.98e+04   3.772s
  51000 -2.92775703e+05 +4.98822078e+06  5.28e+06   1.39e-02     1.87e+04   3.846s
  52000 -2.94582221e+05 +3.08416338e+06  3.38e+06   9.16e-03     1.58e+04   3.923s
  53000 -2.96315952e+05 +8.08019569e+05  1.10e+06   3.87e-03     1.33e+04   4.000s
  54000 -2.97985595e+05 -9.08007068e+05  6.10e+05   1.98e-03     1.31e+04   4.078s
  55000 -3.00151353e+05 -1.47016756e+06  1.17e+06   9.12e-03     1.28e+04   4.155s
  56000 -3.04269549e+05 -1.16603841e+06  8.62e+05   1.52e-02     1.20e+04   4.229s
  57000 -3.08019689e+05 -7.49573504e+05  4.42e+05   1.34e-02     1.14e+04   4.303s
  58000 -3.11443397e+05 -3.23802783e+05  1.24e+04   1.11e-02     1.08e+04   4.379s
  59000 -3.14551136e+05 +5.02976522e+03  3.20e+05   9.22e-03     1.04e+04   4.456s
  60000 -3.17378886e+05 +1.67643059e+05  4.85e+05   5.92e-03     1.01e+04   4.533s
  61000 -3.19940446e+05 +1.58196275e+05  4.78e+05   4.03e-03     9.68e+03   4.610s
  62000 -3.22210645e+05 +2.19243514e+04  3.44e+05   1.92e-03     9.24e+03   4.688s
  63000 -3.24255233e+05 -1.64866076e+05  1.59e+05   7.51e-04     8.88e+03   4.765s
  64000 -3.26090133e+05 -3.22615928e+05  3.47e+03   9.60e-04     8.41e+03   4.842s
  65000 -3.27695837e+05 -4.00310161e+05  7.26e+04   2.19e-03     8.02e+03   4.918s
  66000 -3.29152633e+05 -3.85670938e+05  5.65e+04   2.54e-03     7.72e+03   4.995s
  67000 -3.30475598e+05 -3.03411772e+05  2.71e+04   2.69e-03     7.36e+03   5.072s
  68000 -3.31648760e+05 -2.02572029e+05  1.29e+05   2.93e-03     6.92e+03   5.149s
  69000 -3.32668050e+05 -1.34368888e+05  1.98e+05   2.08e-03     6.53e+03   5.225s
  70000 -3.33547263e+05 -1.24590435e+05  2.09e+05   1.63e-03     6.20e+03   5.303s
  71000 -3.34343923e+05 -1.74216098e+05  1.60e+05   7.34e-04     5.95e+03   5.380s
  72000 -3.35078796e+05 -2.55179797e+05  7.99e+04   6.20e-04     5.74e+03   5.457s
  73000 -3.35757928e+05 -3.29302790e+05  6.46e+03   8.86e-04     5.55e+03   5.533s
  74000 -3.36372925e+05 -3.67473359e+05  3.11e+04   1.38e-03     5.35e+03   5.610s
  75000 -3.36917387e+05 -3.56704022e+05  1.98e+04   1.45e-03     5.08e+03   5.687s
  76000 -3.37416233e+05 -3.09642933e+05  2.78e+04   1.79e-03     4.90e+03   5.763s
  77000 -3.37882593e+05 -2.52727138e+05  8.52e+04   1.62e-03     4.74e+03   5.840s
  78000 -3.38324156e+05 -2.11440337e+05  1.27e+05   1.41e-03     4.61e+03   5.917s
  79000 -3.38745152e+05 -2.06036254e+05  1.33e+05   9.25e-04     4.50e+03   5.994s
  80000 -3.39146387e+05 -2.36781667e+05  1.02e+05   3.16e-04     4.39e+03   6.071s
  81000 -3.39531035e+05 -2.87059890e+05  5.25e+04   3.10e-04     4.31e+03   6.148s
  82000 -3.39904586e+05 -3.33782794e+05  6.12e+03   6.57e-04     4.23e+03   6.224s
  83000 -3.40264733e+05 -3.55876144e+05  1.56e+04   9.13e-04     4.15e+03   6.301s
  84000 -3.40613525e+05 -3.47050096e+05  6.44e+03   9.26e-04     4.07e+03   6.378s
  85000 -3.40944247e+05 -3.13941537e+05  2.70e+04   1.38e-03     3.97e+03   6.455s
  86000 -3.43369588e+05 -2.83109433e+05  6.03e+04   3.69e-02     2.92e+03   6.532s
  87000 -3.48788748e+05 -2.90105157e+05  5.87e+04   1.71e-02     1.93e+03   6.606s
  88000 -3.50991287e+05 -3.04828464e+05  4.62e+04   1.89e-02     1.50e+03   6.680s
  89000 -3.52379579e+05 -3.25196594e+05  2.72e+04   1.81e-02     1.28e+03   6.754s
  90000 -3.53326819e+05 -3.45296056e+05  8.03e+03   1.39e-02     1.18e+03   6.827s
  91000 -3.54149404e+05 -3.58753634e+05  4.60e+03   1.16e-02     1.10e+03   6.903s
  92000 -3.54801320e+05 -3.64629798e+05  9.83e+03   6.22e-03     1.04e+03   6.979s
  93000 -3.55342253e+05 -3.62196877e+05  6.85e+03   4.57e-03     9.88e+02   7.056s
  94000 -3.55812316e+05 -3.55878884e+05  6.66e+01   4.08e-03     9.34e+02   7.133s
  95000 -3.57593656e+05 -3.52959096e+05  4.63e+03   1.38e-01     7.57e+02   7.210s
  96000 -3.59921174e+05 -3.52563707e+05  7.36e+03   1.28e-01     5.79e+02   7.284s
  97000 -3.60207356e+05 -3.58242896e+05  1.96e+03   5.08e-02     5.61e+02   7.358s
  98000 -3.60940453e+05 -3.61254680e+05  3.14e+02   3.28e-02     5.57e+02   7.432s
  99000 -3.61402556e+05 -3.62629386e+05  1.23e+03   2.88e-02     5.53e+02   7.506s
 100000 -3.61890278e+05 -3.63562150e+05  1.67e+03   1.98e-02     5.49e+02   7.580s
 101000 -3.62367873e+05 -3.63408924e+05  1.04e+03   2.76e-02     5.46e+02   7.654s
 102000 -3.62887730e+05 -3.62268236e+05  6.19e+02   1.52e-02     5.44e+02   7.728s
 103000 -3.63396537e+05 -3.61859573e+05  1.54e+03   1.45e-02     5.43e+02   7.804s
 104000 -3.63936466e+05 -3.62076376e+05  1.86e+03   1.58e-02     5.42e+02   7.877s
 105000 -3.64461648e+05 -3.62283145e+05  2.18e+03   1.30e-02     5.41e+02   7.952s
 106000 -3.64945100e+05 -3.62924609e+05  2.02e+03   1.22e-02     5.40e+02   8.026s
 107000 -3.65464308e+05 -3.63036978e+05  2.43e+03   1.49e-02     5.39e+02   8.101s
 108000 -3.65960189e+05 -3.62898755e+05  3.06e+03   1.67e-02     5.38e+02   8.176s
 109000 -3.66266629e+05 -3.63578326e+05  2.69e+03   3.04e-01     4.80e+02   8.250s
 110000 -3.68018800e+05 -3.67852807e+05  1.66e+02   1.32e+00     3.52e+02   8.325s
 111000 -3.70946271e+05 -3.70574236e+05  3.72e+02   4.86e+00     3.32e+02   8.398s
 112000 -3.72732473e+05 -3.75349186e+05  2.62e+03   5.39e+00     3.07e+02   8.472s
 113000 -3.72415908e+05 -3.79855530e+05  7.44e+03   3.63e+00     2.87e+02   8.546s
 114000 -3.73496861e+05 -3.80792362e+05  7.30e+03   6.18e+00     1.14e+02   8.620s
 115000 -3.70697285e+05 -3.79891277e+05  9.19e+03   1.86e+01     2.27e+01   8.694s
 116000 -3.66858431e+05 -3.76825206e+05  9.97e+03   1.60e+01     1.29e+01   8.769s
 117000 -3.69160516e+05 -3.73621995e+05  4.46e+03   1.46e+01     4.07e+00   8.843s
 118000 -3.70765933e+05 -3.70614773e+05  1.51e+02   9.79e+00     9.23e+00   8.918s
 119000 -3.71902235e+05 -3.69273045e+05  2.63e+03   4.87e+00     1.28e+01   8.992s
 120000 -3.73664750e+05 -3.69754183e+05  3.91e+03   6.10e-01     1.11e+01   9.066s
 121000 -3.75002350e+05 -3.71757837e+05  3.24e+03   2.48e+00     5.35e+00   9.139s
 122000 -3.75277103e+05 -3.72886642e+05  2.39e+03   3.55e+00     1.84e+00   9.213s
 123000 -3.75773895e+05 -3.73254668e+05  2.52e+03   5.12e+00     7.22e-01   9.287s
 124000 -3.75187468e+05 -3.73610634e+05  1.58e+03   3.98e+00     4.02e-01   9.361s
 125000 -3.74166962e+05 -3.73717022e+05  4.50e+02   1.59e+00     6.86e-01   9.435s
 126000 -3.73595173e+05 -3.73634273e+05  3.91e+01   2.53e-01     4.60e-01   9.509s
 127000 -3.73484748e+05 -3.73640870e+05  1.56e+02   4.35e-02     4.91e-01   9.583s
 128000 -3.73433500e+05 -3.73576911e+05  1.43e+02   1.73e-01     2.75e-01   9.657s
 129000 -3.73441981e+05 -3.73500026e+05  5.80e+01   1.45e-01     4.35e-02   9.731s
 130000 -3.73471747e+05 -3.73471238e+05  5.09e-01   6.00e-02     5.36e-02   9.805s
 131000 -3.73481759e+05 -3.73461418e+05  2.03e+01   3.09e-02     8.50e-02   9.879s
 131600 -3.73488093e+05 -3.73463425e+05  2.47e+01   1.04e-02     8.07e-02   9.923s
LP Solver status:                Optimal
Primal objective:                -3.73488093e+05
Dual objective:                  -3.73463425e+05
Duality gap (abs/rel):           +2.47e+01 / +3.30e-05
Primal infeasibility (abs/rel):  +1.04e-02 / +8.56e-05
Dual infeasibility (abs/rel):    +8.07e-02 / +6.72e-07
PDLP finished
Status: Optimal   Objective: -3.73488093e+05  Iterations: 131600  Time: 9.905s, Total time 9.928s
Solve completed (status 1). Objective = -373488.092501. Solution written to results_pdlp_1e-06/relaxed_02_sol.txt
