Setting parameter method to 1
Setting parameter absolute_primal_tolerance to 1.000000e-06
Setting parameter time_limit to 1.800000e+02
Setting parameter save_best_primal_so_far to true
cuOpt version: 25.12.0, git hash: d97ff6b, host arch: x86_64, device archs: 70-real,75-real,80-real,86-real,90a-real,100f-real,120a-real,120
CPU: 13th Gen Intel(R) Core(TM) i9-13900K, threads (physical/logical): 24/32, RAM: 57.21 GiB
CUDA 12.9, device: NVIDIA GeForce RTX 4090 (ID 0), VRAM: 23.51 GiB
CUDA device UUID: ffffffac5e1cffffffb4-ffffffe33a-6134

Solving a problem with 6402 constraints, 5664 variables (0 integers), and 95914 nonzeros
Problem scaling:
Objective coefficents range:          [5e-01, 6e+03]
Constraint matrix coefficients range: [1e+00, 4e+01]
Constraint rhs / bounds range:        [1e+00, 1e+02]
Variable bounds range:                [0e+00, 1e+00]

Third-party presolve is disabled, skipping
Objective offset 0.000000 scaling_factor 1.000000
   Iter    Primal Obj.      Dual Obj.    Gap        Primal Res.  Dual Res.   Time
      0 +0.00000000e+00 +0.00000000e+00  0.00e+00   7.53e+01     1.01e+05   0.102s
   1000 -2.40758096e+05 -2.41208954e+05  4.51e+02   6.28e-02     9.07e+02   0.172s
   2000 -2.42463225e+05 -2.42167698e+05  2.96e+02   3.69e-02     1.32e+02   0.203s
   3000 -2.42596463e+05 -2.42483746e+05  1.13e+02   2.42e-02     2.67e+00   0.233s
   3300 -2.42520789e+05 -2.42486639e+05  3.42e+01   1.88e-02     1.31e+00   0.242s
LP Solver status:                Optimal
Primal objective:                -2.42520789e+05
Dual objective:                  -2.42486639e+05
Duality gap (abs/rel):           +3.42e+01 / +7.04e-05
Primal infeasibility (abs/rel):  +1.88e-02 / +9.19e-05
Dual infeasibility (abs/rel):    +1.31e+00 / +1.30e-05
PDLP finished
Status: Optimal   Objective: -2.42520789e+05  Iterations: 3300  Time: 0.198s, Total time 0.243s
Solve completed (status 1). Objective = -242520.789097. Solution written to results_pdlp_1e-06/relaxed_01_sol.txt
