Setting parameter method to 1
Setting parameter absolute_primal_tolerance to 1.000000e-06
Setting parameter time_limit to 1.800000e+02
Setting parameter save_best_primal_so_far to true
cuOpt version: 25.12.0, git hash: d97ff6b, host arch: x86_64, device archs: 70-real,75-real,80-real,86-real,90a-real,100f-real,120a-real,120
CPU: 13th Gen Intel(R) Core(TM) i9-13900K, threads (physical/logical): 24/32, RAM: 56.03 GiB
CUDA 12.9, device: NVIDIA GeForce RTX 4090 (ID 0), VRAM: 23.51 GiB
CUDA device UUID: ffffffac5e1cffffffb4-ffffffe33a-6134

Solving a problem with 785 constraints, 343 variables (0 integers), and 4678 nonzeros
Problem scaling:
Objective coefficents range:          [1e+00, 1e+00]
Constraint matrix coefficients range: [1e+00, 1e+00]
Constraint rhs / bounds range:        [0e+00, 1e+00]
Variable bounds range:                [0e+00, 1e+00]

Third-party presolve is disabled, skipping
Objective offset 0.000000 scaling_factor 1.000000
   Iter    Primal Obj.      Dual Obj.    Gap        Primal Res.  Dual Res.   Time
      0 +0.00000000e+00 +0.00000000e+00  0.00e+00   0.00e+00     1.85e+01   0.025s
    820 -4.69711615e+01 -4.69714740e+01  3.13e-04   2.34e-03     1.90e-03   0.062s
LP Solver status:                Optimal
Primal objective:                -4.69711615e+01
Dual objective:                  -4.69714740e+01
Duality gap (abs/rel):           +3.13e-04 / +3.29e-06
Primal infeasibility (abs/rel):  +2.34e-03 / +8.05e-05
Dual infeasibility (abs/rel):    +1.90e-03 / +9.75e-05
PDLP finished
Status: Optimal   Objective: -4.69711615e+01  Iterations: 820  Time: 0.050s, Total time 0.063s
Solve completed (status 1). Objective = -46.971161. Solution written to results_pdlp_1e-06/relaxed_25_sol.txt
