Setting parameter method to 1
Setting parameter absolute_primal_tolerance to 1.000000e-06
Setting parameter time_limit to 1.800000e+02
Setting parameter save_best_primal_so_far to true
cuOpt version: 25.12.0, git hash: d97ff6b, host arch: x86_64, device archs: 70-real,75-real,80-real,86-real,90a-real,100f-real,120a-real,120
CPU: 13th Gen Intel(R) Core(TM) i9-13900K, threads (physical/logical): 24/32, RAM: 56.95 GiB
CUDA 12.9, device: NVIDIA GeForce RTX 4090 (ID 0), VRAM: 23.51 GiB
CUDA device UUID: ffffffac5e1cffffffb4-ffffffe33a-6134

Solving a problem with 11818 constraints, 19061 variables (0 integers), and 325135 nonzeros
Problem scaling:
Objective coefficents range:          [1e+00, 1e+00]
Constraint matrix coefficients range: [1e-01, 9e+02]
Constraint rhs / bounds range:        [1e+00, 3e+01]
Variable bounds range:                [1e+00, 4e+04]

Third-party presolve is disabled, skipping
Objective offset 0.000000 scaling_factor 1.000000
   Iter    Primal Obj.      Dual Obj.    Gap        Primal Res.  Dual Res.   Time
      0 +0.00000000e+00 +0.00000000e+00  0.00e+00   4.15e+01     1.00e+00   0.038s
   1000 +4.49224903e+02 +6.72257809e+02  2.23e+02   3.78e+01     5.88e-01   0.096s
   2000 +1.14723097e+03 +6.45020807e+02  5.02e+02   8.76e+01     4.50e-01   0.130s
   3000 +2.79394660e+03 +6.03364144e+02  2.19e+03   1.49e+02     3.39e-01   0.165s
   4000 +4.47868804e+03 +5.64135303e+02  3.91e+03   1.86e+02     2.42e-01   0.199s
   5000 +6.11110217e+03 +5.28359029e+02  5.58e+03   3.06e+02     1.71e-01   0.234s
   6000 +7.07672460e+03 +4.90657961e+02  6.59e+03   3.93e+02     1.11e-01   0.268s
   7000 +7.79315224e+03 +4.57388041e+02  7.34e+03   6.07e+02     6.07e-02   0.303s
   8000 +7.89933116e+03 +4.20487570e+02  7.48e+03   6.42e+02     2.55e-02   0.337s
   9000 +7.60342212e+03 +3.82385339e+02  7.22e+03   6.60e+02     1.99e-02   0.371s
  10000 +7.31678111e+03 +3.04639808e+02  7.01e+03   8.14e+02     9.72e-02   0.408s
  11000 +6.76242360e+03 +2.50686756e+02  6.51e+03   7.40e+02     1.26e-01   0.444s
  12000 +6.09836138e+03 +2.07656691e+02  5.89e+03   6.02e+02     1.48e-01   0.480s
  13000 +5.33506634e+03 +1.74760170e+02  5.16e+03   6.50e+02     1.64e-01   0.516s
  14000 +4.52470384e+03 +1.51566329e+02  4.37e+03   4.87e+02     1.72e-01   0.552s
  15000 +3.90370666e+03 +1.25035612e+02  3.78e+03   8.83e+02     1.74e-01   0.588s
  16000 +3.36645816e+03 +1.03177774e+02  3.26e+03   4.35e+02     1.86e-01   0.624s
  17000 +2.80926053e+03 +9.06060164e+01  2.72e+03   3.31e+02     1.89e-01   0.660s
  18000 +2.26280544e+03 +8.22990453e+01  2.18e+03   2.70e+02     1.85e-01   0.697s
  19000 +1.74218370e+03 +7.87829559e+01  1.66e+03   2.10e+02     1.80e-01   0.733s
  20000 +1.24561337e+03 +7.98051584e+01  1.17e+03   1.45e+02     1.75e-01   0.769s
  21000 +7.70315291e+02 +8.55479249e+01  6.85e+02   8.74e+01     1.70e-01   0.805s
  22000 +3.14127395e+02 +9.53553310e+01  2.19e+02   5.25e+01     1.65e-01   0.840s
  23000 +3.12000000e+02 +3.16329207e+02  4.33e+00   1.22e+02     2.23e-03   0.874s
  24000 +3.12000000e+02 +3.19648920e+02  7.65e+00   4.27e+01     1.08e-03   0.908s
  25000 +3.12000000e+02 +3.20442473e+02  8.44e+00   4.06e+01     1.02e-03   0.943s
  26000 +3.12000000e+02 +3.21167265e+02  9.17e+00   4.09e+01     9.59e-04   0.977s
  27000 +3.12000000e+02 +3.21761159e+02  9.76e+00   4.00e+01     8.79e-04   1.014s
  28000 +3.12000000e+02 +3.22220176e+02  1.02e+01   4.07e+01     8.05e-04   1.049s
  29000 +3.12000000e+02 +3.22626292e+02  1.06e+01   3.78e+01     7.50e-04   1.083s
  30000 +3.12000000e+02 +3.23026215e+02  1.10e+01   3.68e+01     7.10e-04   1.117s
  31000 +3.12000000e+02 +3.23357339e+02  1.14e+01   3.61e+01     6.79e-04   1.151s
  32000 +3.12000000e+02 +3.23699680e+02  1.17e+01   3.69e+01     6.56e-04   1.185s
  33000 +3.12000000e+02 +3.25617361e+02  1.36e+01   3.62e+01     1.34e-02   1.219s
  34000 +3.12000000e+02 +3.28907339e+02  1.69e+01   2.83e+01     8.24e-03   1.253s
  35000 +3.12000000e+02 +3.31694515e+02  1.97e+01   2.67e+01     6.01e-03   1.288s
  36000 +3.12000000e+02 +3.34089442e+02  2.21e+01   2.48e+01     4.91e-03   1.323s
  37000 +3.12000000e+02 +3.36315724e+02  2.43e+01   2.34e+01     4.09e-03   1.358s
  38000 +3.12000000e+02 +3.38386065e+02  2.64e+01   2.32e+01     3.78e-03   1.398s
  39000 +3.12000000e+02 +3.40519309e+02  2.85e+01   2.28e+01     3.20e-03   1.434s
  40000 +3.12000000e+02 +3.42584611e+02  3.06e+01   2.23e+01     2.89e-03   1.470s
  41000 +3.12000000e+02 +3.44569979e+02  3.26e+01   2.21e+01     2.70e-03   1.506s
  42000 +3.12000000e+02 +3.46558030e+02  3.46e+01   2.18e+01     2.54e-03   1.543s
  43000 +3.12000000e+02 +3.48528671e+02  3.65e+01   2.22e+01     2.37e-03   1.580s
  44000 +3.12000000e+02 +3.50402297e+02  3.84e+01   2.08e+01     2.54e-03   1.616s
  45000 +3.12000000e+02 +3.52305920e+02  4.03e+01   2.05e+01     2.09e-03   1.651s
  46000 +3.12000000e+02 +3.54146271e+02  4.21e+01   2.01e+01     1.98e-03   1.687s
  47000 +3.12000000e+02 +3.55993002e+02  4.40e+01   2.02e+01     1.88e-03   1.724s
  48000 +3.12000000e+02 +3.57801021e+02  4.58e+01   2.03e+01     1.76e-03   1.760s
  49000 +3.12017107e+02 +3.90645810e+02  7.86e+01   1.95e+01     9.56e-02   1.796s
  50000 +3.15874739e+02 +5.51809064e+02  2.36e+02   1.84e+01     2.65e-01   1.831s
  51000 +3.25385519e+02 +6.67685531e+02  3.42e+02   1.73e+01     4.40e-01   1.866s
  52000 +3.39577511e+02 +7.98490013e+02  4.59e+02   1.53e+01     6.67e-01   1.900s
  53000 +3.59106648e+02 +8.89689662e+02  5.31e+02   1.30e+01     8.28e-01   1.935s
  54000 +3.80106859e+02 +9.40540230e+02  5.60e+02   1.01e+01     8.55e-01   1.970s
  55000 +3.98040964e+02 +9.47525426e+02  5.49e+02   8.37e+00     7.53e-01   2.004s
  56000 +4.11067786e+02 +9.10103093e+02  4.99e+02   6.96e+00     6.34e-01   2.038s
  57000 +4.19961238e+02 +8.57700930e+02  4.38e+02   5.91e+00     5.25e-01   2.072s
  58000 +4.26060053e+02 +7.98781269e+02  3.73e+02   5.51e+00     4.66e-01   2.106s
  59000 +4.30777112e+02 +7.37853258e+02  3.07e+02   4.81e+00     4.04e-01   2.141s
  60000 +4.33631182e+02 +6.80344390e+02  2.47e+02   4.64e+00     3.30e-01   2.176s
  61000 +4.34583778e+02 +6.31773658e+02  1.97e+02   4.68e+00     2.72e-01   2.210s
  62000 +4.34491531e+02 +5.93908041e+02  1.59e+02   4.84e+00     2.30e-01   2.244s
  63000 +4.39043029e+02 +5.85251500e+02  1.46e+02   4.18e+00     2.22e-01   2.278s
  64000 +4.44775913e+02 +5.78268644e+02  1.33e+02   3.78e+00     2.13e-01   2.312s
  65000 +4.49794725e+02 +5.66151693e+02  1.16e+02   3.33e+00     1.90e-01   2.346s
  66000 +4.53720586e+02 +5.48677507e+02  9.50e+01   3.02e+00     1.58e-01   2.380s
  67000 +4.56276634e+02 +5.28695323e+02  7.24e+01   3.02e+00     1.21e-01   2.414s
  68000 +4.57383616e+02 +5.07772802e+02  5.04e+01   2.77e+00     8.29e-02   2.449s
  69000 +4.57107989e+02 +4.87100921e+02  3.00e+01   2.78e+00     4.62e-02   2.483s
  70000 +4.55620223e+02 +4.68223878e+02  1.26e+01   2.92e+00     1.54e-02   2.518s
  71000 +4.53303900e+02 +4.52709406e+02  5.94e-01   3.05e+00     1.06e-02   2.553s
  72000 +4.50442647e+02 +4.43757373e+02  6.69e+00   3.19e+00     2.75e-02   2.587s
  73000 +4.47301039e+02 +4.39703574e+02  7.60e+00   3.41e+00     3.69e-02   2.623s
  74000 +4.44311157e+02 +4.40204153e+02  4.11e+00   3.59e+00     3.72e-02   2.658s
  75000 +4.41840803e+02 +4.44693664e+02  2.85e+00   3.86e+00     2.99e-02   2.692s
  76000 +4.40189973e+02 +4.52079604e+02  1.19e+01   4.07e+00     1.54e-02   2.728s
  77000 +4.39965872e+02 +4.64832574e+02  2.49e+01   3.81e+00     8.95e-03   2.765s
  78000 +4.40059210e+02 +4.79998208e+02  3.99e+01   3.81e+00     3.09e-02   2.801s
  79000 +4.40250965e+02 +4.93769932e+02  5.35e+01   3.80e+00     5.19e-02   2.837s
  80000 +4.40521171e+02 +5.05360823e+02  6.48e+01   3.77e+00     6.86e-02   2.873s
  81000 +4.40842703e+02 +5.14228074e+02  7.34e+01   3.75e+00     7.95e-02   2.910s
  82000 +4.41185001e+02 +5.20313655e+02  7.91e+01   3.72e+00     8.50e-02   2.946s
  83000 +4.41521493e+02 +5.23800373e+02  8.23e+01   3.70e+00     8.43e-02   2.982s
  84000 +4.41826232e+02 +5.25236188e+02  8.34e+01   3.67e+00     7.86e-02   3.018s
  85000 +4.42103627e+02 +5.26636194e+02  8.45e+01   3.66e+00     8.91e-02   3.054s
  86000 +4.42392499e+02 +5.33555235e+02  9.12e+01   3.63e+00     9.21e-02   3.090s
  87000 +4.42870352e+02 +5.62279610e+02  1.19e+02   3.61e+00     1.47e-01   3.127s
  88000 +4.43712110e+02 +5.93064497e+02  1.49e+02   3.54e+00     2.05e-01   3.161s
  89000 +4.44887453e+02 +6.22692282e+02  1.78e+02   3.44e+00     2.62e-01   3.196s
  90000 +4.46363842e+02 +6.50800208e+02  2.04e+02   3.33e+00     3.17e-01   3.230s
  91000 +4.48109885e+02 +6.77088405e+02  2.29e+02   3.20e+00     3.70e-01   3.264s
  92000 +4.50094479e+02 +7.01292921e+02  2.51e+02   3.05e+00     4.18e-01   3.298s
  93000 +4.52286349e+02 +7.23188094e+02  2.71e+02   2.88e+00     4.60e-01   3.332s
  94000 +4.54653916e+02 +7.42600389e+02  2.88e+02   2.71e+00     4.99e-01   3.366s
  95000 +4.57165216e+02 +7.59398300e+02  3.02e+02   2.51e+00     5.33e-01   3.400s
  96000 +4.59788239e+02 +7.73486566e+02  3.14e+02   2.32e+00     5.60e-01   3.434s
  97000 +4.62491097e+02 +7.84779253e+02  3.22e+02   2.11e+00     5.82e-01   3.468s
  98000 +4.65242254e+02 +7.93209331e+02  3.28e+02   1.90e+00     5.99e-01   3.502s
  99000 +4.68010473e+02 +7.98824889e+02  3.31e+02   1.69e+00     6.10e-01   3.535s
 100000 +4.70765873e+02 +8.01707726e+02  3.31e+02   1.48e+00     6.16e-01   3.569s
 101000 +4.73479564e+02 +8.01860904e+02  3.28e+02   1.28e+00     6.16e-01   3.603s
 102000 +4.76124104e+02 +7.99405367e+02  3.23e+02   1.08e+00     6.11e-01   3.637s
 103000 +4.78673723e+02 +7.94458390e+02  3.16e+02   8.84e-01     6.01e-01   3.671s
 104000 +4.81104069e+02 +7.87205934e+02  3.06e+02   7.00e-01     5.87e-01   3.705s
 105000 +4.83394313e+02 +7.77835381e+02  2.94e+02   5.26e-01     5.68e-01   3.739s
 106000 +4.85525118e+02 +7.66404890e+02  2.81e+02   3.65e-01     5.45e-01   3.773s
 107000 +4.87479808e+02 +7.53296317e+02  2.66e+02   2.16e-01     5.20e-01   3.807s
 108000 +4.89244823e+02 +7.38782029e+02  2.50e+02   8.27e-02     4.91e-01   3.841s
 109000 +4.90809084e+02 +7.22918175e+02  2.32e+02   1.41e-02     4.60e-01   3.875s
 110000 +4.92164195e+02 +7.06060795e+02  2.14e+02   4.80e-02     4.26e-01   3.909s
 111000 +4.93305161e+02 +6.88560535e+02  1.95e+02   7.55e-02     3.92e-01   3.943s
 112000 +4.94229739e+02 +6.70490552e+02  1.76e+02   1.01e-01     3.56e-01   3.977s
 113000 +4.94938188e+02 +6.52144213e+02  1.57e+02   1.18e-01     3.20e-01   4.011s
 114000 +4.95434007e+02 +6.33950430e+02  1.39e+02   1.30e-01     2.84e-01   4.045s
 115000 +4.95723244e+02 +6.15853751e+02  1.20e+02   1.38e-01     2.48e-01   4.079s
 116000 +4.95814032e+02 +5.98268949e+02  1.02e+02   1.41e-01     2.13e-01   4.113s
 117000 +4.96140605e+02 +5.86969445e+02  9.08e+01   1.48e-01     1.91e-01   4.147s
 118000 +4.97021950e+02 +5.83985987e+02  8.70e+01   1.70e-01     1.85e-01   4.181s
 119000 +4.97860461e+02 +5.80491234e+02  8.26e+01   1.92e-01     1.78e-01   4.215s
 120000 +4.98648966e+02 +5.76375416e+02  7.77e+01   2.12e-01     1.70e-01   4.248s
 121000 +4.99381166e+02 +5.71918772e+02  7.25e+01   2.31e-01     1.61e-01   4.282s
 122000 +5.00051094e+02 +5.66906765e+02  6.69e+01   2.49e-01     1.51e-01   4.316s
 123000 +5.00653220e+02 +5.61630272e+02  6.10e+01   2.64e-01     1.41e-01   4.350s
 124000 +5.01183132e+02 +5.55932745e+02  5.47e+01   2.77e-01     1.29e-01   4.384s
 125000 +5.01637011e+02 +5.50043687e+02  4.84e+01   2.89e-01     1.18e-01   4.418s
 126000 +5.02011936e+02 +5.43868995e+02  4.19e+01   2.99e-01     1.06e-01   4.452s
 127000 +5.02305784e+02 +5.37597318e+02  3.53e+01   3.06e-01     9.31e-02   4.486s
 128000 +5.02517338e+02 +5.31177331e+02  2.87e+01   3.11e-01     8.06e-02   4.520s
 129000 +5.02646275e+02 +5.24773407e+02  2.21e+01   3.15e-01     6.79e-02   4.554s
 130000 +5.02693129e+02 +5.18344861e+02  1.57e+01   3.16e-01     5.53e-02   4.588s
 131000 +5.02659351e+02 +5.12035708e+02  9.38e+00   3.15e-01     4.28e-02   4.622s
 132000 +5.02547151e+02 +5.05826262e+02  3.28e+00   3.12e-01     3.06e-02   4.656s
 133000 +5.02359621e+02 +4.99844663e+02  2.51e+00   3.08e-01     1.88e-02   4.690s
 134000 +5.02100561e+02 +4.94082724e+02  8.02e+00   3.01e-01     7.45e-03   4.724s
 135000 +5.01774446e+02 +4.88624452e+02  1.31e+01   2.93e-01     3.52e-03   4.758s
 136000 +5.01386424e+02 +4.83496288e+02  1.79e+01   2.83e-01     1.36e-02   4.793s
 137000 +5.00942248e+02 +4.78735754e+02  2.22e+01   2.71e-01     2.30e-02   4.828s
 138000 +5.00448174e+02 +4.74376643e+02  2.61e+01   2.65e-01     3.16e-02   4.863s
 139000 +4.99910879e+02 +4.70447419e+02  2.95e+01   2.46e-01     3.94e-02   4.898s
 140000 +4.99337349e+02 +4.66970023e+02  3.24e+01   2.33e-01     4.63e-02   4.933s
 141000 +4.98734802e+02 +4.63961017e+02  3.48e+01   2.13e-01     5.22e-02   4.967s
 142000 +4.98110595e+02 +4.61432292e+02  3.67e+01   1.96e-01     5.72e-02   5.001s
 143000 +4.97472134e+02 +4.59389214e+02  3.81e+01   1.82e-01     6.12e-02   5.036s
 144000 +4.96826778e+02 +4.57831164e+02  3.90e+01   1.64e-01     6.43e-02   5.071s
 145000 +4.96181754e+02 +4.56752523e+02  3.94e+01   1.49e-01     6.65e-02   5.106s
 146000 +4.95544068e+02 +4.56142004e+02  3.94e+01   1.31e-01     6.77e-02   5.140s
 147000 +4.94920421e+02 +4.55982685e+02  3.89e+01   1.14e-01     6.80e-02   5.174s
 148000 +4.94317133e+02 +4.56253252e+02  3.81e+01   1.02e-01     6.75e-02   5.208s
 149000 +4.93740073e+02 +4.56928440e+02  3.68e+01   8.47e-02     6.61e-02   5.243s
 150000 +4.93194593e+02 +4.57977758e+02  3.52e+01   7.41e-02     6.40e-02   5.278s
 151000 +4.92685476e+02 +4.59367836e+02  3.33e+01   6.08e-02     6.13e-02   5.312s
 152000 +4.92216883e+02 +4.61062411e+02  3.12e+01   4.80e-02     5.79e-02   5.347s
 153000 +4.91792321e+02 +4.63022444e+02  2.88e+01   3.96e-02     5.41e-02   5.381s
 154000 +4.91414608e+02 +4.65206540e+02  2.62e+01   2.63e-02     4.97e-02   5.417s
 155000 +4.91085858e+02 +4.67572964e+02  2.35e+01   1.91e-02     4.51e-02   5.452s
 156000 +4.90847611e+02 +4.69406857e+02  2.14e+01   1.28e-02     4.14e-02   5.486s
 157000 +4.90788627e+02 +4.68673122e+02  2.21e+01   1.14e-02     4.29e-02   5.525s
 158000 +4.90727262e+02 +4.68068309e+02  2.27e+01   9.79e-03     4.41e-02   5.562s
 159000 +4.90664060e+02 +4.67597316e+02  2.31e+01   8.17e-03     4.50e-02   5.598s
 160000 +4.90599582e+02 +4.67263594e+02  2.33e+01   6.53e-03     4.57e-02   5.632s
 161000 +4.90534401e+02 +4.67069136e+02  2.35e+01   4.86e-03     4.61e-02   5.666s
 162000 +4.90469094e+02 +4.67014520e+02  2.35e+01   3.18e-03     4.62e-02   5.702s
 163000 +4.90404235e+02 +4.67098827e+02  2.33e+01   1.52e-03     4.60e-02   5.738s
