Setting parameter method to 1
Setting parameter absolute_primal_tolerance to 1.000000e-06
Setting parameter time_limit to 1.800000e+02
Setting parameter save_best_primal_so_far to true
cuOpt version: 25.12.0, git hash: d97ff6b, host arch: x86_64, device archs: 70-real,75-real,80-real,86-real,90a-real,100f-real,120a-real,120
CPU: 13th Gen Intel(R) Core(TM) i9-13900K, threads (physical/logical): 24/32, RAM: 56.21 GiB
CUDA 12.9, device: NVIDIA GeForce RTX 4090 (ID 0), VRAM: 23.51 GiB
CUDA device UUID: ffffffac5e1cffffffb4-ffffffe33a-6134

Solving a problem with 5939 constraints, 22945 variables (0 integers), and 615122 nonzeros
Problem scaling:
Objective coefficents range:          [7e+00, 6e+03]
Constraint matrix coefficients range: [4e-02, 1e+04]
Constraint rhs / bounds range:        [1e+00, 2e+03]
Variable bounds range:                [1e+00, 2e+04]

Third-party presolve is disabled, skipping
Objective offset 2250.000000 scaling_factor 1.000000
   Iter    Primal Obj.      Dual Obj.    Gap        Primal Res.  Dual Res.   Time
      0 +2.25000000e+03 +2.25000000e+03  0.00e+00   1.60e+03     2.85e+04   0.773s
   1000 +4.94756139e+05 +5.05925307e+05  1.12e+04   8.41e+02     1.26e+02   0.843s
   2000 +5.11026624e+05 +5.19047496e+05  8.02e+03   2.45e+02     2.79e+02   0.882s
   3000 +5.14272287e+05 +5.34582670e+05  2.03e+04   1.78e+02     5.79e+02   0.920s
   4000 +5.32260782e+05 +6.49580437e+05  1.17e+05   9.04e+01     1.72e+03   0.958s
   5000 +5.44051075e+05 +5.82499369e+05  3.84e+04   2.47e+01     8.00e+02   0.996s
   6000 +5.47894916e+05 +5.69562925e+05  2.17e+04   8.92e+00     4.81e+02   1.034s
   7000 +5.47608946e+05 +5.56832288e+05  9.22e+03   5.61e+00     3.41e+02   1.072s
   8000 +5.47530192e+05 +5.54306969e+05  6.78e+03   4.52e+00     2.92e+02   1.110s
   9000 +5.47653470e+05 +5.52272095e+05  4.62e+03   3.40e+00     2.42e+02   1.148s
  10000 +5.47560984e+05 +5.49877194e+05  2.32e+03   2.53e+00     2.17e+02   1.186s
  11000 +5.47474448e+05 +5.49863691e+05  2.39e+03   2.09e+00     1.39e+02   1.223s
  12000 +5.47503165e+05 +5.48635071e+05  1.13e+03   2.23e+00     1.13e+02   1.260s
  13000 +5.47427520e+05 +5.48506282e+05  1.08e+03   2.17e+00     1.09e+02   1.297s
  14000 +5.47385355e+05 +5.48271350e+05  8.86e+02   2.74e+00     6.47e+01   1.335s
  15000 +5.47393145e+05 +5.48036850e+05  6.44e+02   3.36e+00     5.03e+01   1.372s
  16000 +5.47399670e+05 +5.47967901e+05  5.68e+02   1.84e+00     4.65e+01   1.415s
  17000 +5.47364025e+05 +5.47981243e+05  6.17e+02   1.74e+00     4.54e+01   1.459s
  18000 +5.47336954e+05 +5.47942201e+05  6.05e+02   1.67e+00     4.35e+01   1.503s
  19000 +5.47347531e+05 +5.47829183e+05  4.82e+02   1.58e+00     3.81e+01   1.546s
  20000 +5.47345336e+05 +5.47722317e+05  3.77e+02   3.65e+00     3.06e+01   1.586s
  21000 +5.47316512e+05 +5.47530197e+05  2.14e+02   3.07e+00     2.33e+01   1.623s
  22000 +5.47235564e+05 +5.47543978e+05  3.08e+02   2.96e+00     2.19e+01   1.665s
  23000 +5.47336212e+05 +5.47507572e+05  1.71e+02   3.65e+00     1.94e+01   1.708s
  24000 +5.47208875e+05 +5.47477664e+05  2.69e+02   2.86e+00     1.60e+01   1.751s
  25000 +5.47287078e+05 +5.47371131e+05  8.41e+01   2.45e+00     8.96e+00   1.793s
  26000 +5.48118260e+05 +5.47271074e+05  8.47e+02   1.11e+01     4.45e+00   1.837s
  27000 +5.47644265e+05 +5.47250369e+05  3.94e+02   6.64e+00     2.34e+00   1.880s
  28000 +5.47218893e+05 +5.47226754e+05  7.86e+00   4.83e+00     1.61e-01   1.922s
  29000 +5.46999620e+05 +5.47226964e+05  2.27e+02   3.83e+00     2.07e-01   1.964s
  30000 +5.47007957e+05 +5.47228267e+05  2.20e+02   2.87e+00     1.51e-01   2.002s
  31000 +5.47091157e+05 +5.47227915e+05  1.37e+02   2.31e+00     9.72e-02   2.041s
  32000 +5.47086201e+05 +5.47228625e+05  1.42e+02   2.26e+00     3.34e-02   2.079s
  33000 +5.47113348e+05 +5.47228429e+05  1.15e+02   2.17e+00     5.63e-02   2.117s
  34000 +5.47108015e+05 +5.47228698e+05  1.21e+02   2.15e+00     4.62e-02   2.155s
  35000 +5.47109399e+05 +5.47228704e+05  1.19e+02   2.15e+00     3.92e-02   2.193s
  36000 +5.47109543e+05 +5.47228838e+05  1.19e+02   2.14e+00     3.91e-02   2.234s
  37000 +5.47109381e+05 +5.47228918e+05  1.20e+02   2.14e+00     3.95e-02   2.275s
  38000 +5.47109849e+05 +5.47229012e+05  1.19e+02   2.14e+00     4.21e-02   2.316s
  39000 +5.47112727e+05 +5.47229008e+05  1.16e+02   2.12e+00     4.82e-02   2.358s
  40000 +5.47113159e+05 +5.47229073e+05  1.16e+02   1.94e+00     7.95e-02   2.400s
  41000 +5.47111213e+05 +5.47229210e+05  1.18e+02   1.82e+00     8.80e-02   2.442s
  42000 +5.47116617e+05 +5.47229123e+05  1.13e+02   1.76e+00     6.53e-02   2.485s
  43000 +5.47119810e+05 +5.47229227e+05  1.09e+02   1.76e+00     4.00e-02   2.530s
  44000 +5.47112720e+05 +5.47229654e+05  1.17e+02   1.76e+00     2.34e-01   2.573s
  45000 +5.47122168e+05 +5.47229681e+05  1.08e+02   1.70e+00     2.96e-01   2.615s
  46000 +5.47125871e+05 +5.47229338e+05  1.03e+02   1.64e+00     3.71e-01   2.659s
  47000 +5.47129333e+05 +5.47229100e+05  9.98e+01   1.60e+00     4.09e-01   2.703s
  48000 +5.47132809e+05 +5.47229913e+05  9.71e+01   1.57e+00     3.65e-01   2.744s
  49000 +5.47134408e+05 +5.47229738e+05  9.53e+01   1.56e+00     2.53e-01   2.784s
  50000 +5.47136573e+05 +5.47231128e+05  9.46e+01   1.56e+00     1.72e-01   2.825s
  51000 +5.47135083e+05 +5.47230734e+05  9.57e+01   1.56e+00     1.55e-01   2.866s
  52000 +5.47132114e+05 +5.47231477e+05  9.94e+01   1.57e+00     1.59e-01   2.913s
  53000 +5.47134266e+05 +5.47231446e+05  9.72e+01   1.56e+00     1.83e-01   2.956s
  54000 +5.47132948e+05 +5.47230847e+05  9.79e+01   1.56e+00     1.92e-01   2.998s
  55000 +5.47136311e+05 +5.47231792e+05  9.55e+01   1.56e+00     1.91e-01   3.041s
  56000 +5.47134554e+05 +5.47231756e+05  9.72e+01   1.54e+00     2.08e-01   3.083s
  57000 +5.47136763e+05 +5.47231784e+05  9.50e+01   1.54e+00     2.31e-01   3.125s
  58000 +5.47135032e+05 +5.47234582e+05  9.95e+01   1.52e+00     2.64e-01   3.167s
  59000 +5.47136755e+05 +5.47232057e+05  9.53e+01   1.52e+00     2.59e-01   3.208s
  60000 +5.47146859e+05 +5.47233840e+05  8.70e+01   1.51e+00     2.50e-01   3.249s
  61000 +5.47146508e+05 +5.47232652e+05  8.61e+01   1.50e+00     2.37e-01   3.291s
  62000 +5.47149960e+05 +5.47233351e+05  8.34e+01   1.50e+00     2.08e-01   3.332s
  63000 +5.47149642e+05 +5.47233154e+05  8.35e+01   1.50e+00     1.73e-01   3.373s
  64000 +5.47153676e+05 +5.47232736e+05  7.91e+01   1.49e+00     1.51e-01   3.414s
  65000 +5.47152600e+05 +5.47233930e+05  8.13e+01   1.49e+00     1.36e-01   3.460s
  66000 +5.47151616e+05 +5.47234456e+05  8.28e+01   1.49e+00     1.29e-01   3.502s
  67000 +5.47147909e+05 +5.47234865e+05  8.70e+01   1.49e+00     1.73e-01   3.540s
  68000 +5.47155019e+05 +5.47235131e+05  8.01e+01   1.42e+00     1.67e-01   3.579s
  69000 +5.47155326e+05 +5.47244948e+05  8.96e+01   1.41e+00     1.62e+00   3.620s
  70000 +5.47160848e+05 +5.47237942e+05  7.71e+01   1.32e+00     4.74e+00   3.659s
  71000 +5.47174392e+05 +5.47234528e+05  6.01e+01   1.16e+00     3.05e+00   3.698s
  72000 +5.47184893e+05 +5.47244448e+05  5.96e+01   1.11e+00     2.12e+00   3.737s
  73000 +5.47216244e+05 +5.47534535e+05  3.18e+02   8.62e-01     5.17e+01   3.777s
  74000 +5.47240451e+05 +5.47194751e+05  4.57e+01   4.91e-01     5.26e+01   3.816s
  75000 +5.47249226e+05 +5.47294438e+05  4.52e+01   3.69e-01     3.70e+01   3.857s
  76000 +5.47257035e+05 +5.47366783e+05  1.10e+02   3.41e-01     3.10e+01   3.897s
  77000 +5.47263279e+05 +5.47951792e+05  6.89e+02   2.55e-01     8.70e+01   3.939s
  78000 +5.47280526e+05 +5.47396855e+05  1.16e+02   7.27e-02     9.17e+01   3.981s
  79000 +5.47282660e+05 +5.47350928e+05  6.83e+01   5.47e-02     5.02e+01   4.019s
  80000 +5.47281677e+05 +5.47322115e+05  4.04e+01   5.46e-02     5.59e+01   4.059s
  81000 +5.47283201e+05 +5.47198298e+05  8.49e+01   4.16e-02     6.97e+01   4.099s
  82000 +5.47283428e+05 +5.47077388e+05  2.06e+02   2.06e-02     4.19e+01   4.142s
  83000 +5.47284098e+05 +5.47163147e+05  1.21e+02   1.50e-02     2.40e+01   4.183s
  84000 +5.47284085e+05 +5.47262138e+05  2.19e+01   1.11e-02     2.82e+01   4.224s
  85000 +5.47284158e+05 +5.47060346e+05  2.24e+02   9.46e-03     4.01e+01   4.266s
  86000 +5.47284202e+05 +5.47193813e+05  9.04e+01   9.21e-03     1.88e+01   4.307s
  87000 +5.47284199e+05 +5.47221646e+05  6.26e+01   9.17e-03     1.82e+01   4.348s
  88000 +5.47284190e+05 +5.47192514e+05  9.17e+01   7.91e-03     4.03e+01   4.389s
  89000 +5.47284388e+05 +5.47292023e+05  7.64e+00   3.08e-03     2.96e+01   4.429s
  90000 +5.47284454e+05 +5.47243383e+05  4.11e+01   5.41e-04     2.66e+01   4.471s
  91000 +5.47284490e+05 +5.47282746e+05  1.74e+00   1.01e-04     2.23e+01   4.512s
  92000 +5.47284495e+05 +5.47253982e+05  3.05e+01   1.52e-04     1.96e+01   4.553s
  93000 +5.47284494e+05 +5.47244425e+05  4.01e+01   1.26e-04     1.80e+01   4.593s
  94000 +5.47284468e+05 +5.47271807e+05  1.27e+01   8.53e-05     1.78e+01   4.632s
  95000 +5.47284477e+05 +5.47243323e+05  4.12e+01   2.15e-04     1.76e+01   4.672s
  96000 +5.47284452e+05 +5.47237736e+05  4.67e+01   2.01e-04     1.76e+01   4.712s
  97000 +5.47284440e+05 +5.47231881e+05  5.26e+01   1.03e-04     1.76e+01   4.752s
  98000 +5.47284415e+05 +5.47239107e+05  4.53e+01   9.04e-05     1.76e+01   4.791s
  99000 +5.47284399e+05 +5.47239085e+05  4.53e+01   5.71e-05     1.76e+01   4.830s
 100000 +5.47284386e+05 +5.47235590e+05  4.88e+01   4.60e-05     1.76e+01   4.870s
 101000 +5.47284372e+05 +5.47236297e+05  4.81e+01   5.94e-05     1.76e+01   4.909s
 102000 +5.47284360e+05 +5.47235546e+05  4.88e+01   4.26e-05     1.76e+01   4.948s
 103000 +5.47284344e+05 +5.47234076e+05  5.03e+01   3.51e-05     1.76e+01   4.989s
 104000 +5.47284329e+05 +5.47235727e+05  4.86e+01   9.11e-05     1.73e+01   5.030s
 105000 +5.47284324e+05 +5.47237080e+05  4.72e+01   3.31e-05     1.73e+01   5.070s
 106000 +5.47284313e+05 +5.47236289e+05  4.80e+01   4.63e-05     1.73e+01   5.110s
 107000 +5.47284299e+05 +5.47235484e+05  4.88e+01   9.45e-05     1.73e+01   5.150s
 108000 +5.47284285e+05 +5.47235155e+05  4.91e+01   6.69e-05     1.73e+01   5.190s
 109000 +5.47284272e+05 +5.47234767e+05  4.95e+01   2.81e-05     1.73e+01   5.229s
 110000 +5.47284256e+05 +5.47234285e+05  5.00e+01   2.28e-05     1.73e+01   5.269s
 111000 +5.47284238e+05 +5.47235309e+05  4.89e+01   3.37e-05     1.73e+01   5.310s
 112000 +5.47284220e+05 +5.47234754e+05  4.95e+01   1.05e-04     1.73e+01   5.349s
 113000 +5.47284206e+05 +5.47234437e+05  4.98e+01   1.73e-04     1.73e+01   5.389s
 114000 +5.47284194e+05 +5.47235495e+05  4.87e+01   4.28e-04     1.72e+01   5.429s
 115000 +5.47284232e+05 +5.47246451e+05  3.78e+01   1.46e-03     1.61e+01   5.468s
 116000 +5.47284179e+05 +5.47249700e+05  3.45e+01   3.42e-04     1.59e+01   5.508s
 117000 +5.47284144e+05 +5.47232896e+05  5.12e+01   1.10e-03     1.60e+01   5.552s
 118000 +5.47284131e+05 +5.47255754e+05  2.84e+01   4.66e-04     1.66e+01   5.591s
 119000 +5.47284172e+05 +5.47234190e+05  5.00e+01   1.15e-03     1.63e+01   5.631s
 120000 +5.47284176e+05 +5.47253221e+05  3.10e+01   1.29e-03     1.54e+01   5.671s
 121000 +5.47284206e+05 +5.47256643e+05  2.76e+01   1.86e-03     1.28e+01   5.714s
 122000 +5.47285938e+05 +5.47270444e+05  1.55e+01   4.00e-02     1.19e+01   5.759s
 123000 +5.47286622e+05 +5.47288882e+05  2.26e+00   4.90e-02     1.10e+01   5.798s
 124000 +5.47288181e+05 +5.47279296e+05  8.89e+00   5.84e-02     1.01e+01   5.838s
 125000 +5.47288349e+05 +5.47270634e+05  1.77e+01   5.91e-02     8.80e+00   5.878s
 126000 +5.47290729e+05 +5.47270775e+05  2.00e+01   4.30e-02     7.76e+00   5.918s
 127000 +5.47289883e+05 +5.47281214e+05  8.67e+00   3.39e-02     6.27e+00   5.956s
 128000 +5.47290573e+05 +5.47272870e+05  1.77e+01   2.95e-02     3.97e+00   5.995s
 129000 +5.47290527e+05 +5.47282941e+05  7.59e+00   2.97e-02     2.51e+00   6.033s
LP Solver status:                Optimal
Primal objective:                +5.47290527e+05
Dual objective:                  +5.47282941e+05
Duality gap (abs/rel):           +7.59e+00 / +6.93e-06
Primal infeasibility (abs/rel):  +2.97e-02 / +6.90e-06
Dual infeasibility (abs/rel):    +2.51e+00 / +8.81e-05
PDLP finished
Status: Optimal   Objective: 5.47290527e+05  Iterations: 129000  Time: 6.013s, Total time 6.035s
Solve completed (status 1). Objective = 547290.526762. Solution written to results_pdlp_1e-06/relaxed_15_sol.txt
