Setting parameter method to 1
Setting parameter absolute_primal_tolerance to 1.000000e-06
Setting parameter time_limit to 1.800000e+02
Setting parameter save_best_primal_so_far to true
cuOpt version: 25.12.0, git hash: d97ff6b, host arch: x86_64, device archs: 70-real,75-real,80-real,86-real,90a-real,100f-real,120a-real,120
CPU: 13th Gen Intel(R) Core(TM) i9-13900K, threads (physical/logical): 24/32, RAM: 56.07 GiB
CUDA 12.9, device: NVIDIA GeForce RTX 4090 (ID 0), VRAM: 23.51 GiB
CUDA device UUID: ffffffac5e1cffffffb4-ffffffe33a-6134

Solving a problem with 3605 constraints, 3004 variables (0 integers), and 46661 nonzeros
Problem scaling:
Objective coefficents range:          [1e+00, 1e+00]
Constraint matrix coefficients range: [1e+00, 4e+03]
Constraint rhs / bounds range:        [1e+00, 4e+03]
Variable bounds range:                [0e+00, 2e+01]

Third-party presolve is disabled, skipping
Objective offset 0.000000 scaling_factor 1.000000
   Iter    Primal Obj.      Dual Obj.    Gap        Primal Res.  Dual Res.   Time
      0 +0.00000000e+00 +0.00000000e+00  0.00e+00   6.48e+00     5.48e+00   0.076s
   1000 +3.44523305e+00 +3.14092503e+00  3.04e-01   5.90e-01     6.28e-01   0.126s
   2000 +3.58280645e+00 +3.66214961e+00  7.93e-02   4.19e-01     2.85e-03   0.153s
   3000 +3.87939875e+00 +3.76165295e+00  1.18e-01   1.22e-01     1.47e-01   0.180s
   4000 +4.00033992e+00 +4.00759256e+00  7.25e-03   1.19e-04     4.64e-03   0.207s
   4200 +3.99996841e+00 +3.99955035e+00  4.18e-04   3.24e-05     2.75e-04   0.212s
LP Solver status:                Optimal
Primal objective:                +3.99996841e+00
Dual objective:                  +3.99955035e+00
Duality gap (abs/rel):           +4.18e-04 / +4.65e-05
Primal infeasibility (abs/rel):  +3.24e-05 / +1.15e-09
Dual infeasibility (abs/rel):    +2.75e-04 / +4.24e-05
PDLP finished
Status: Optimal   Objective: 3.99996841e+00  Iterations: 4200  Time: 0.192s, Total time 0.213s
Solve completed (status 1). Objective = 3.999968. Solution written to results_pdlp_1e-06/relaxed_19_sol.txt
