Setting parameter method to 1
Setting parameter absolute_primal_tolerance to 1.000000e-06
Setting parameter time_limit to 1.800000e+02
Setting parameter save_best_primal_so_far to true
cuOpt version: 25.12.0, git hash: d97ff6b, host arch: x86_64, device archs: 70-real,75-real,80-real,86-real,90a-real,100f-real,120a-real,120
CPU: 13th Gen Intel(R) Core(TM) i9-13900K, threads (physical/logical): 24/32, RAM: 56.04 GiB
CUDA 12.9, device: NVIDIA GeForce RTX 4090 (ID 0), VRAM: 23.51 GiB
CUDA device UUID: ffffffac5e1cffffffb4-ffffffe33a-6134

Solving a problem with 4520 constraints, 3560 variables (0 integers), and 14420 nonzeros
Problem scaling:
Objective coefficents range:          [5e+00, 3e+01]
Constraint matrix coefficients range: [9e-01, 1e+02]
Constraint rhs / bounds range:        [0e+00, 8e+01]
Variable bounds range:                [8e-01, 9e+01]

Third-party presolve is disabled, skipping
Objective offset 0.000000 scaling_factor 1.000000
   Iter    Primal Obj.      Dual Obj.    Gap        Primal Res.  Dual Res.   Time
      0 +0.00000000e+00 +0.00000000e+00  0.00e+00   1.63e+02     6.67e+02   0.150s
    410 +0.00000000e+00 +1.20321946e-17  1.20e-17   0.00e+00     5.12e-06   0.171s
LP Solver status:                Optimal
Primal objective:                +0.00000000e+00
Dual objective:                  +1.20321946e-17
Duality gap (abs/rel):           +1.20e-17 / +1.20e-17
Primal infeasibility (abs/rel):  +0.00e+00 / +0.00e+00
Dual infeasibility (abs/rel):    +5.12e-06 / +7.66e-09
PDLP finished
Status: Optimal   Objective: 0.00000000e+00  Iterations: 410  Time: 0.152s, Total time 0.172s
Solve completed (status 1). Objective = 0.000000. Solution written to results_pdlp_1e-06/relaxed_24_sol.txt
