Setting parameter method to 1
Setting parameter absolute_primal_tolerance to 1.000000e-06
Setting parameter time_limit to 1.800000e+02
Setting parameter save_best_primal_so_far to true
cuOpt version: 25.12.0, git hash: d97ff6b, host arch: x86_64, device archs: 70-real,75-real,80-real,86-real,90a-real,100f-real,120a-real,120
CPU: 13th Gen Intel(R) Core(TM) i9-13900K, threads (physical/logical): 24/32, RAM: 54.07 GiB
CUDA 12.9, device: NVIDIA GeForce RTX 4090 (ID 0), VRAM: 23.51 GiB
CUDA device UUID: ffffffac5e1cffffffb4-ffffffe33a-6134

Solving a problem with 878527 constraints, 1372839 variables (0 integers), and 4111594 nonzeros
Problem scaling:
Objective coefficents range:          [7e-13, 3e+06]
Constraint matrix coefficients range: [1e+00, 7e+03]
Constraint rhs / bounds range:        [1e+00, 5e+03]
Variable bounds range:                [1e+00, 5e+00]
Warning: input problem contains a large range of coefficients: consider reformulating to avoid numerical difficulties.

Third-party presolve is disabled, skipping
Objective offset 79287979.377139 scaling_factor 1.000000
   Iter    Primal Obj.      Dual Obj.    Gap        Primal Res.  Dual Res.   Time
      0 +7.92879794e+07 +7.92879794e+07  0.00e+00   8.42e+03     5.03e+07   1.553s
   1000 +1.23510499e+08 +1.25511417e+08  2.00e+06   8.61e+00     6.23e+05   1.988s
   2000 +1.23355498e+08 +1.24729909e+08  1.37e+06   1.88e+00     1.92e+05   2.313s
   3000 +1.23785927e+08 +1.24711476e+08  9.26e+05   5.34e-01     9.50e+04   2.680s
   4000 +1.24503155e+08 +1.24792406e+08  2.89e+05   2.53e-01     7.47e+04   3.031s
   5000 +1.24639044e+08 +1.24776602e+08  1.38e+05   1.01e-01     6.81e+04   3.371s
   6000 +1.24675121e+08 +1.24752667e+08  7.75e+04   4.31e-02     5.32e+04   3.695s
   7000 +1.24671087e+08 +1.24719759e+08  4.87e+04   3.39e-02     3.64e+04   4.028s
   8000 +1.24670718e+08 +1.24713826e+08  4.31e+04   5.28e-02     3.04e+04   4.372s
   9000 +1.24674203e+08 +1.24700404e+08  2.62e+04   2.28e-02     2.54e+04   4.718s
  10000 +1.24667877e+08 +1.24692411e+08  2.45e+04   1.74e-03     1.72e+04   5.053s
  11000 +1.24665514e+08 +1.24683786e+08  1.83e+04   1.08e-01     1.33e+04   5.382s
  12000 +1.24658574e+08 +1.24658199e+08  3.75e+02   9.63e-01     1.47e+02   5.738s
  12200 +1.24654633e+08 +1.24658342e+08  3.71e+03   7.19e-01     1.62e+02   5.806s
LP Solver status:                Optimal
Primal objective:                +1.24654633e+08
Dual objective:                  +1.24658342e+08
Duality gap (abs/rel):           +3.71e+03 / +1.49e-05
Primal infeasibility (abs/rel):  +7.19e-01 / +7.68e-05
Dual infeasibility (abs/rel):    +1.62e+02 / +3.22e-06
PDLP finished
Status: Optimal   Objective: 1.24654633e+08  Iterations: 12200  Time: 5.818s, Total time 5.843s
Solve completed (status 1). Objective = 124654632.874670. Solution written to results_pdlp_1e-06/relaxed_50_sol.txt
