Setting parameter method to 1
Setting parameter absolute_primal_tolerance to 1.000000e-06
Setting parameter time_limit to 1.800000e+02
Setting parameter save_best_primal_so_far to true
cuOpt version: 25.12.0, git hash: d97ff6b, host arch: x86_64, device archs: 70-real,75-real,80-real,86-real,90a-real,100f-real,120a-real,120
CPU: 13th Gen Intel(R) Core(TM) i9-13900K, threads (physical/logical): 24/32, RAM: 55.64 GiB
CUDA 12.9, device: NVIDIA GeForce RTX 4090 (ID 0), VRAM: 23.51 GiB
CUDA device UUID: ffffffac5e1cffffffb4-ffffffe33a-6134

Solving a problem with 5975 constraints, 8375 variables (0 integers), and 22675 nonzeros
Problem scaling:
Objective coefficents range:          [1e+00, 1e+00]
Constraint matrix coefficients range: [1e+00, 1e+00]
Constraint rhs / bounds range:        [1e+00, 1e+00]
Variable bounds range:                [0e+00, 1e+00]

Third-party presolve is disabled, skipping
Objective offset 1185.000000 scaling_factor 1.000000
   Iter    Primal Obj.      Dual Obj.    Gap        Primal Res.  Dual Res.   Time
      0 +1.18500000e+03 +1.18500000e+03  0.00e+00   3.43e+01     6.93e+01   0.126s
    620 +3.16000264e-05 +2.47320345e-05  6.87e-06   6.90e-05     2.33e-05   0.159s
LP Solver status:                Optimal
Primal objective:                +3.16000264e-05
Dual objective:                  +2.47320345e-05
Duality gap (abs/rel):           +6.87e-06 / +6.87e-06
Primal infeasibility (abs/rel):  +6.90e-05 / +1.38e-06
Dual infeasibility (abs/rel):    +2.33e-05 / +3.31e-07
PDLP finished
Status: Optimal   Objective: 3.16000264e-05  Iterations: 620  Time: 0.145s, Total time 0.160s
Solve completed (status 1). Objective = 0.000032. Solution written to results_pdlp_1e-06/relaxed_36_sol.txt
