Setting parameter method to 1
Setting parameter absolute_primal_tolerance to 1.000000e-06
Setting parameter time_limit to 1.800000e+02
Setting parameter save_best_primal_so_far to true
cuOpt version: 25.12.0, git hash: d97ff6b, host arch: x86_64, device archs: 70-real,75-real,80-real,86-real,90a-real,100f-real,120a-real,120
CPU: 13th Gen Intel(R) Core(TM) i9-13900K, threads (physical/logical): 24/32, RAM: 55.82 GiB
CUDA 12.9, device: NVIDIA GeForce RTX 4090 (ID 0), VRAM: 23.51 GiB
CUDA device UUID: ffffffac5e1cffffffb4-ffffffe33a-6134

Solving a problem with 194760 constraints, 23728 variables (0 integers), and 440750 nonzeros
Problem scaling:
Objective coefficents range:          [1e-04, 3e+00]
Constraint matrix coefficients range: [1e+00, 1e+02]
Constraint rhs / bounds range:        [0e+00, 8e+03]
Variable bounds range:                [0e+00, 1e+05]

Third-party presolve is disabled, skipping
Objective offset 0.000000 scaling_factor 1.000000
   Iter    Primal Obj.      Dual Obj.    Gap        Primal Res.  Dual Res.   Time
      0 +0.00000000e+00 +0.00000000e+00  0.00e+00   0.00e+00     7.82e+01   0.185s
   1000 -1.05593600e+03 -4.94705795e+02  5.61e+02   3.36e+03     3.11e-02   0.263s
   2000 -2.64144784e+03 -1.08189465e+03  1.56e+03   2.03e+04     3.01e-02   0.310s
   3000 -3.82961268e+03 -3.10916607e+03  7.20e+02   5.31e+04     1.41e-02   0.357s
   4000 -3.84199000e+03 -3.81746751e+03  2.45e+01   3.53e+04     4.72e-03   0.403s
   5000 -3.81163210e+03 -3.79760267e+03  1.40e+01   2.90e+04     4.04e-03   0.450s
   6000 -3.77332169e+03 -3.82285754e+03  4.95e+01   2.42e+04     1.97e-02   0.496s
   7000 -3.69367925e+03 -4.21947941e+03  5.26e+02   1.55e+04     1.42e-02   0.543s
   8000 -3.59190253e+03 -4.23213577e+03  6.40e+02   6.31e+03     9.93e-03   0.590s
   9000 -3.52227056e+03 -3.95798420e+03  4.36e+02   1.06e+03     5.68e-03   0.636s
  10000 -3.47179664e+03 -3.74555963e+03  2.74e+02   4.56e+03     4.86e-03   0.683s
  11000 -3.47536014e+03 -3.47583837e+03  4.78e-01   3.53e+03     3.95e-03   0.729s
  12000 -3.50256301e+03 -3.47060451e+03  3.20e+01   6.87e+02     1.23e-03   0.776s
  13000 -3.50299447e+03 -3.32301343e+03  1.80e+02   2.93e+02     2.74e-03   0.822s
  14000 -3.50612581e+03 -3.36947464e+03  1.37e+02   2.38e+02     4.39e-03   0.868s
  15000 -3.50749912e+03 -3.42341081e+03  8.41e+01   2.43e+02     2.26e-03   0.914s
  16000 -3.50736758e+03 -3.46475741e+03  4.26e+01   2.10e+02     1.39e-03   0.960s
  17000 -3.50758429e+03 -3.47452645e+03  3.31e+01   2.07e+02     2.76e-03   1.006s
  18000 -3.50757613e+03 -3.51132019e+03  3.74e+00   1.83e+02     2.21e-03   1.053s
  19000 -3.50711100e+03 -3.51975581e+03  1.26e+01   1.52e+02     1.94e-03   1.099s
  20000 -3.50662573e+03 -3.52235783e+03  1.57e+01   1.15e+02     1.31e-03   1.145s
  21000 -3.50613329e+03 -3.52428122e+03  1.81e+01   9.25e+01     9.39e-04   1.191s
  22000 -3.50580448e+03 -3.54476772e+03  3.90e+01   7.22e+01     3.18e-03   1.237s
  23000 -3.50563587e+03 -3.53324351e+03  2.76e+01   5.55e+01     4.92e-03   1.283s
  24000 -3.50536793e+03 -3.55273060e+03  4.74e+01   4.35e+01     1.79e-03   1.329s
  25000 -3.50499538e+03 -3.55278824e+03  4.78e+01   2.36e+01     3.11e-03   1.375s
  26000 -3.50485574e+03 -3.53690806e+03  3.21e+01   2.01e+01     9.87e-04   1.422s
  27000 -3.50476933e+03 -3.52456751e+03  1.98e+01   1.03e+01     1.37e-03   1.468s
  28000 -3.50476195e+03 -3.52107997e+03  1.63e+01   9.29e+00     1.40e-03   1.514s
  29000 -3.50475064e+03 -3.52203190e+03  1.73e+01   7.12e+00     1.44e-03   1.560s
  30000 -3.50470498e+03 -3.51817782e+03  1.35e+01   4.99e+00     8.17e-04   1.606s
  31000 -3.50469901e+03 -3.51363966e+03  8.94e+00   6.91e+00     6.64e-04   1.652s
  32000 -3.50470900e+03 -3.50999551e+03  5.29e+00   6.28e+00     3.23e-04   1.699s
  33000 -3.50470755e+03 -3.50727668e+03  2.57e+00   3.16e+00     9.34e-04   1.760s
  34000 -3.50470774e+03 -3.50630991e+03  1.60e+00   1.44e+00     1.04e-03   1.806s
  35000 -3.50470605e+03 -3.50864975e+03  3.94e+00   1.77e+00     3.70e-04   1.853s
  36000 -3.50469695e+03 -3.51010433e+03  5.41e+00   1.28e+00     2.71e-04   1.899s
  37000 -3.50468452e+03 -3.51054498e+03  5.86e+00   1.08e+00     1.51e-04   1.945s
  38000 -3.50466371e+03 -3.50921410e+03  4.55e+00   1.40e+00     7.97e-05   1.991s
  39000 -3.50465598e+03 -3.50652394e+03  1.87e+00   6.81e-01     6.44e-05   2.038s
  39600 -3.50466091e+03 -3.50508875e+03  4.28e-01   6.78e-01     7.74e-05   2.065s
LP Solver status:                Optimal
Primal objective:                -3.50466091e+03
Dual objective:                  -3.50508875e+03
Duality gap (abs/rel):           +4.28e-01 / +6.10e-05
Primal infeasibility (abs/rel):  +6.78e-01 / +1.64e-05
Dual infeasibility (abs/rel):    +7.74e-05 / +9.78e-07
PDLP finished
Status: Optimal   Objective: -3.50466091e+03  Iterations: 39600  Time: 2.058s, Total time 2.074s
Solve completed (status 1). Objective = -3504.660914. Solution written to results_pdlp_1e-06/relaxed_32_sol.txt
