Setting parameter method to 1
Setting parameter absolute_primal_tolerance to 1.000000e-06
Setting parameter time_limit to 1.800000e+02
Setting parameter save_best_primal_so_far to true
cuOpt version: 25.12.0, git hash: d97ff6b, host arch: x86_64, device archs: 70-real,75-real,80-real,86-real,90a-real,100f-real,120a-real,120
CPU: 13th Gen Intel(R) Core(TM) i9-13900K, threads (physical/logical): 24/32, RAM: 54.97 GiB
CUDA 12.9, device: NVIDIA GeForce RTX 4090 (ID 0), VRAM: 23.51 GiB
CUDA device UUID: ffffffac5e1cffffffb4-ffffffe33a-6134

Solving a problem with 27326 constraints, 989858 variables (0 integers), and 2933788 nonzeros
Problem scaling:
Objective coefficents range:          [2e+00, 2e+02]
Constraint matrix coefficients range: [1e+00, 1e+00]
Constraint rhs / bounds range:        [1e+00, 1e+00]
Variable bounds range:                [0e+00, 1e+00]

Third-party presolve is disabled, skipping
Objective offset 0.000000 scaling_factor 1.000000
   Iter    Primal Obj.      Dual Obj.    Gap        Primal Res.  Dual Res.   Time
      0 +0.00000000e+00 +0.00000000e+00  0.00e+00   6.32e+00     5.44e+04   0.317s
   1000 +5.01404317e+02 +5.15452333e+02  1.40e+01   2.28e-02     1.47e+01   0.529s
   2000 +5.00077727e+02 +5.06267827e+02  6.19e+00   2.35e-02     3.83e+00   0.672s
   3000 +5.01486424e+02 +5.04680646e+02  3.19e+00   1.74e-02     2.01e+00   0.816s
   4000 +5.02647415e+02 +5.03775164e+02  1.13e+00   2.05e-02     1.11e+00   0.959s
   5000 +5.02370005e+02 +5.03367943e+02  9.98e-01   2.09e-02     6.46e-01   1.102s
   6000 +5.02175557e+02 +5.03128582e+02  9.53e-01   1.73e-02     3.92e-01   1.246s
   7000 +5.02204465e+02 +5.03092843e+02  8.88e-01   1.18e-02     3.54e-01   1.389s
   8000 +5.02536868e+02 +5.03110948e+02  5.74e-01   8.56e-03     3.41e-01   1.532s
   9000 +5.02676144e+02 +5.03125802e+02  4.50e-01   6.80e-03     3.17e-01   1.675s
  10000 +5.02867033e+02 +5.03106827e+02  2.40e-01   7.68e-03     2.86e-01   1.818s
  11000 +5.02976692e+02 +5.03084415e+02  1.08e-01   6.87e-03     2.55e-01   1.959s
  12000 +5.03004622e+02 +5.03048347e+02  4.37e-02   5.47e-03     2.04e-01   2.099s
  13000 +5.02960927e+02 +5.03020255e+02  5.93e-02   3.71e-03     1.72e-01   2.240s
  14000 +5.02986270e+02 +5.03005492e+02  1.92e-02   2.60e-03     1.57e-01   2.380s
  15000 +5.03087762e+02 +5.02977528e+02  1.10e-01   3.51e-03     1.33e-01   2.520s
  16000 +5.03046134e+02 +5.02949569e+02  9.66e-02   5.26e-03     9.08e-02   2.661s
  17000 +5.03102772e+02 +5.02944152e+02  1.59e-01   5.69e-03     7.21e-02   2.801s
  18000 +5.03109530e+02 +5.02933109e+02  1.76e-01   4.79e-03     5.91e-02   2.941s
  19000 +5.03089338e+02 +5.02929877e+02  1.59e-01   3.72e-03     5.13e-02   3.082s
  20000 +5.03035546e+02 +5.02925118e+02  1.10e-01   3.42e-03     4.62e-02   3.222s
  21000 +5.02992764e+02 +5.02926911e+02  6.59e-02   3.08e-03     4.32e-02   3.362s
  22000 +5.02957860e+02 +5.02927811e+02  3.00e-02   2.73e-03     4.07e-02   3.503s
  23000 +5.02921403e+02 +5.02920363e+02  1.04e-03   2.50e-03     3.42e-02   3.643s
  24000 +5.02858960e+02 +5.02918458e+02  5.95e-02   2.68e-03     3.20e-02   3.784s
  25000 +5.02882529e+02 +5.02913916e+02  3.14e-02   3.02e-03     2.45e-02   3.924s
  26000 +5.02882112e+02 +5.02909838e+02  2.77e-02   2.43e-03     2.13e-02   4.064s
  27000 +5.02893691e+02 +5.02907153e+02  1.35e-02   2.05e-03     1.84e-02   4.205s
  28000 +5.02890127e+02 +5.02906494e+02  1.64e-02   1.80e-03     1.52e-02   4.345s
  29000 +5.02888047e+02 +5.02905204e+02  1.72e-02   1.24e-03     1.37e-02   4.486s
  30000 +5.02892602e+02 +5.02904887e+02  1.23e-02   8.84e-04     1.28e-02   4.626s
  31000 +5.02892387e+02 +5.02905077e+02  1.27e-02   6.61e-04     1.18e-02   4.766s
  32000 +5.02901025e+02 +5.02905179e+02  4.15e-03   7.02e-04     1.10e-02   4.908s
  33000 +5.02897866e+02 +5.02905620e+02  7.75e-03   6.79e-04     1.05e-02   5.048s
  34000 +5.02888830e+02 +5.02905226e+02  1.64e-02   7.15e-04     1.01e-02   5.189s
  35000 +5.02891599e+02 +5.02905086e+02  1.35e-02   7.22e-04     9.82e-03   5.329s
  36000 +5.02897924e+02 +5.02903511e+02  5.59e-03   1.50e-03     8.43e-03   5.470s
  37000 +5.02883422e+02 +5.02902496e+02  1.91e-02   2.71e-03     7.47e-03   5.610s
  38000 +5.02878042e+02 +5.02901589e+02  2.35e-02   2.98e-03     6.46e-03   5.750s
  39000 +5.02865642e+02 +5.02901001e+02  3.54e-02   2.61e-03     5.74e-03   5.891s
  40000 +5.02857897e+02 +5.02900746e+02  4.28e-02   2.40e-03     5.17e-03   6.031s
  41000 +5.02862729e+02 +5.02900639e+02  3.79e-02   2.32e-03     4.77e-03   6.171s
  42000 +5.02882280e+02 +5.02900479e+02  1.82e-02   2.02e-03     4.49e-03   6.312s
  43000 +5.02887170e+02 +5.02900379e+02  1.32e-02   1.47e-03     4.13e-03   6.452s
  44000 +5.02881998e+02 +5.02900492e+02  1.85e-02   1.44e-03     3.92e-03   6.593s
  45000 +5.02867558e+02 +5.02900403e+02  3.28e-02   1.27e-03     3.78e-03   6.733s
  46000 +5.02852703e+02 +5.02900409e+02  4.77e-02   1.37e-03     3.51e-03   6.874s
  47000 +5.02856771e+02 +5.02900361e+02  4.36e-02   1.35e-03     3.42e-03   7.014s
  48000 +5.02856693e+02 +5.02900330e+02  4.36e-02   1.44e-03     3.33e-03   7.155s
  49000 +5.02849656e+02 +5.02900274e+02  5.06e-02   1.53e-03     3.25e-03   7.295s
  50000 +5.02849585e+02 +5.02900245e+02  5.07e-02   1.59e-03     3.18e-03   7.436s
  51000 +5.02855052e+02 +5.02900129e+02  4.51e-02   1.60e-03     3.07e-03   7.576s
  52000 +5.02866268e+02 +5.02900047e+02  3.38e-02   1.65e-03     2.91e-03   7.716s
  53000 +5.02862738e+02 +5.02900006e+02  3.73e-02   1.63e-03     2.77e-03   7.857s
  54000 +5.02875836e+02 +5.02899964e+02  2.41e-02   1.60e-03     2.65e-03   7.997s
  55000 +5.02877296e+02 +5.02899962e+02  2.27e-02   1.49e-03     2.56e-03   8.138s
  56000 +5.02874587e+02 +5.02899913e+02  2.53e-02   1.28e-03     2.51e-03   8.278s
  57000 +5.02869776e+02 +5.02899836e+02  3.01e-02   1.06e-03     2.46e-03   8.418s
  58000 +5.02869677e+02 +5.02899809e+02  3.01e-02   8.69e-04     2.41e-03   8.559s
  59000 +5.02876580e+02 +5.02899803e+02  2.32e-02   6.96e-04     2.38e-03   8.699s
  59600 +5.02880299e+02 +5.02899831e+02  1.95e-02   6.10e-04     2.36e-03   8.783s
LP Solver status:                Optimal
Primal objective:                +5.02880299e+02
Dual objective:                  +5.02899831e+02
Duality gap (abs/rel):           +1.95e-02 / +1.94e-05
Primal infeasibility (abs/rel):  +6.10e-04 / +8.33e-05
Dual infeasibility (abs/rel):    +2.36e-03 / +4.34e-08
PDLP finished
Status: Optimal   Objective: 5.02880299e+02  Iterations: 59600  Time: 8.792s, Total time 8.804s
Solve completed (status 1). Objective = 502.880299. Solution written to results_pdlp_1e-06/relaxed_41_sol.txt
