Setting parameter method to 1
Setting parameter absolute_primal_tolerance to 1.000000e-06
Setting parameter time_limit to 1.800000e+02
Setting parameter save_best_primal_so_far to true
cuOpt version: 25.12.0, git hash: d97ff6b, host arch: x86_64, device archs: 70-real,75-real,80-real,86-real,90a-real,100f-real,120a-real,120
CPU: 13th Gen Intel(R) Core(TM) i9-13900K, threads (physical/logical): 24/32, RAM: 55.11 GiB
CUDA 12.9, device: NVIDIA GeForce RTX 4090 (ID 0), VRAM: 23.51 GiB
CUDA device UUID: ffffffac5e1cffffffb4-ffffffe33a-6134

Solving a problem with 194687 constraints, 142635 variables (0 integers), and 751844 nonzeros
Problem scaling:
Objective coefficents range:          [2e+00, 1e+05]
Constraint matrix coefficients range: [5e-03, 1e+03]
Constraint rhs / bounds range:        [8e-01, 7e+03]
Variable bounds range:                [2e-02, 4e+04]
Warning: input problem contains a large range of coefficients: consider reformulating to avoid numerical difficulties.

Third-party presolve is disabled, skipping
Objective offset 1138626859.394327 scaling_factor 1.000000
   Iter    Primal Obj.      Dual Obj.    Gap        Primal Res.  Dual Res.   Time
      0 +1.13862686e+09 +1.13862686e+09  0.00e+00   9.66e+03     4.98e+06   0.273s
   1000 +2.70736099e+07 +3.32528289e+07  6.18e+06   8.54e+01     9.38e+03   0.378s
   2000 +2.43106697e+07 +2.80461647e+07  3.74e+06   8.92e+01     2.61e+03   0.448s
   3000 +2.38088877e+07 +2.61951472e+07  2.39e+06   6.23e+01     7.07e+02   0.517s
   4000 +2.34319078e+07 +2.55286403e+07  2.10e+06   9.24e+01     4.74e+02   0.586s
   5000 +2.33270813e+07 +2.50502382e+07  1.72e+06   6.32e+01     2.67e+02   0.655s
   6000 +2.33862181e+07 +2.47101254e+07  1.32e+06   5.01e+01     1.70e+02   0.724s
   7000 +2.34860835e+07 +2.46293069e+07  1.14e+06   3.43e+01     1.24e+02   0.792s
   8000 +2.35722440e+07 +2.46159393e+07  1.04e+06   2.65e+01     8.96e+01   0.861s
   9000 +2.36629183e+07 +2.46206263e+07  9.58e+05   1.70e+01     7.36e+01   0.930s
  10000 +2.37573310e+07 +2.46195426e+07  8.62e+05   8.49e+00     9.42e+01   0.999s
  11000 +2.38842290e+07 +2.46468725e+07  7.63e+05   9.40e+00     8.96e+01   1.067s
  12000 +2.40043997e+07 +2.46680002e+07  6.64e+05   9.92e+00     8.87e+01   1.134s
  13000 +2.41096548e+07 +2.46823639e+07  5.73e+05   7.37e+00     8.62e+01   1.202s
  14000 +2.41914639e+07 +2.46881317e+07  4.97e+05   7.67e+00     7.95e+01   1.270s
  15000 +2.42822868e+07 +2.46869644e+07  4.05e+05   5.76e+00     1.18e+02   1.338s
  16000 +2.43743588e+07 +2.47005359e+07  3.26e+05   6.47e+00     1.09e+02   1.406s
  17000 +2.44448998e+07 +2.47082474e+07  2.63e+05   5.48e+00     9.19e+01   1.475s
  18000 +2.44892542e+07 +2.47129812e+07  2.24e+05   4.65e+00     8.18e+01   1.543s
  19000 +2.45162295e+07 +2.47192475e+07  2.03e+05   4.14e+00     7.35e+01   1.614s
  20000 +2.45303940e+07 +2.47224443e+07  1.92e+05   4.54e+00     6.88e+01   1.682s
  21000 +2.45443409e+07 +2.47261189e+07  1.82e+05   5.63e+00     6.32e+01   1.750s
  22000 +2.45550085e+07 +2.47304848e+07  1.75e+05   3.37e+00     5.99e+01   1.818s
  23000 +2.45625246e+07 +2.47287531e+07  1.66e+05   4.21e+00     6.29e+01   1.886s
  24000 +2.45681943e+07 +2.47373948e+07  1.69e+05   2.68e+00     7.00e+01   1.954s
  25000 +2.45770592e+07 +2.47490610e+07  1.72e+05   1.79e+00     7.37e+01   2.022s
  26000 +2.45877185e+07 +2.47594044e+07  1.72e+05   1.52e+00     7.61e+01   2.089s
  27000 +2.45973303e+07 +2.47666444e+07  1.69e+05   1.95e+00     7.79e+01   2.157s
  28000 +2.46086284e+07 +2.47723483e+07  1.64e+05   6.71e+00     7.93e+01   2.225s
  29000 +2.46173135e+07 +2.47763316e+07  1.59e+05   2.14e+00     8.14e+01   2.293s
  30000 +2.46251225e+07 +2.47805939e+07  1.55e+05   2.38e+00     7.51e+01   2.361s
  31000 +2.46325637e+07 +2.47851696e+07  1.53e+05   3.42e+00     7.40e+01   2.429s
  32000 +2.46399112e+07 +2.47887209e+07  1.49e+05   2.02e+00     7.31e+01   2.496s
  33000 +2.46457682e+07 +2.47943389e+07  1.49e+05   2.11e+00     6.99e+01   2.564s
  34000 +2.46502415e+07 +2.47984460e+07  1.48e+05   2.13e+00     6.53e+01   2.632s
  35000 +2.46575005e+07 +2.47970342e+07  1.40e+05   1.95e+00     5.89e+01   2.700s
  36000 +2.46562243e+07 +2.47823289e+07  1.26e+05   3.38e+00     5.21e+01   2.768s
  37000 +2.46593759e+07 +2.47821593e+07  1.23e+05   1.36e+00     5.48e+01   2.836s
  38000 +2.46622089e+07 +2.47871753e+07  1.25e+05   1.15e+00     5.80e+01   2.904s
  39000 +2.46633717e+07 +2.47941658e+07  1.31e+05   1.08e+00     5.96e+01   2.972s
  40000 +2.46650029e+07 +2.47992577e+07  1.34e+05   1.06e+00     6.12e+01   3.039s
  41000 +2.46688865e+07 +2.48045523e+07  1.36e+05   1.19e+00     6.28e+01   3.107s
  42000 +2.46722545e+07 +2.48101137e+07  1.38e+05   1.08e+00     6.44e+01   3.175s
  43000 +2.46764268e+07 +2.48127029e+07  1.36e+05   1.07e+00     6.62e+01   3.243s
  44000 +2.46799841e+07 +2.48165348e+07  1.37e+05   1.00e+00     6.75e+01   3.311s
  45000 +2.46837364e+07 +2.48210727e+07  1.37e+05   9.77e-01     6.87e+01   3.379s
  46000 +2.46885655e+07 +2.48254507e+07  1.37e+05   8.83e-01     6.79e+01   3.447s
  47000 +2.46937257e+07 +2.48292828e+07  1.36e+05   8.89e-01     6.90e+01   3.515s
  48000 +2.47024538e+07 +2.48315765e+07  1.29e+05   1.70e+00     7.15e+01   3.582s
  49000 +2.47068328e+07 +2.48332602e+07  1.26e+05   1.19e+00     6.79e+01   3.650s
  50000 +2.47104068e+07 +2.48348961e+07  1.24e+05   1.09e+00     6.67e+01   3.718s
  51000 +2.47141428e+07 +2.48371575e+07  1.23e+05   1.17e+00     6.38e+01   3.786s
  52000 +2.47160176e+07 +2.48402154e+07  1.24e+05   1.04e+00     6.59e+01   3.854s
  53000 +2.47196939e+07 +2.48439277e+07  1.24e+05   9.62e-01     6.43e+01   3.922s
  54000 +2.47223251e+07 +2.48486447e+07  1.26e+05   1.03e+00     6.19e+01   3.990s
  55000 +2.47243486e+07 +2.48489353e+07  1.25e+05   9.26e-01     6.17e+01   4.057s
  56000 +2.47271885e+07 +2.48448524e+07  1.18e+05   6.18e-01     6.18e+01   4.125s
  57000 +2.47286602e+07 +2.48486149e+07  1.20e+05   4.78e-01     6.36e+01   4.193s
  58000 +2.47304991e+07 +2.48532025e+07  1.23e+05   4.07e-01     6.58e+01   4.261s
  59000 +2.47319098e+07 +2.48584133e+07  1.27e+05   5.89e-01     6.79e+01   4.329s
  60000 +2.47320176e+07 +2.48630965e+07  1.31e+05   5.24e-01     6.89e+01   4.397s
  61000 +2.47328938e+07 +2.48618273e+07  1.29e+05   8.70e-01     6.58e+01   4.465s
  62000 +2.47332528e+07 +2.48635060e+07  1.30e+05   7.46e-01     6.52e+01   4.533s
  63000 +2.47335356e+07 +2.48656431e+07  1.32e+05   6.07e-01     6.56e+01   4.601s
  64000 +2.47341183e+07 +2.48684597e+07  1.34e+05   7.76e-01     6.66e+01   4.670s
  65000 +2.47346553e+07 +2.48718543e+07  1.37e+05   3.71e-01     6.67e+01   4.738s
  66000 +2.47351963e+07 +2.48746389e+07  1.39e+05   3.87e-01     6.61e+01   4.806s
  67000 +2.47360293e+07 +2.48773100e+07  1.41e+05   3.99e-01     6.84e+01   4.874s
  68000 +2.47375016e+07 +2.48799013e+07  1.42e+05   4.39e-01     6.92e+01   4.942s
  69000 +2.47387988e+07 +2.48794053e+07  1.41e+05   3.59e-01     6.73e+01   5.010s
  70000 +2.47402040e+07 +2.48785528e+07  1.38e+05   7.68e-01     6.74e+01   5.079s
  71000 +2.47415782e+07 +2.48785842e+07  1.37e+05   4.45e-01     6.89e+01   5.147s
  72000 +2.47428648e+07 +2.48799180e+07  1.37e+05   3.83e-01     6.89e+01   5.215s
  73000 +2.47444521e+07 +2.48806166e+07  1.36e+05   4.43e-01     6.96e+01   5.283s
  74000 +2.47462322e+07 +2.48811310e+07  1.35e+05   4.24e-01     6.93e+01   5.351s
  75000 +2.47476234e+07 +2.48814809e+07  1.34e+05   4.31e-01     6.76e+01   5.419s
  76000 +2.47493123e+07 +2.48816815e+07  1.32e+05   4.50e-01     6.73e+01   5.488s
  77000 +2.47510934e+07 +2.48821850e+07  1.31e+05   4.19e-01     6.71e+01   5.556s
  78000 +2.47525309e+07 +2.48824899e+07  1.30e+05   4.07e-01     6.67e+01   5.624s
  79000 +2.47545218e+07 +2.48829099e+07  1.28e+05   4.18e-01     6.62e+01   5.692s
  80000 +2.47562685e+07 +2.48830876e+07  1.27e+05   3.89e-01     6.38e+01   5.760s
  81000 +2.47575557e+07 +2.48827119e+07  1.25e+05   4.93e-01     6.22e+01   5.829s
  82000 +2.47591480e+07 +2.48823461e+07  1.23e+05   6.93e-01     6.17e+01   5.897s
  83000 +2.47602977e+07 +2.48799245e+07  1.20e+05   6.75e-01     6.02e+01   5.965s
  84000 +2.47614741e+07 +2.48770466e+07  1.16e+05   6.54e-01     5.58e+01   6.033s
  85000 +2.47625444e+07 +2.48754722e+07  1.13e+05   4.35e-01     5.18e+01   6.101s
  86000 +2.47633564e+07 +2.48744192e+07  1.11e+05   6.26e-01     4.84e+01   6.169s
  87000 +2.47644304e+07 +2.48617901e+07  9.74e+04   3.66e-01     4.10e+01   6.238s
  88000 +2.47650278e+07 +2.48596177e+07  9.46e+04   4.89e-01     3.48e+01   6.306s
  89000 +2.47656474e+07 +2.48582378e+07  9.26e+04   4.27e-01     3.21e+01   6.374s
  90000 +2.47663732e+07 +2.48581177e+07  9.17e+04   5.21e-01     3.09e+01   6.442s
  91000 +2.47670211e+07 +2.48585892e+07  9.16e+04   4.52e-01     2.97e+01   6.510s
  92000 +2.47678599e+07 +2.48582171e+07  9.04e+04   5.22e-01     2.91e+01   6.578s
  93000 +2.47687491e+07 +2.48561938e+07  8.74e+04   4.87e-01     2.62e+01   6.647s
  94000 +2.47711773e+07 +2.48557134e+07  8.45e+04   4.67e-01     2.50e+01   6.715s
  95000 +2.47758860e+07 +2.48563432e+07  8.05e+04   3.70e-01     3.47e+01   6.783s
  96000 +2.47796874e+07 +2.48605270e+07  8.08e+04   3.45e-01     4.22e+01   6.851s
  97000 +2.47844950e+07 +2.48642950e+07  7.98e+04   3.88e-01     4.72e+01   6.919s
  98000 +2.47885574e+07 +2.48654985e+07  7.69e+04   4.10e-01     5.17e+01   6.987s
  99000 +2.47937365e+07 +2.48653171e+07  7.16e+04   3.55e-01     5.50e+01   7.056s
 100000 +2.47982034e+07 +2.48648447e+07  6.66e+04   3.98e-01     5.61e+01   7.124s
 101000 +2.48030553e+07 +2.48642388e+07  6.12e+04   3.43e-01     5.41e+01   7.192s
 102000 +2.48074057e+07 +2.48624501e+07  5.50e+04   3.26e-01     5.16e+01   7.260s
 103000 +2.48107834e+07 +2.48603484e+07  4.96e+04   3.19e-01     4.82e+01   7.328s
 104000 +2.48133212e+07 +2.48595247e+07  4.62e+04   3.11e-01     4.50e+01   7.396s
 105000 +2.48153698e+07 +2.48588656e+07  4.35e+04   3.05e-01     4.28e+01   7.464s
 106000 +2.48168574e+07 +2.48586578e+07  4.18e+04   3.28e-01     4.00e+01   7.532s
 107000 +2.48180352e+07 +2.48576771e+07  3.96e+04   2.93e-01     3.85e+01   7.600s
 108000 +2.48189331e+07 +2.48567010e+07  3.78e+04   3.36e-01     3.60e+01   7.669s
 109000 +2.48199759e+07 +2.48546311e+07  3.47e+04   2.57e-01     3.41e+01   7.737s
 110000 +2.48215966e+07 +2.48538583e+07  3.23e+04   2.62e-01     3.55e+01   7.805s
 111000 +2.48230908e+07 +2.48540330e+07  3.09e+04   3.18e-01     3.55e+01   7.873s
 112000 +2.48242343e+07 +2.48543112e+07  3.01e+04   2.96e-01     3.55e+01   7.941s
 113000 +2.48251798e+07 +2.48541859e+07  2.90e+04   2.42e-01     3.53e+01   8.009s
 114000 +2.48257923e+07 +2.48550658e+07  2.93e+04   2.65e-01     2.54e+01   8.077s
 115000 +2.48265159e+07 +2.48546634e+07  2.81e+04   2.07e-01     2.43e+01   8.145s
 116000 +2.48271901e+07 +2.48531355e+07  2.59e+04   1.74e-01     2.07e+01   8.214s
 117000 +2.48276262e+07 +2.48524749e+07  2.48e+04   1.52e-01     2.02e+01   8.282s
 118000 +2.48279470e+07 +2.48518626e+07  2.39e+04   1.41e-01     1.89e+01   8.350s
 119000 +2.48280567e+07 +2.48515962e+07  2.35e+04   1.49e-01     1.81e+01   8.418s
 120000 +2.48281550e+07 +2.48512852e+07  2.31e+04   2.85e-01     1.73e+01   8.486s
 121000 +2.48282184e+07 +2.48509834e+07  2.28e+04   2.88e-01     1.63e+01   8.554s
 122000 +2.48281939e+07 +2.48511770e+07  2.30e+04   2.06e-01     1.60e+01   8.622s
 123000 +2.48282315e+07 +2.48512126e+07  2.30e+04   1.79e-01     1.61e+01   8.691s
 124000 +2.48283271e+07 +2.48509630e+07  2.26e+04   1.65e-01     1.55e+01   8.759s
 125000 +2.48285889e+07 +2.48512497e+07  2.27e+04   1.35e-01     1.48e+01   8.827s
 126000 +2.48287505e+07 +2.48513025e+07  2.26e+04   1.19e-01     1.42e+01   8.895s
 127000 +2.48290125e+07 +2.48511464e+07  2.21e+04   1.13e-01     1.48e+01   8.963s
 128000 +2.48293097e+07 +2.48513446e+07  2.20e+04   1.19e-01     1.46e+01   9.031s
 129000 +2.48296075e+07 +2.48503504e+07  2.07e+04   1.60e-01     1.51e+01   9.099s
 130000 +2.48297892e+07 +2.48506272e+07  2.08e+04   1.23e-01     1.50e+01   9.168s
 131000 +2.48299999e+07 +2.48507208e+07  2.07e+04   1.14e-01     1.48e+01   9.236s
 132000 +2.48300808e+07 +2.48509829e+07  2.09e+04   1.24e-01     1.49e+01   9.304s
 133000 +2.48301673e+07 +2.48514783e+07  2.13e+04   1.20e-01     1.45e+01   9.372s
 134000 +2.48302265e+07 +2.48518035e+07  2.16e+04   1.06e-01     1.40e+01   9.440s
 135000 +2.48303110e+07 +2.48515673e+07  2.13e+04   1.32e-01     1.40e+01   9.508s
 136000 +2.48304500e+07 +2.48518542e+07  2.14e+04   1.26e-01     1.39e+01   9.576s
 137000 +2.48306676e+07 +2.48521452e+07  2.15e+04   9.28e-02     1.30e+01   9.644s
 138000 +2.48308388e+07 +2.48523525e+07  2.15e+04   1.33e-01     1.30e+01   9.712s
 139000 +2.48309311e+07 +2.48526789e+07  2.17e+04   1.12e-01     1.28e+01   9.781s
 140000 +2.48311926e+07 +2.48527378e+07  2.15e+04   1.07e-01     1.28e+01   9.849s
 141000 +2.48311803e+07 +2.48527366e+07  2.16e+04   1.21e-01     1.26e+01   9.917s
 142000 +2.48312431e+07 +2.48528346e+07  2.16e+04   1.12e-01     1.26e+01   9.985s
 143000 +2.48313473e+07 +2.48527032e+07  2.14e+04   1.97e-01     1.31e+01   10.053s
 144000 +2.48313800e+07 +2.48527440e+07  2.14e+04   1.26e-01     1.31e+01   10.121s
 145000 +2.48312961e+07 +2.48535040e+07  2.22e+04   8.17e-02     1.29e+01   10.189s
 146000 +2.48313146e+07 +2.48535839e+07  2.23e+04   6.92e-02     1.29e+01   10.257s
 147000 +2.48312652e+07 +2.48532800e+07  2.20e+04   8.90e-02     1.29e+01   10.326s
 148000 +2.48312503e+07 +2.48531845e+07  2.19e+04   9.94e-02     1.28e+01   10.394s
 149000 +2.48313499e+07 +2.48533609e+07  2.20e+04   9.87e-02     1.25e+01   10.462s
 150000 +2.48314329e+07 +2.48532989e+07  2.19e+04   1.32e-01     1.20e+01   10.530s
 151000 +2.48315768e+07 +2.48532798e+07  2.17e+04   8.87e-02     1.21e+01   10.598s
 152000 +2.48317517e+07 +2.48535102e+07  2.18e+04   3.65e-01     1.20e+01   10.666s
 153000 +2.48316981e+07 +2.48526409e+07  2.09e+04   1.65e-01     1.17e+01   10.734s
 154000 +2.48315980e+07 +2.48524113e+07  2.08e+04   9.49e-02     1.17e+01   10.802s
 155000 +2.48314657e+07 +2.48526409e+07  2.12e+04   1.45e-01     1.14e+01   10.870s
 156000 +2.48312671e+07 +2.48526180e+07  2.14e+04   1.05e-01     1.16e+01   10.939s
 157000 +2.48310553e+07 +2.48523421e+07  2.13e+04   1.30e-01     1.17e+01   11.007s
 158000 +2.48309970e+07 +2.48523135e+07  2.13e+04   1.19e-01     1.12e+01   11.075s
 159000 +2.48309897e+07 +2.48522207e+07  2.12e+04   9.76e-02     1.09e+01   11.143s
 160000 +2.48309028e+07 +2.48519919e+07  2.11e+04   9.43e-02     1.06e+01   11.211s
 161000 +2.48309713e+07 +2.48521715e+07  2.12e+04   1.25e-01     1.10e+01   11.279s
 162000 +2.48310754e+07 +2.48514873e+07  2.04e+04   1.34e-01     9.89e+00   11.348s
 163000 +2.48310907e+07 +2.48510478e+07  2.00e+04   1.63e-01     9.31e+00   11.416s
 164000 +2.48311951e+07 +2.48510192e+07  1.98e+04   1.39e-01     9.00e+00   11.484s
 165000 +2.48313123e+07 +2.48509990e+07  1.97e+04   1.21e-01     8.82e+00   11.552s
 166000 +2.48314082e+07 +2.48508597e+07  1.95e+04   9.30e-02     8.73e+00   11.621s
 167000 +2.48315135e+07 +2.48509524e+07  1.94e+04   8.77e-02     8.62e+00   11.689s
 168000 +2.48316023e+07 +2.48510649e+07  1.95e+04   7.87e-02     8.51e+00   11.758s
 169000 +2.48317073e+07 +2.48510982e+07  1.94e+04   7.39e-02     8.59e+00   11.826s
 170000 +2.48318426e+07 +2.48510342e+07  1.92e+04   6.70e-02     8.36e+00   11.895s
 171000 +2.48318986e+07 +2.48509527e+07  1.91e+04   6.43e-02     8.22e+00   11.963s
 172000 +2.48320226e+07 +2.48510653e+07  1.90e+04   6.42e-02     8.16e+00   12.032s
 173000 +2.48321324e+07 +2.48510143e+07  1.89e+04   5.72e-02     8.24e+00   12.100s
 174000 +2.48322093e+07 +2.48507871e+07  1.86e+04   6.16e-02     7.85e+00   12.169s
 175000 +2.48322089e+07 +2.48504655e+07  1.83e+04   5.54e-02     7.47e+00   12.237s
 176000 +2.48322605e+07 +2.48502775e+07  1.80e+04   5.66e-02     7.17e+00   12.306s
 177000 +2.48322767e+07 +2.48501247e+07  1.78e+04   6.43e-02     6.80e+00   12.375s
 178000 +2.48322917e+07 +2.48500097e+07  1.77e+04   5.98e-02     6.50e+00   12.444s
 179000 +2.48322668e+07 +2.48500015e+07  1.77e+04   5.26e-02     6.20e+00   12.512s
 180000 +2.48324306e+07 +2.48501338e+07  1.77e+04   5.65e-02     6.02e+00   12.581s
 181000 +2.48325557e+07 +2.48499922e+07  1.74e+04   1.34e-01     5.86e+00   12.649s
 182000 +2.48326834e+07 +2.48498287e+07  1.71e+04   1.25e-01     5.58e+00   12.718s
 183000 +2.48326826e+07 +2.48494401e+07  1.68e+04   7.15e-02     5.47e+00   12.786s
 184000 +2.48328508e+07 +2.48493103e+07  1.65e+04   7.67e-02     5.32e+00   12.854s
 185000 +2.48329774e+07 +2.48496154e+07  1.66e+04   1.03e-01     5.13e+00   12.923s
 186000 +2.48330873e+07 +2.48496114e+07  1.65e+04   9.44e-02     4.99e+00   12.991s
 187000 +2.48331649e+07 +2.48496439e+07  1.65e+04   6.90e-02     4.80e+00   13.060s
 188000 +2.48333074e+07 +2.48496087e+07  1.63e+04   1.16e-01     4.81e+00   13.128s
 189000 +2.48334482e+07 +2.48495937e+07  1.61e+04   8.78e-02     4.49e+00   13.196s
 190000 +2.48336494e+07 +2.48493627e+07  1.57e+04   9.02e-02     4.41e+00   13.265s
 191000 +2.48337861e+07 +2.48491457e+07  1.54e+04   7.55e-02     4.23e+00   13.333s
 192000 +2.48339423e+07 +2.48492952e+07  1.54e+04   5.90e-02     4.25e+00   13.402s
 193000 +2.48340317e+07 +2.48489346e+07  1.49e+04   7.39e-02     4.41e+00   13.470s
 194000 +2.48341688e+07 +2.48488343e+07  1.47e+04   6.32e-02     3.83e+00   13.539s
 195000 +2.48343031e+07 +2.48488471e+07  1.45e+04   5.21e-02     3.60e+00   13.607s
 196000 +2.48345645e+07 +2.48488523e+07  1.43e+04   4.43e-02     4.06e+00   13.676s
 197000 +2.48348014e+07 +2.48491093e+07  1.43e+04   4.60e-02     4.03e+00   13.744s
 198000 +2.48350736e+07 +2.48493086e+07  1.42e+04   4.10e-02     4.04e+00   13.813s
 199000 +2.48352748e+07 +2.48493799e+07  1.41e+04   3.89e-02     4.20e+00   13.881s
 200000 +2.48355099e+07 +2.48495317e+07  1.40e+04   3.93e-02     4.48e+00   13.950s
 201000 +2.48357497e+07 +2.48497016e+07  1.40e+04   3.60e-02     4.75e+00   14.018s
 202000 +2.48360127e+07 +2.48497057e+07  1.37e+04   3.56e-02     5.15e+00   14.087s
 203000 +2.48362749e+07 +2.48498634e+07  1.36e+04   3.45e-02     5.41e+00   14.155s
 204000 +2.48365874e+07 +2.48499514e+07  1.34e+04   4.02e-02     5.65e+00   14.223s
 205000 +2.48368566e+07 +2.48500010e+07  1.31e+04   3.71e-02     6.02e+00   14.292s
 206000 +2.48371550e+07 +2.48499362e+07  1.28e+04   9.20e-02     6.21e+00   14.360s
 207000 +2.48374470e+07 +2.48498868e+07  1.24e+04   5.48e-02     6.30e+00   14.429s
 208000 +2.48378010e+07 +2.48499323e+07  1.21e+04   3.18e-02     6.53e+00   14.497s
 209000 +2.48380888e+07 +2.48500159e+07  1.19e+04   3.04e-02     6.61e+00   14.565s
 210000 +2.48384250e+07 +2.48502223e+07  1.18e+04   3.99e-02     6.78e+00   14.634s
 211000 +2.48387298e+07 +2.48502261e+07  1.15e+04   3.54e-02     6.89e+00   14.702s
 212000 +2.48390533e+07 +2.48502566e+07  1.12e+04   2.50e-02     6.99e+00   14.770s
 213000 +2.48393582e+07 +2.48505266e+07  1.12e+04   7.30e-02     7.35e+00   14.839s
 214000 +2.48396796e+07 +2.48508792e+07  1.12e+04   9.20e-02     7.93e+00   14.907s
 215000 +2.48400569e+07 +2.48508463e+07  1.08e+04   8.75e-02     7.79e+00   14.975s
 216000 +2.48403815e+07 +2.48509899e+07  1.06e+04   7.10e-02     7.84e+00   15.044s
 217000 +2.48407069e+07 +2.48511023e+07  1.04e+04   6.13e-02     7.96e+00   15.112s
 218000 +2.48410305e+07 +2.48511886e+07  1.02e+04   5.56e-02     8.11e+00   15.181s
 219000 +2.48413450e+07 +2.48511065e+07  9.76e+03   5.85e-02     8.21e+00   15.249s
 220000 +2.48416321e+07 +2.48511264e+07  9.49e+03   7.32e-02     8.28e+00   15.318s
 221000 +2.48418946e+07 +2.48511337e+07  9.24e+03   6.01e-02     8.41e+00   15.386s
 222000 +2.48421202e+07 +2.48507629e+07  8.64e+03   6.51e-02     7.83e+00   15.454s
 223000 +2.48422914e+07 +2.48501457e+07  7.85e+03   5.29e-02     7.68e+00   15.523s
 224000 +2.48424464e+07 +2.48500005e+07  7.55e+03   6.20e-02     7.49e+00   15.591s
 225000 +2.48426159e+07 +2.48499451e+07  7.33e+03   4.61e-02     7.46e+00   15.660s
 226000 +2.48427949e+07 +2.48499422e+07  7.15e+03   4.45e-02     7.45e+00   15.728s
 227000 +2.48429607e+07 +2.48499972e+07  7.04e+03   4.36e-02     7.47e+00   15.796s
 228000 +2.48431036e+07 +2.48500703e+07  6.97e+03   3.50e-02     7.37e+00   15.865s
 229000 +2.48432307e+07 +2.48499677e+07  6.74e+03   4.20e-02     7.13e+00   15.933s
 230000 +2.48433596e+07 +2.48499718e+07  6.61e+03   4.90e-02     6.96e+00   16.002s
 231000 +2.48434786e+07 +2.48499014e+07  6.42e+03   3.77e-02     6.91e+00   16.070s
 232000 +2.48435626e+07 +2.48498333e+07  6.27e+03   3.25e-02     6.82e+00   16.138s
 233000 +2.48436517e+07 +2.48497812e+07  6.13e+03   3.80e-02     6.81e+00   16.207s
 234000 +2.48437229e+07 +2.48496988e+07  5.98e+03   3.24e-02     6.77e+00   16.275s
 235000 +2.48437939e+07 +2.48496338e+07  5.84e+03   3.47e-02     6.87e+00   16.344s
 236000 +2.48438600e+07 +2.48496047e+07  5.74e+03   3.18e-02     6.76e+00   16.412s
 237000 +2.48439086e+07 +2.48495359e+07  5.63e+03   3.17e-02     6.79e+00   16.481s
 238000 +2.48439532e+07 +2.48495056e+07  5.55e+03   3.60e-02     6.84e+00   16.549s
 239000 +2.48439952e+07 +2.48495097e+07  5.51e+03   3.52e-02     6.77e+00   16.617s
 240000 +2.48440422e+07 +2.48494790e+07  5.44e+03   3.61e-02     6.89e+00   16.686s
 241000 +2.48441050e+07 +2.48494462e+07  5.34e+03   3.46e-02     6.94e+00   16.754s
 242000 +2.48441624e+07 +2.48493800e+07  5.22e+03   3.28e-02     6.96e+00   16.823s
 243000 +2.48442388e+07 +2.48493717e+07  5.13e+03   3.51e-02     6.93e+00   16.891s
 244000 +2.48443116e+07 +2.48493469e+07  5.04e+03   3.22e-02     6.86e+00   16.959s
 245000 +2.48443803e+07 +2.48493086e+07  4.93e+03   3.00e-02     6.93e+00   17.028s
LP Solver status:                Optimal
Primal objective:                +2.48443803e+07
Dual objective:                  +2.48493086e+07
Duality gap (abs/rel):           +4.93e+03 / +9.92e-05
Primal infeasibility (abs/rel):  +3.00e-02 / +7.90e-07
Dual infeasibility (abs/rel):    +6.93e+00 / +1.39e-06
PDLP finished
Status: Optimal   Objective: 2.48443803e+07  Iterations: 245000  Time: 17.023s, Total time 17.036s
Solve completed (status 1). Objective = 24844380.256709. Solution written to results_pdlp_1e-06/relaxed_42_sol.txt
