Setting parameter method to 1
Setting parameter absolute_primal_tolerance to 1.000000e-06
Setting parameter time_limit to 1.800000e+02
Setting parameter save_best_primal_so_far to true
cuOpt version: 25.12.0, git hash: d97ff6b, host arch: x86_64, device archs: 70-real,75-real,80-real,86-real,90a-real,100f-real,120a-real,120
CPU: 13th Gen Intel(R) Core(TM) i9-13900K, threads (physical/logical): 24/32, RAM: 56.00 GiB
CUDA 12.9, device: NVIDIA GeForce RTX 4090 (ID 0), VRAM: 23.51 GiB
CUDA device UUID: ffffffac5e1cffffffb4-ffffffe33a-6134

Solving a problem with 1630 constraints, 1360 variables (0 integers), and 5660 nonzeros
Problem scaling:
Objective coefficents range:          [1e+01, 1e+01]
Constraint matrix coefficients range: [3e-02, 4e+01]
Constraint rhs / bounds range:        [0e+00, 6e+01]
Variable bounds range:                [1e+00, 7e+01]

Third-party presolve is disabled, skipping
Objective offset 0.000000 scaling_factor 1.000000
   Iter    Primal Obj.      Dual Obj.    Gap        Primal Res.  Dual Res.   Time
      0 +0.00000000e+00 +0.00000000e+00  0.00e+00   1.01e+02     3.10e+02   0.132s
    410 +0.00000000e+00 +0.00000000e+00  0.00e+00   0.00e+00     7.13e-06   0.154s
LP Solver status:                Optimal
Primal objective:                +0.00000000e+00
Dual objective:                  +0.00000000e+00
Duality gap (abs/rel):           +0.00e+00 / +0.00e+00
Primal infeasibility (abs/rel):  +0.00e+00 / +0.00e+00
Dual infeasibility (abs/rel):    +7.13e-06 / +2.29e-08
PDLP finished
Status: Optimal   Objective: 0.00000000e+00  Iterations: 410  Time: 0.135s, Total time 0.155s
Solve completed (status 1). Objective = 0.000000. Solution written to results_pdlp_1e-06/relaxed_23_sol.txt
