Setting parameter method to 1
Setting parameter absolute_primal_tolerance to 1.000000e-06
Setting parameter time_limit to 1.800000e+02
Setting parameter save_best_primal_so_far to true
cuOpt version: 25.12.0, git hash: d97ff6b, host arch: x86_64, device archs: 70-real,75-real,80-real,86-real,90a-real,100f-real,120a-real,120
CPU: 13th Gen Intel(R) Core(TM) i9-13900K, threads (physical/logical): 24/32, RAM: 54.99 GiB
CUDA 12.9, device: NVIDIA GeForce RTX 4090 (ID 0), VRAM: 23.51 GiB
CUDA device UUID: ffffffac5e1cffffffb4-ffffffe33a-6134

Solving a problem with 1080 constraints, 1292 variables (0 integers), and 397275 nonzeros
Problem scaling:
Objective coefficents range:          [1e+00, 2e+02]
Constraint matrix coefficients range: [1e+00, 4e+02]
Constraint rhs / bounds range:        [1e+00, 4e+02]
Variable bounds range:                [0e+00, 1e+00]

Third-party presolve is disabled, skipping
Objective offset 12628.000000 scaling_factor 1.000000
   Iter    Primal Obj.      Dual Obj.    Gap        Primal Res.  Dual Res.   Time
      0 +1.26280000e+04 +1.26280000e+04  0.00e+00   1.80e+02     1.83e+03   0.045s
    450 -3.63797881e-12 -5.78079071e-05  5.78e-05   5.79e-05     2.55e-04   0.072s
LP Solver status:                Optimal
Primal objective:                -3.63797881e-12
Dual objective:                  -5.78079071e-05
Duality gap (abs/rel):           +5.78e-05 / +5.78e-05
Primal infeasibility (abs/rel):  +5.79e-05 / +1.02e-08
Dual infeasibility (abs/rel):    +2.55e-04 / +1.39e-07
PDLP finished
Status: Optimal   Objective: -3.63797881e-12  Iterations: 450  Time: 0.059s, Total time 0.073s
Solve completed (status 1). Objective = -0.000000. Solution written to results_pdlp_1e-06/relaxed_45_sol.txt
